********** 7/29/2016 8:40:24 PM **********
Exception Type: System.Web.HttpException
Exception: The file '/sp24dev/NSurveyAdmin/Survey2List.aspx' does not exist.
Source: HttpErro
Stack Trace: 
   at System.Web.UI.Util.CheckVirtualFileExists(VirtualPath virtualPath)
   at System.Web.Compilation.BuildManager.GetVPathBuildResultInternal(VirtualPath virtualPath, Boolean noBuild, Boolean allowCrossApp, Boolean allowBuildInPrecompile, Boolean throwIfNotFound, Boolean ensureIsUpToDate)
   at System.Web.Compilation.BuildManager.GetVPathBuildResultWithNoAssert(HttpContext context, VirtualPath virtualPath, Boolean noBuild, Boolean allowCrossApp, Boolean allowBuildInPrecompile, Boolean throwIfNotFound, Boolean ensureIsUpToDate)
   at System.Web.Compilation.BuildManager.GetVirtualPathObjectFactory(VirtualPath virtualPath, HttpContext context, Boolean allowCrossApp, Boolean throwIfNotFound)
   at System.Web.Compilation.BuildManager.CreateInstanceFromVirtualPath(VirtualPath virtualPath, Type requiredBaseType, HttpContext context, Boolean allowCrossApp)
   at System.Web.UI.PageHandlerFactory.GetHandlerHelper(HttpContext context, String requestType, VirtualPath virtualPath, String physicalPath)
   at System.Web.UI.PageHandlerFactory.GetHandler(HttpContext context, String requestType, String virtualPath, String path)
   at System.Web.HttpApplication.MaterializeHandlerExecutionStep.System.Web.HttpApplication.IExecutionStep.Execute()
   at System.Web.HttpApplication.ExecuteStep(IExecutionStep step, Boolean& completedSynchronously)

********** 1/25/2017 3:21:40 PM **********
Inner Exception Type: System.Data.StrongTypingException
Inner Exception: Cannot get value because it is DBNull.
Inner Source: Votations.NSurvey.BE
Inner Stack Trace: 
   at Votations.NSurvey.Data.VoterAnswersData.VotersRow.get_ResumeAtPageNumber() in D:\02_Programming\_GitHubRepository\sp_main_public\Reflector\Nsurvey_BE\Votations.NSurvey.Data\VoterAnswersData.cs:line 1213
   at Votations.NSurvey.WebControls.SurveyBox.ResumeSession(String resumeUId) in D:\02_Programming\_GitHubRepository\sp_main_public\Reflector\Nsurvey_WebControls\Votations.NSurvey.WebControls\SurveyBox.cs:line 1549
   at Votations.NSurvey.WebControls.SurveyBox.OnResumeUIdSubmit(Object sender, EventArgs e) in D:\02_Programming\_GitHubRepository\sp_main_public\Reflector\Nsurvey_WebControls\Votations.NSurvey.WebControls\SurveyBox.cs:line 1287
   at System.Web.UI.WebControls.Button.OnClick(EventArgs e)
   at System.Web.UI.WebControls.Button.RaisePostBackEvent(String eventArgument)
   at System.Web.UI.WebControls.Button.System.Web.UI.IPostBackEventHandler.RaisePostBackEvent(String eventArgument)
   at System.Web.UI.Page.RaisePostBackEvent(IPostBackEventHandler sourceControl, String eventArgument)
   at System.Web.UI.Page.RaisePostBackEvent(NameValueCollection postData)
   at System.Web.UI.Page.ProcessRequestMain(Boolean includeStagesBeforeAsyncPoint, Boolean includeStagesAfterAsyncPoint)
Exception Type: System.Web.HttpUnhandledException
Exception: Exception of type 'System.Web.HttpUnhandledException' was thrown.
Source: DefaultPage
Stack Trace: 
   at System.Web.UI.Page.HandleError(Exception e)
   at System.Web.UI.Page.ProcessRequestMain(Boolean includeStagesBeforeAsyncPoint, Boolean includeStagesAfterAsyncPoint)
   at System.Web.UI.Page.ProcessRequest(Boolean includeStagesBeforeAsyncPoint, Boolean includeStagesAfterAsyncPoint)
   at System.Web.UI.Page.ProcessRequest()
   at System.Web.UI.Page.ProcessRequestWithNoAssert(HttpContext context)
   at System.Web.UI.Page.ProcessRequest(HttpContext context)
   at ASP.nsurveyadmin_takesurvey_aspx.ProcessRequest(HttpContext context) in c:\Windows\Microsoft.NET\Framework\v4.0.30319\Temporary ASP.NET Files\sp24dev\77b6fa2b\7bba862c\App_Web_tqmkdqcp.3.cs:line 0
   at System.Web.HttpApplication.CallHandlerExecutionStep.System.Web.HttpApplication.IExecutionStep.Execute()
   at System.Web.HttpApplication.ExecuteStep(IExecutionStep step, Boolean& completedSynchronously)

********** 1/25/2017 3:24:17 PM **********
Inner Exception Type: System.Data.StrongTypingException
Inner Exception: Cannot get value because it is DBNull.
Inner Source: Votations.NSurvey.BE
Inner Stack Trace: 
   at Votations.NSurvey.Data.VoterAnswersData.VotersRow.get_ResumeQuestionNumber() in D:\02_Programming\_GitHubRepository\sp_main_public\Reflector\Nsurvey_BE\Votations.NSurvey.Data\VoterAnswersData.cs:line 1255
   at Votations.NSurvey.WebControls.SurveyBox.ResumeSession(String resumeUId) in D:\02_Programming\_GitHubRepository\sp_main_public\Reflector\Nsurvey_WebControls\Votations.NSurvey.WebControls\SurveyBox.cs:line 1550
   at Votations.NSurvey.WebControls.SurveyBox.OnResumeUIdSubmit(Object sender, EventArgs e) in D:\02_Programming\_GitHubRepository\sp_main_public\Reflector\Nsurvey_WebControls\Votations.NSurvey.WebControls\SurveyBox.cs:line 1287
   at System.Web.UI.WebControls.Button.OnClick(EventArgs e)
   at System.Web.UI.WebControls.Button.RaisePostBackEvent(String eventArgument)
   at System.Web.UI.WebControls.Button.System.Web.UI.IPostBackEventHandler.RaisePostBackEvent(String eventArgument)
   at System.Web.UI.Page.RaisePostBackEvent(IPostBackEventHandler sourceControl, String eventArgument)
   at System.Web.UI.Page.RaisePostBackEvent(NameValueCollection postData)
   at System.Web.UI.Page.ProcessRequestMain(Boolean includeStagesBeforeAsyncPoint, Boolean includeStagesAfterAsyncPoint)
Exception Type: System.Web.HttpUnhandledException
Exception: Exception of type 'System.Web.HttpUnhandledException' was thrown.
Source: DefaultPage
Stack Trace: 
   at System.Web.UI.Page.HandleError(Exception e)
   at System.Web.UI.Page.ProcessRequestMain(Boolean includeStagesBeforeAsyncPoint, Boolean includeStagesAfterAsyncPoint)
   at System.Web.UI.Page.ProcessRequest(Boolean includeStagesBeforeAsyncPoint, Boolean includeStagesAfterAsyncPoint)
   at System.Web.UI.Page.ProcessRequest()
   at System.Web.UI.Page.ProcessRequestWithNoAssert(HttpContext context)
   at System.Web.UI.Page.ProcessRequest(HttpContext context)
   at ASP.nsurveyadmin_takesurvey_aspx.ProcessRequest(HttpContext context) in c:\Windows\Microsoft.NET\Framework\v4.0.30319\Temporary ASP.NET Files\sp24dev\77b6fa2b\7bba862c\App_Web_tqmkdqcp.3.cs:line 0
   at System.Web.HttpApplication.CallHandlerExecutionStep.System.Web.HttpApplication.IExecutionStep.Execute()
   at System.Web.HttpApplication.ExecuteStep(IExecutionStep step, Boolean& completedSynchronously)

********** 2/4/2017 2:44:54 PM **********
Inner Exception Type: System.IndexOutOfRangeException
Inner Exception: There is no row at position 0.
Inner Source: System.Data
Inner Stack Trace: 
   at System.Data.RBTree`1.GetNodeByIndex(Int32 userIndex)
   at System.Data.DataRowCollection.get_Item(Int32 index)
   at Votations.NSurvey.Data.AnswerData.AnswersDataTable.get_Item(Int32 index) in D:\02_Programming\_GitHubRepository\sp_main_public\Reflector\Nsurvey_BE\Votations.NSurvey.Data\AnswerData.Designer.cs:line 709
   at Votations.NSurvey.WebAdmin.UserControls.AnswerOptionControl.SetExtendedProperties() in D:\02_Programming\_GitHubRepository\sp_main_public\SurveyWAP\NSurveyAdmin\UserControls\AnswerOptionControl.ascx.cs:line 616
   at Votations.NSurvey.WebAdmin.UserControls.AnswerOptionControl.SetUIState(Int32 typeMode, Boolean resetValues) in D:\02_Programming\_GitHubRepository\sp_main_public\SurveyWAP\NSurveyAdmin\UserControls\AnswerOptionControl.ascx.cs:line 597
   at Votations.NSurvey.WebAdmin.UserControls.AnswerOptionControl.AnswerTypeDropDownList_SelectedIndexChanged(Object sender, EventArgs e) in D:\02_Programming\_GitHubRepository\sp_main_public\SurveyWAP\NSurveyAdmin\UserControls\AnswerOptionControl.ascx.cs:line 802
   at System.Web.UI.WebControls.ListControl.OnSelectedIndexChanged(EventArgs e)
   at System.Web.UI.WebControls.DropDownList.RaisePostDataChangedEvent()
   at System.Web.UI.WebControls.DropDownList.System.Web.UI.IPostBackDataHandler.RaisePostDataChangedEvent()
   at System.Web.UI.Page.RaiseChangedEvents()
   at System.Web.UI.Page.ProcessRequestMain(Boolean includeStagesBeforeAsyncPoint, Boolean includeStagesAfterAsyncPoint)
Exception Type: System.Web.HttpUnhandledException
Exception: Exception of type 'System.Web.HttpUnhandledException' was thrown.
Source: DefaultPage
Stack Trace: 
   at System.Web.UI.Page.HandleError(Exception e)
   at System.Web.UI.Page.ProcessRequestMain(Boolean includeStagesBeforeAsyncPoint, Boolean includeStagesAfterAsyncPoint)
   at System.Web.UI.Page.ProcessRequest(Boolean includeStagesBeforeAsyncPoint, Boolean includeStagesAfterAsyncPoint)
   at System.Web.UI.Page.ProcessRequest()
   at System.Web.UI.Page.ProcessRequestWithNoAssert(HttpContext context)
   at System.Web.UI.Page.ProcessRequest(HttpContext context)
   at ASP.nsurveyadmin_editsinglequestionanswers_aspx.ProcessRequest(HttpContext context) in c:\Windows\Microsoft.NET\Framework\v4.0.30319\Temporary ASP.NET Files\sp24dev\77b6fa2b\7bba862c\App_Web_bkqag243.8.cs:line 0
   at System.Web.HttpApplication.CallHandlerExecutionStep.System.Web.HttpApplication.IExecutionStep.Execute()
   at System.Web.HttpApplication.ExecuteStep(IExecutionStep step, Boolean& completedSynchronously)

********** 2/5/2017 11:17:08 AM **********
Inner Exception Type: System.IndexOutOfRangeException
Inner Exception: There is no row at position 0.
Inner Source: System.Data
Inner Stack Trace: 
   at System.Data.RBTree`1.GetNodeByIndex(Int32 userIndex)
   at System.Data.DataRowCollection.get_Item(Int32 index)
   at Votations.NSurvey.Data.AnswerTypeData.AnswerTypesDataTable.get_Item(Int32 index) in D:\02_Programming\_GitHubRepository\sp_main_public\Reflector\Nsurvey_BE\Votations.NSurvey.Data\AnswerTypeData.cs:line 429
   at Votations.NSurvey.WebAdmin.UserControls.AnswerOptionControl.Page_Load(Object sender, EventArgs e) in D:\02_Programming\_GitHubRepository\sp_main_public\SurveyWAP\NSurveyAdmin\UserControls\AnswerOptionControl.ascx.cs:line 206
   at System.Web.UI.Control.OnLoad(EventArgs e)
   at System.Web.UI.Control.LoadRecursive()
   at System.Web.UI.Control.LoadRecursive()
   at System.Web.UI.Control.LoadRecursive()
   at System.Web.UI.Control.LoadRecursive()
   at System.Web.UI.Control.LoadRecursive()
   at System.Web.UI.Control.LoadRecursive()
   at System.Web.UI.Control.LoadRecursive()
   at System.Web.UI.Page.ProcessRequestMain(Boolean includeStagesBeforeAsyncPoint, Boolean includeStagesAfterAsyncPoint)
Exception Type: System.Web.HttpUnhandledException
Exception: Exception of type 'System.Web.HttpUnhandledException' was thrown.
Source: DefaultPage
Stack Trace: 
   at System.Web.UI.Page.HandleError(Exception e)
   at System.Web.UI.Page.ProcessRequestMain(Boolean includeStagesBeforeAsyncPoint, Boolean includeStagesAfterAsyncPoint)
   at System.Web.UI.Page.ProcessRequest(Boolean includeStagesBeforeAsyncPoint, Boolean includeStagesAfterAsyncPoint)
   at System.Web.UI.Page.ProcessRequest()
   at System.Web.UI.Page.ProcessRequestWithNoAssert(HttpContext context)
   at System.Web.UI.Page.ProcessRequest(HttpContext context)
   at ASP.nsurveyadmin_editsinglequestionanswers_aspx.ProcessRequest(HttpContext context) in c:\Windows\Microsoft.NET\Framework\v4.0.30319\Temporary ASP.NET Files\sp24dev\77b6fa2b\7bba862c\App_Web_eq0to3zt.3.cs:line 0
   at System.Web.HttpApplication.CallHandlerExecutionStep.System.Web.HttpApplication.IExecutionStep.Execute()
   at System.Web.HttpApplication.ExecuteStep(IExecutionStep step, Boolean& completedSynchronously)

********** 2/5/2017 11:24:05 AM **********
Inner Exception Type: System.IndexOutOfRangeException
Inner Exception: There is no row at position 0.
Inner Source: System.Data
Inner Stack Trace: 
   at System.Data.RBTree`1.GetNodeByIndex(Int32 userIndex)
   at System.Data.DataRowCollection.get_Item(Int32 index)
   at Votations.NSurvey.Data.AnswerTypeData.AnswerTypesDataTable.get_Item(Int32 index) in D:\02_Programming\_GitHubRepository\sp_main_public\Reflector\Nsurvey_BE\Votations.NSurvey.Data\AnswerTypeData.cs:line 429
   at Votations.NSurvey.WebAdmin.UserControls.AnswerOptionControl.Page_Load(Object sender, EventArgs e) in D:\02_Programming\_GitHubRepository\sp_main_public\SurveyWAP\NSurveyAdmin\UserControls\AnswerOptionControl.ascx.cs:line 207
   at System.Web.UI.Control.OnLoad(EventArgs e)
   at System.Web.UI.Control.LoadRecursive()
   at System.Web.UI.Control.LoadRecursive()
   at System.Web.UI.Control.LoadRecursive()
   at System.Web.UI.Control.LoadRecursive()
   at System.Web.UI.Control.LoadRecursive()
   at System.Web.UI.Control.LoadRecursive()
   at System.Web.UI.Control.LoadRecursive()
   at System.Web.UI.Page.ProcessRequestMain(Boolean includeStagesBeforeAsyncPoint, Boolean includeStagesAfterAsyncPoint)
Exception Type: System.Web.HttpUnhandledException
Exception: Exception of type 'System.Web.HttpUnhandledException' was thrown.
Source: DefaultPage
Stack Trace: 
   at System.Web.UI.Page.HandleError(Exception e)
   at System.Web.UI.Page.ProcessRequestMain(Boolean includeStagesBeforeAsyncPoint, Boolean includeStagesAfterAsyncPoint)
   at System.Web.UI.Page.ProcessRequest(Boolean includeStagesBeforeAsyncPoint, Boolean includeStagesAfterAsyncPoint)
   at System.Web.UI.Page.ProcessRequest()
   at System.Web.UI.Page.ProcessRequestWithNoAssert(HttpContext context)
   at System.Web.UI.Page.ProcessRequest(HttpContext context)
   at ASP.nsurveyadmin_editsinglequestionanswers_aspx.ProcessRequest(HttpContext context) in c:\Windows\Microsoft.NET\Framework\v4.0.30319\Temporary ASP.NET Files\sp24dev\77b6fa2b\7bba862c\App_Web_p2u2qv4p.1.cs:line 0
   at System.Web.HttpApplication.CallHandlerExecutionStep.System.Web.HttpApplication.IExecutionStep.Execute()
   at System.Web.HttpApplication.ExecuteStep(IExecutionStep step, Boolean& completedSynchronously)

********** 2/5/2017 11:25:05 AM **********
Inner Exception Type: System.IndexOutOfRangeException
Inner Exception: There is no row at position 0.
Inner Source: System.Data
Inner Stack Trace: 
   at System.Data.RBTree`1.GetNodeByIndex(Int32 userIndex)
   at System.Data.DataRowCollection.get_Item(Int32 index)
   at Votations.NSurvey.Data.AnswerTypeData.AnswerTypesDataTable.get_Item(Int32 index) in D:\02_Programming\_GitHubRepository\sp_main_public\Reflector\Nsurvey_BE\Votations.NSurvey.Data\AnswerTypeData.cs:line 429
   at Votations.NSurvey.WebAdmin.UserControls.AnswerOptionControl.Page_Load(Object sender, EventArgs e) in D:\02_Programming\_GitHubRepository\sp_main_public\SurveyWAP\NSurveyAdmin\UserControls\AnswerOptionControl.ascx.cs:line 207
   at System.Web.UI.Control.OnLoad(EventArgs e)
   at System.Web.UI.Control.LoadRecursive()
   at System.Web.UI.Control.LoadRecursive()
   at System.Web.UI.Control.LoadRecursive()
   at System.Web.UI.Control.LoadRecursive()
   at System.Web.UI.Control.LoadRecursive()
   at System.Web.UI.Control.LoadRecursive()
   at System.Web.UI.Control.LoadRecursive()
   at System.Web.UI.Page.ProcessRequestMain(Boolean includeStagesBeforeAsyncPoint, Boolean includeStagesAfterAsyncPoint)
Exception Type: System.Web.HttpUnhandledException
Exception: Exception of type 'System.Web.HttpUnhandledException' was thrown.
Source: DefaultPage
Stack Trace: 
   at System.Web.UI.Page.HandleError(Exception e)
   at System.Web.UI.Page.ProcessRequestMain(Boolean includeStagesBeforeAsyncPoint, Boolean includeStagesAfterAsyncPoint)
   at System.Web.UI.Page.ProcessRequest(Boolean includeStagesBeforeAsyncPoint, Boolean includeStagesAfterAsyncPoint)
   at System.Web.UI.Page.ProcessRequest()
   at System.Web.UI.Page.ProcessRequestWithNoAssert(HttpContext context)
   at System.Web.UI.Page.ProcessRequest(HttpContext context)
   at ASP.nsurveyadmin_editsinglequestionanswers_aspx.ProcessRequest(HttpContext context) in c:\Windows\Microsoft.NET\Framework\v4.0.30319\Temporary ASP.NET Files\sp24dev\77b6fa2b\7bba862c\App_Web_p2u2qv4p.1.cs:line 0
   at System.Web.HttpApplication.CallHandlerExecutionStep.System.Web.HttpApplication.IExecutionStep.Execute()
   at System.Web.HttpApplication.ExecuteStep(IExecutionStep step, Boolean& completedSynchronously)

********** 2/5/2017 12:45:52 PM **********
Inner Exception Type: System.IndexOutOfRangeException
Inner Exception: There is no row at position 0.
Inner Source: System.Data
Inner Stack Trace: 
   at System.Data.RBTree`1.GetNodeByIndex(Int32 userIndex)
   at System.Data.DataRowCollection.get_Item(Int32 index)
   at Votations.NSurvey.Data.AnswerData.AnswersDataTable.get_Item(Int32 index) in D:\02_Programming\_GitHubRepository\sp_main_public\Reflector\Nsurvey_BE\Votations.NSurvey.Data\AnswerData.Designer.cs:line 709
   at Votations.NSurvey.WebAdmin.UserControls.AnswerOptionControl.BindFields() in D:\02_Programming\_GitHubRepository\sp_main_public\SurveyWAP\NSurveyAdmin\UserControls\AnswerOptionControl.ascx.cs:line 452
   at Votations.NSurvey.WebAdmin.UserControls.AnswerOptionControl.SwitchToEditionMode() in D:\02_Programming\_GitHubRepository\sp_main_public\SurveyWAP\NSurveyAdmin\UserControls\AnswerOptionControl.ascx.cs:line 442
   at Votations.NSurvey.WebAdmin.UserControls.AnswerOptionControl.Page_Load(Object sender, EventArgs e) in D:\02_Programming\_GitHubRepository\sp_main_public\SurveyWAP\NSurveyAdmin\UserControls\AnswerOptionControl.ascx.cs:line 206
   at System.Web.UI.Control.OnLoad(EventArgs e)
   at System.Web.UI.Control.LoadRecursive()
   at System.Web.UI.Control.LoadRecursive()
   at System.Web.UI.Control.LoadRecursive()
   at System.Web.UI.Control.LoadRecursive()
   at System.Web.UI.Control.LoadRecursive()
   at System.Web.UI.Control.LoadRecursive()
   at System.Web.UI.Control.LoadRecursive()
   at System.Web.UI.Page.ProcessRequestMain(Boolean includeStagesBeforeAsyncPoint, Boolean includeStagesAfterAsyncPoint)
Exception Type: System.Web.HttpUnhandledException
Exception: Exception of type 'System.Web.HttpUnhandledException' was thrown.
Source: DefaultPage
Stack Trace: 
   at System.Web.UI.Page.HandleError(Exception e)
   at System.Web.UI.Page.ProcessRequestMain(Boolean includeStagesBeforeAsyncPoint, Boolean includeStagesAfterAsyncPoint)
   at System.Web.UI.Page.ProcessRequest(Boolean includeStagesBeforeAsyncPoint, Boolean includeStagesAfterAsyncPoint)
   at System.Web.UI.Page.ProcessRequest()
   at System.Web.UI.Page.ProcessRequestWithNoAssert(HttpContext context)
   at System.Web.UI.Page.ProcessRequest(HttpContext context)
   at ASP.nsurveyadmin_editsinglequestionanswers_aspx.ProcessRequest(HttpContext context) in c:\Windows\Microsoft.NET\Framework\v4.0.30319\Temporary ASP.NET Files\sp24dev\77b6fa2b\7bba862c\App_Web_qbkldzox.9.cs:line 0
   at System.Web.HttpApplication.CallHandlerExecutionStep.System.Web.HttpApplication.IExecutionStep.Execute()
   at System.Web.HttpApplication.ExecuteStep(IExecutionStep step, Boolean& completedSynchronously)

********** 2/5/2017 12:46:05 PM **********
Inner Exception Type: System.IndexOutOfRangeException
Inner Exception: There is no row at position 0.
Inner Source: System.Data
Inner Stack Trace: 
   at System.Data.RBTree`1.GetNodeByIndex(Int32 userIndex)
   at System.Data.DataRowCollection.get_Item(Int32 index)
   at Votations.NSurvey.Data.AnswerData.AnswersDataTable.get_Item(Int32 index) in D:\02_Programming\_GitHubRepository\sp_main_public\Reflector\Nsurvey_BE\Votations.NSurvey.Data\AnswerData.Designer.cs:line 709
   at Votations.NSurvey.WebAdmin.UserControls.AnswerOptionControl.BindFields() in D:\02_Programming\_GitHubRepository\sp_main_public\SurveyWAP\NSurveyAdmin\UserControls\AnswerOptionControl.ascx.cs:line 452
   at Votations.NSurvey.WebAdmin.UserControls.AnswerOptionControl.SwitchToEditionMode() in D:\02_Programming\_GitHubRepository\sp_main_public\SurveyWAP\NSurveyAdmin\UserControls\AnswerOptionControl.ascx.cs:line 442
   at Votations.NSurvey.WebAdmin.UserControls.AnswerOptionControl.Page_Load(Object sender, EventArgs e) in D:\02_Programming\_GitHubRepository\sp_main_public\SurveyWAP\NSurveyAdmin\UserControls\AnswerOptionControl.ascx.cs:line 206
   at System.Web.UI.Control.OnLoad(EventArgs e)
   at System.Web.UI.Control.LoadRecursive()
   at System.Web.UI.Control.LoadRecursive()
   at System.Web.UI.Control.LoadRecursive()
   at System.Web.UI.Control.LoadRecursive()
   at System.Web.UI.Control.LoadRecursive()
   at System.Web.UI.Control.LoadRecursive()
   at System.Web.UI.Control.LoadRecursive()
   at System.Web.UI.Page.ProcessRequestMain(Boolean includeStagesBeforeAsyncPoint, Boolean includeStagesAfterAsyncPoint)
Exception Type: System.Web.HttpUnhandledException
Exception: Exception of type 'System.Web.HttpUnhandledException' was thrown.
Source: DefaultPage
Stack Trace: 
   at System.Web.UI.Page.HandleError(Exception e)
   at System.Web.UI.Page.ProcessRequestMain(Boolean includeStagesBeforeAsyncPoint, Boolean includeStagesAfterAsyncPoint)
   at System.Web.UI.Page.ProcessRequest(Boolean includeStagesBeforeAsyncPoint, Boolean includeStagesAfterAsyncPoint)
   at System.Web.UI.Page.ProcessRequest()
   at System.Web.UI.Page.ProcessRequestWithNoAssert(HttpContext context)
   at System.Web.UI.Page.ProcessRequest(HttpContext context)
   at ASP.nsurveyadmin_editsinglequestionanswers_aspx.ProcessRequest(HttpContext context) in c:\Windows\Microsoft.NET\Framework\v4.0.30319\Temporary ASP.NET Files\sp24dev\77b6fa2b\7bba862c\App_Web_qbkldzox.9.cs:line 0
   at System.Web.HttpApplication.CallHandlerExecutionStep.System.Web.HttpApplication.IExecutionStep.Execute()
   at System.Web.HttpApplication.ExecuteStep(IExecutionStep step, Boolean& completedSynchronously)

********** 2/5/2017 12:55:48 PM **********
Inner Exception Type: System.IndexOutOfRangeException
Inner Exception: There is no row at position 0.
Inner Source: System.Data
Inner Stack Trace: 
   at System.Data.RBTree`1.GetNodeByIndex(Int32 userIndex)
   at System.Data.DataRowCollection.get_Item(Int32 index)
   at Votations.NSurvey.Data.AnswerTypeData.AnswerTypesDataTable.get_Item(Int32 index) in D:\02_Programming\_GitHubRepository\sp_main_public\Reflector\Nsurvey_BE\Votations.NSurvey.Data\AnswerTypeData.cs:line 429
   at Votations.NSurvey.WebAdmin.UserControls.AnswerOptionControl.Page_Load(Object sender, EventArgs e) in D:\02_Programming\_GitHubRepository\sp_main_public\SurveyWAP\NSurveyAdmin\UserControls\AnswerOptionControl.ascx.cs:line 206
   at System.Web.UI.Control.OnLoad(EventArgs e)
   at System.Web.UI.Control.LoadRecursive()
   at System.Web.UI.Control.LoadRecursive()
   at System.Web.UI.Control.LoadRecursive()
   at System.Web.UI.Control.LoadRecursive()
   at System.Web.UI.Control.LoadRecursive()
   at System.Web.UI.Control.LoadRecursive()
   at System.Web.UI.Control.LoadRecursive()
   at System.Web.UI.Page.ProcessRequestMain(Boolean includeStagesBeforeAsyncPoint, Boolean includeStagesAfterAsyncPoint)
Exception Type: System.Web.HttpUnhandledException
Exception: Exception of type 'System.Web.HttpUnhandledException' was thrown.
Source: DefaultPage
Stack Trace: 
   at System.Web.UI.Page.HandleError(Exception e)
   at System.Web.UI.Page.ProcessRequestMain(Boolean includeStagesBeforeAsyncPoint, Boolean includeStagesAfterAsyncPoint)
   at System.Web.UI.Page.ProcessRequest(Boolean includeStagesBeforeAsyncPoint, Boolean includeStagesAfterAsyncPoint)
   at System.Web.UI.Page.ProcessRequest()
   at System.Web.UI.Page.ProcessRequestWithNoAssert(HttpContext context)
   at System.Web.UI.Page.ProcessRequest(HttpContext context)
   at ASP.nsurveyadmin_editsinglequestionanswers_aspx.ProcessRequest(HttpContext context) in c:\Windows\Microsoft.NET\Framework\v4.0.30319\Temporary ASP.NET Files\sp24dev\77b6fa2b\7bba862c\App_Web_voten1ji.2.cs:line 0
   at System.Web.HttpApplication.CallHandlerExecutionStep.System.Web.HttpApplication.IExecutionStep.Execute()
   at System.Web.HttpApplication.ExecuteStep(IExecutionStep step, Boolean& completedSynchronously)

********** 2/5/2017 1:01:30 PM **********
Inner Exception Type: System.IndexOutOfRangeException
Inner Exception: There is no row at position 0.
Inner Source: System.Data
Inner Stack Trace: 
   at System.Data.RBTree`1.GetNodeByIndex(Int32 userIndex)
   at System.Data.DataRowCollection.get_Item(Int32 index)
   at Votations.NSurvey.Data.AnswerTypeData.AnswerTypesDataTable.get_Item(Int32 index) in D:\02_Programming\_GitHubRepository\sp_main_public\Reflector\Nsurvey_BE\Votations.NSurvey.Data\AnswerTypeData.cs:line 429
   at Votations.NSurvey.WebAdmin.UserControls.AnswerOptionControl.Page_Load(Object sender, EventArgs e) in D:\02_Programming\_GitHubRepository\sp_main_public\SurveyWAP\NSurveyAdmin\UserControls\AnswerOptionControl.ascx.cs:line 206
   at System.Web.UI.Control.OnLoad(EventArgs e)
   at System.Web.UI.Control.LoadRecursive()
   at System.Web.UI.Control.LoadRecursive()
   at System.Web.UI.Control.LoadRecursive()
   at System.Web.UI.Control.LoadRecursive()
   at System.Web.UI.Control.LoadRecursive()
   at System.Web.UI.Control.LoadRecursive()
   at System.Web.UI.Control.LoadRecursive()
   at System.Web.UI.Page.ProcessRequestMain(Boolean includeStagesBeforeAsyncPoint, Boolean includeStagesAfterAsyncPoint)
Exception Type: System.Web.HttpUnhandledException
Exception: Exception of type 'System.Web.HttpUnhandledException' was thrown.
Source: DefaultPage
Stack Trace: 
   at System.Web.UI.Page.HandleError(Exception e)
   at System.Web.UI.Page.ProcessRequestMain(Boolean includeStagesBeforeAsyncPoint, Boolean includeStagesAfterAsyncPoint)
   at System.Web.UI.Page.ProcessRequest(Boolean includeStagesBeforeAsyncPoint, Boolean includeStagesAfterAsyncPoint)
   at System.Web.UI.Page.ProcessRequest()
   at System.Web.UI.Page.ProcessRequestWithNoAssert(HttpContext context)
   at System.Web.UI.Page.ProcessRequest(HttpContext context)
   at ASP.nsurveyadmin_editsinglequestionanswers_aspx.ProcessRequest(HttpContext context) in c:\Windows\Microsoft.NET\Framework\v4.0.30319\Temporary ASP.NET Files\sp24dev\77b6fa2b\7bba862c\App_Web_voten1ji.2.cs:line 0
   at System.Web.HttpApplication.CallHandlerExecutionStep.System.Web.HttpApplication.IExecutionStep.Execute()
   at System.Web.HttpApplication.ExecuteStep(IExecutionStep step, Boolean& completedSynchronously)

********** 2/7/2017 3:12:14 PM **********
Inner Exception Type: System.NullReferenceException
Inner Exception: Object reference not set to an instance of an object.
Inner Source: Votations.NSurvey.WebAdmin
Inner Stack Trace: 
   at Votations.NSurvey.WebAdmin.ControlCode.ShowFriendlyUrl() in D:\02_Programming\_GitHubRepository\sp_main_public\SurveyWAP\NSurveyAdmin\ControlCode.aspx.cs:line 169
   at Votations.NSurvey.WebAdmin.ControlCode.Page_Load(Object sender, EventArgs e) in D:\02_Programming\_GitHubRepository\sp_main_public\SurveyWAP\NSurveyAdmin\ControlCode.aspx.cs:line 64
   at System.Web.UI.Control.OnLoad(EventArgs e)
   at System.Web.UI.Control.LoadRecursive()
   at System.Web.UI.Page.ProcessRequestMain(Boolean includeStagesBeforeAsyncPoint, Boolean includeStagesAfterAsyncPoint)
Exception Type: System.Web.HttpUnhandledException
Exception: Exception of type 'System.Web.HttpUnhandledException' was thrown.
Source: DefaultPage
Stack Trace: 
   at System.Web.UI.Page.HandleError(Exception e)
   at System.Web.UI.Page.ProcessRequestMain(Boolean includeStagesBeforeAsyncPoint, Boolean includeStagesAfterAsyncPoint)
   at System.Web.UI.Page.ProcessRequest(Boolean includeStagesBeforeAsyncPoint, Boolean includeStagesAfterAsyncPoint)
   at System.Web.UI.Page.ProcessRequest()
   at System.Web.UI.Page.ProcessRequestWithNoAssert(HttpContext context)
   at System.Web.UI.Page.ProcessRequest(HttpContext context)
   at ASP.nsurveyadmin_controlcode_aspx.ProcessRequest(HttpContext context) in c:\Windows\Microsoft.NET\Framework\v4.0.30319\Temporary ASP.NET Files\sp24dev\77b6fa2b\7bba862c\App_Web_xfqckz5q.4.cs:line 0
   at System.Web.HttpApplication.CallHandlerExecutionStep.System.Web.HttpApplication.IExecutionStep.Execute()
   at System.Web.HttpApplication.ExecuteStep(IExecutionStep step, Boolean& completedSynchronously)

********** 2/7/2017 3:24:32 PM **********
Inner Exception Type: Goldtect.ASTreeViewInvalidStateException
Inner Exception: [Invalid State]More than one nodes are selected!
Inner Source: Goldtect.ASTreeView
Inner Stack Trace: 
   at Goldtect.ASTreeView.GetSelectedNode()
   at Votations.NSurvey.WebAdmin.NSurveyAdmin.UserControls.SurveyTree.OnSelectedNodeChange(Object src, ASTreeViewNodeSelectedEventArgs e) in D:\02_Programming\_GitHubRepository\sp_main_public\SurveyWAP\NSurveyAdmin\UserControls\SurveyTreeControl.ascx.cs:line 237
   at Goldtect.ASTreeView.FireNodeSelectedEvent()
   at Goldtect.ASTreeView.RaisePostDataChangedEvent()
   at System.Web.UI.Page.RaiseChangedEvents()
   at System.Web.UI.Page.ProcessRequestMain(Boolean includeStagesBeforeAsyncPoint, Boolean includeStagesAfterAsyncPoint)
Exception Type: System.Web.HttpUnhandledException
Exception: Exception of type 'System.Web.HttpUnhandledException' was thrown.
Source: DefaultPage
Stack Trace: 
   at System.Web.UI.Page.HandleError(Exception e)
   at System.Web.UI.Page.ProcessRequestMain(Boolean includeStagesBeforeAsyncPoint, Boolean includeStagesAfterAsyncPoint)
   at System.Web.UI.Page.ProcessRequest(Boolean includeStagesBeforeAsyncPoint, Boolean includeStagesAfterAsyncPoint)
   at System.Web.UI.Page.ProcessRequest()
   at System.Web.UI.Page.ProcessRequestWithNoAssert(HttpContext context)
   at System.Web.UI.Page.ProcessRequest(HttpContext context)
   at ASP.nsurveyadmin_controlcode_aspx.ProcessRequest(HttpContext context) in c:\Windows\Microsoft.NET\Framework\v4.0.30319\Temporary ASP.NET Files\sp24dev\77b6fa2b\7bba862c\App_Web_w02ub0h2.8.cs:line 0
   at System.Web.HttpApplication.CallHandlerExecutionStep.System.Web.HttpApplication.IExecutionStep.Execute()
   at System.Web.HttpApplication.ExecuteStep(IExecutionStep step, Boolean& completedSynchronously)

********** 2/7/2017 4:24:04 PM **********
Inner Exception Type: System.NullReferenceException
Inner Exception: Object reference not set to an instance of an object.
Inner Source: Votations.NSurvey.WebAdmin
Inner Stack Trace: 
   at Votations.NSurvey.WebAdmin.ControlCode.LocalizePage() in D:\02_Programming\_GitHubRepository\sp_main_public\SurveyWAP\NSurveyAdmin\ControlCode.aspx.cs:line 239
   at Votations.NSurvey.WebAdmin.ControlCode.Page_Load(Object sender, EventArgs e) in D:\02_Programming\_GitHubRepository\sp_main_public\SurveyWAP\NSurveyAdmin\ControlCode.aspx.cs:line 63
   at System.Web.UI.Control.OnLoad(EventArgs e)
   at System.Web.UI.Control.LoadRecursive()
   at System.Web.UI.Page.ProcessRequestMain(Boolean includeStagesBeforeAsyncPoint, Boolean includeStagesAfterAsyncPoint)
Exception Type: System.Web.HttpUnhandledException
Exception: Exception of type 'System.Web.HttpUnhandledException' was thrown.
Source: DefaultPage
Stack Trace: 
   at System.Web.UI.Page.HandleError(Exception e)
   at System.Web.UI.Page.ProcessRequestMain(Boolean includeStagesBeforeAsyncPoint, Boolean includeStagesAfterAsyncPoint)
   at System.Web.UI.Page.ProcessRequest(Boolean includeStagesBeforeAsyncPoint, Boolean includeStagesAfterAsyncPoint)
   at System.Web.UI.Page.ProcessRequest()
   at System.Web.UI.Page.ProcessRequestWithNoAssert(HttpContext context)
   at System.Web.UI.Page.ProcessRequest(HttpContext context)
   at ASP.nsurveyadmin_controlcode_aspx.ProcessRequest(HttpContext context) in c:\Windows\Microsoft.NET\Framework\v4.0.30319\Temporary ASP.NET Files\sp24dev\77b6fa2b\7bba862c\App_Web_5ge3uamu.6.cs:line 0
   at System.Web.HttpApplication.CallHandlerExecutionStep.System.Web.HttpApplication.IExecutionStep.Execute()
   at System.Web.HttpApplication.ExecuteStep(IExecutionStep step, Boolean& completedSynchronously)

********** 2/7/2017 4:24:15 PM **********
Inner Exception Type: System.NullReferenceException
Inner Exception: Object reference not set to an instance of an object.
Inner Source: Votations.NSurvey.WebAdmin
Inner Stack Trace: 
   at Votations.NSurvey.WebAdmin.ControlCode.LocalizePage() in D:\02_Programming\_GitHubRepository\sp_main_public\SurveyWAP\NSurveyAdmin\ControlCode.aspx.cs:line 239
   at Votations.NSurvey.WebAdmin.ControlCode.Page_Load(Object sender, EventArgs e) in D:\02_Programming\_GitHubRepository\sp_main_public\SurveyWAP\NSurveyAdmin\ControlCode.aspx.cs:line 63
   at System.Web.UI.Control.OnLoad(EventArgs e)
   at System.Web.UI.Control.LoadRecursive()
   at System.Web.UI.Page.ProcessRequestMain(Boolean includeStagesBeforeAsyncPoint, Boolean includeStagesAfterAsyncPoint)
Exception Type: System.Web.HttpUnhandledException
Exception: Exception of type 'System.Web.HttpUnhandledException' was thrown.
Source: DefaultPage
Stack Trace: 
   at System.Web.UI.Page.HandleError(Exception e)
   at System.Web.UI.Page.ProcessRequestMain(Boolean includeStagesBeforeAsyncPoint, Boolean includeStagesAfterAsyncPoint)
   at System.Web.UI.Page.ProcessRequest(Boolean includeStagesBeforeAsyncPoint, Boolean includeStagesAfterAsyncPoint)
   at System.Web.UI.Page.ProcessRequest()
   at System.Web.UI.Page.ProcessRequestWithNoAssert(HttpContext context)
   at System.Web.UI.Page.ProcessRequest(HttpContext context)
   at ASP.nsurveyadmin_controlcode_aspx.ProcessRequest(HttpContext context) in c:\Windows\Microsoft.NET\Framework\v4.0.30319\Temporary ASP.NET Files\sp24dev\77b6fa2b\7bba862c\App_Web_5ge3uamu.6.cs:line 0
   at System.Web.HttpApplication.CallHandlerExecutionStep.System.Web.HttpApplication.IExecutionStep.Execute()
   at System.Web.HttpApplication.ExecuteStep(IExecutionStep step, Boolean& completedSynchronously)

