********** 10/5/2017 4:32:44 PM **********
Inner Exception Type: System.Data.SqlClient.SqlException
Inner Exception: Login failed for user 'sa'.
Inner Source: .Net SqlClient Data Provider
Inner Stack Trace: 
   at System.Data.SqlClient.SqlInternalConnectionTds..ctor(DbConnectionPoolIdentity identity, SqlConnectionString connectionOptions, SqlCredential credential, Object providerInfo, String newPassword, SecureString newSecurePassword, Boolean redirectedUserInstance, SqlConnectionString userConnectionOptions, SessionData reconnectSessionData, DbConnectionPool pool, String accessToken, Boolean applyTransientFaultHandling)
   at System.Data.SqlClient.SqlConnectionFactory.CreateConnection(DbConnectionOptions options, DbConnectionPoolKey poolKey, Object poolGroupProviderInfo, DbConnectionPool pool, DbConnection owningConnection, DbConnectionOptions userOptions)
   at System.Data.ProviderBase.DbConnectionFactory.CreatePooledConnection(DbConnectionPool pool, DbConnection owningObject, DbConnectionOptions options, DbConnectionPoolKey poolKey, DbConnectionOptions userOptions)
   at System.Data.ProviderBase.DbConnectionPool.CreateObject(DbConnection owningObject, DbConnectionOptions userOptions, DbConnectionInternal oldConnection)
   at System.Data.ProviderBase.DbConnectionPool.UserCreateRequest(DbConnection owningObject, DbConnectionOptions userOptions, DbConnectionInternal oldConnection)
   at System.Data.ProviderBase.DbConnectionPool.TryGetConnection(DbConnection owningObject, UInt32 waitForMultipleObjectsTimeout, Boolean allowCreate, Boolean onlyOneCheckConnection, DbConnectionOptions userOptions, DbConnectionInternal& connection)
   at System.Data.ProviderBase.DbConnectionPool.TryGetConnection(DbConnection owningObject, TaskCompletionSource`1 retry, DbConnectionOptions userOptions, DbConnectionInternal& connection)
   at System.Data.ProviderBase.DbConnectionFactory.TryGetConnection(DbConnection owningConnection, TaskCompletionSource`1 retry, DbConnectionOptions userOptions, DbConnectionInternal oldConnection, DbConnectionInternal& connection)
   at System.Data.ProviderBase.DbConnectionInternal.TryOpenConnectionInternal(DbConnection outerConnection, DbConnectionFactory connectionFactory, TaskCompletionSource`1 retry, DbConnectionOptions userOptions)
   at System.Data.SqlClient.SqlConnection.TryOpenInner(TaskCompletionSource`1 retry)
   at System.Data.SqlClient.SqlConnection.TryOpen(TaskCompletionSource`1 retry)
   at System.Data.SqlClient.SqlConnection.Open()
   at Microsoft.Practices.EnterpriseLibrary.Data.Database.GetNewOpenConnection()
   at Microsoft.Practices.EnterpriseLibrary.Data.Database.GetWrappedConnection()
   at Microsoft.Practices.EnterpriseLibrary.Data.Database.DiscoverParameters(DbCommand command)
   at Microsoft.Practices.EnterpriseLibrary.Data.ParameterCache.SetParameters(DbCommand command, Database database)
   at Microsoft.Practices.EnterpriseLibrary.Data.Database.AssignParameters(DbCommand command, Object[] parameterValues)
   at Microsoft.Practices.EnterpriseLibrary.Data.Database.GetStoredProcCommand(String storedProcedureName, Object[] parameterValues)
   at Microsoft.Practices.EnterpriseLibrary.Data.Database.ExecuteScalar(String storedProcedureName, Object[] parameterValues)
   at Votations.NSurvey.SQLServerDAL.User.GetUserByIdFromUserName(String userName)
   at Votations.NSurvey.WebAdmin.NSurveyAdmin.UserControls.LoginBox.ValidateCredentialsButton_Click(Object sender, EventArgs e) in D:\04_Development\GitHub\surveyproject_main_public\SurveyWAP\NSurveyAdmin\UserControls\LoginBox.ascx.cs:line 103
   at System.Web.UI.WebControls.Button.OnClick(EventArgs e)
   at System.Web.UI.WebControls.Button.RaisePostBackEvent(String eventArgument)
   at System.Web.UI.Page.ProcessRequestMain(Boolean includeStagesBeforeAsyncPoint, Boolean includeStagesAfterAsyncPoint)
Exception Type: System.Web.HttpUnhandledException
Exception: Exception of type 'System.Web.HttpUnhandledException' was thrown.
Source: Application_Error Generic - Global.asax
Stack Trace: 
   at System.Web.UI.Page.HandleError(Exception e)
   at System.Web.UI.Page.ProcessRequestMain(Boolean includeStagesBeforeAsyncPoint, Boolean includeStagesAfterAsyncPoint)
   at System.Web.UI.Page.ProcessRequest(Boolean includeStagesBeforeAsyncPoint, Boolean includeStagesAfterAsyncPoint)
   at System.Web.UI.Page.ProcessRequest()
   at System.Web.UI.Page.ProcessRequest(HttpContext context)
   at System.Web.HttpApplication.CallHandlerExecutionStep.System.Web.HttpApplication.IExecutionStep.Execute()
   at System.Web.HttpApplication.ExecuteStep(IExecutionStep step, Boolean& completedSynchronously)

********** 10/5/2017 4:32:44 PM **********
Inner Exception Type: System.Data.SqlClient.SqlException
Inner Exception: Login failed for user 'sa'.
Inner Source: .Net SqlClient Data Provider
Inner Stack Trace: 
   at System.Data.SqlClient.SqlInternalConnectionTds..ctor(DbConnectionPoolIdentity identity, SqlConnectionString connectionOptions, SqlCredential credential, Object providerInfo, String newPassword, SecureString newSecurePassword, Boolean redirectedUserInstance, SqlConnectionString userConnectionOptions, SessionData reconnectSessionData, DbConnectionPool pool, String accessToken, Boolean applyTransientFaultHandling)
   at System.Data.SqlClient.SqlConnectionFactory.CreateConnection(DbConnectionOptions options, DbConnectionPoolKey poolKey, Object poolGroupProviderInfo, DbConnectionPool pool, DbConnection owningConnection, DbConnectionOptions userOptions)
   at System.Data.ProviderBase.DbConnectionFactory.CreatePooledConnection(DbConnectionPool pool, DbConnection owningObject, DbConnectionOptions options, DbConnectionPoolKey poolKey, DbConnectionOptions userOptions)
   at System.Data.ProviderBase.DbConnectionPool.CreateObject(DbConnection owningObject, DbConnectionOptions userOptions, DbConnectionInternal oldConnection)
   at System.Data.ProviderBase.DbConnectionPool.UserCreateRequest(DbConnection owningObject, DbConnectionOptions userOptions, DbConnectionInternal oldConnection)
   at System.Data.ProviderBase.DbConnectionPool.TryGetConnection(DbConnection owningObject, UInt32 waitForMultipleObjectsTimeout, Boolean allowCreate, Boolean onlyOneCheckConnection, DbConnectionOptions userOptions, DbConnectionInternal& connection)
   at System.Data.ProviderBase.DbConnectionPool.TryGetConnection(DbConnection owningObject, TaskCompletionSource`1 retry, DbConnectionOptions userOptions, DbConnectionInternal& connection)
   at System.Data.ProviderBase.DbConnectionFactory.TryGetConnection(DbConnection owningConnection, TaskCompletionSource`1 retry, DbConnectionOptions userOptions, DbConnectionInternal oldConnection, DbConnectionInternal& connection)
   at System.Data.ProviderBase.DbConnectionInternal.TryOpenConnectionInternal(DbConnection outerConnection, DbConnectionFactory connectionFactory, TaskCompletionSource`1 retry, DbConnectionOptions userOptions)
   at System.Data.SqlClient.SqlConnection.TryOpenInner(TaskCompletionSource`1 retry)
   at System.Data.SqlClient.SqlConnection.TryOpen(TaskCompletionSource`1 retry)
   at System.Data.SqlClient.SqlConnection.Open()
   at Microsoft.Practices.EnterpriseLibrary.Data.Database.GetNewOpenConnection()
   at Microsoft.Practices.EnterpriseLibrary.Data.Database.GetWrappedConnection()
   at Microsoft.Practices.EnterpriseLibrary.Data.Database.DiscoverParameters(DbCommand command)
   at Microsoft.Practices.EnterpriseLibrary.Data.ParameterCache.SetParameters(DbCommand command, Database database)
   at Microsoft.Practices.EnterpriseLibrary.Data.Database.AssignParameters(DbCommand command, Object[] parameterValues)
   at Microsoft.Practices.EnterpriseLibrary.Data.Database.GetStoredProcCommand(String storedProcedureName, Object[] parameterValues)
   at Microsoft.Practices.EnterpriseLibrary.Data.Database.ExecuteScalar(String storedProcedureName, Object[] parameterValues)
   at Votations.NSurvey.SQLServerDAL.User.GetUserByIdFromUserName(String userName)
   at Votations.NSurvey.WebAdmin.NSurveyAdmin.UserControls.LoginBox.ValidateCredentialsButton_Click(Object sender, EventArgs e) in D:\04_Development\GitHub\surveyproject_main_public\SurveyWAP\NSurveyAdmin\UserControls\LoginBox.ascx.cs:line 103
   at System.Web.UI.WebControls.Button.OnClick(EventArgs e)
   at System.Web.UI.WebControls.Button.RaisePostBackEvent(String eventArgument)
   at System.Web.UI.Page.ProcessRequestMain(Boolean includeStagesBeforeAsyncPoint, Boolean includeStagesAfterAsyncPoint)
Exception Type: System.Web.HttpUnhandledException
Exception: Exception of type 'System.Web.HttpUnhandledException' was thrown.
Source: Application_Error UNKNOWN Global.asax
Stack Trace: 
   at System.Web.UI.Page.HandleError(Exception e)
   at System.Web.UI.Page.ProcessRequestMain(Boolean includeStagesBeforeAsyncPoint, Boolean includeStagesAfterAsyncPoint)
   at System.Web.UI.Page.ProcessRequest(Boolean includeStagesBeforeAsyncPoint, Boolean includeStagesAfterAsyncPoint)
   at System.Web.UI.Page.ProcessRequest()
   at System.Web.UI.Page.ProcessRequest(HttpContext context)
   at System.Web.HttpApplication.CallHandlerExecutionStep.System.Web.HttpApplication.IExecutionStep.Execute()
   at System.Web.HttpApplication.ExecuteStep(IExecutionStep step, Boolean& completedSynchronously)

********** 10/5/2017 4:34:01 PM **********
Inner Exception Type: System.Data.SqlClient.SqlException
Inner Exception: Login failed for user 'sa'.
Inner Source: .Net SqlClient Data Provider
Inner Stack Trace: 
   at System.Data.SqlClient.SqlInternalConnectionTds..ctor(DbConnectionPoolIdentity identity, SqlConnectionString connectionOptions, SqlCredential credential, Object providerInfo, String newPassword, SecureString newSecurePassword, Boolean redirectedUserInstance, SqlConnectionString userConnectionOptions, SessionData reconnectSessionData, DbConnectionPool pool, String accessToken, Boolean applyTransientFaultHandling)
   at System.Data.SqlClient.SqlConnectionFactory.CreateConnection(DbConnectionOptions options, DbConnectionPoolKey poolKey, Object poolGroupProviderInfo, DbConnectionPool pool, DbConnection owningConnection, DbConnectionOptions userOptions)
   at System.Data.ProviderBase.DbConnectionFactory.CreatePooledConnection(DbConnectionPool pool, DbConnection owningObject, DbConnectionOptions options, DbConnectionPoolKey poolKey, DbConnectionOptions userOptions)
   at System.Data.ProviderBase.DbConnectionPool.CreateObject(DbConnection owningObject, DbConnectionOptions userOptions, DbConnectionInternal oldConnection)
   at System.Data.ProviderBase.DbConnectionPool.UserCreateRequest(DbConnection owningObject, DbConnectionOptions userOptions, DbConnectionInternal oldConnection)
   at System.Data.ProviderBase.DbConnectionPool.TryGetConnection(DbConnection owningObject, UInt32 waitForMultipleObjectsTimeout, Boolean allowCreate, Boolean onlyOneCheckConnection, DbConnectionOptions userOptions, DbConnectionInternal& connection)
   at System.Data.ProviderBase.DbConnectionPool.TryGetConnection(DbConnection owningObject, TaskCompletionSource`1 retry, DbConnectionOptions userOptions, DbConnectionInternal& connection)
   at System.Data.ProviderBase.DbConnectionFactory.TryGetConnection(DbConnection owningConnection, TaskCompletionSource`1 retry, DbConnectionOptions userOptions, DbConnectionInternal oldConnection, DbConnectionInternal& connection)
   at System.Data.ProviderBase.DbConnectionInternal.TryOpenConnectionInternal(DbConnection outerConnection, DbConnectionFactory connectionFactory, TaskCompletionSource`1 retry, DbConnectionOptions userOptions)
   at System.Data.SqlClient.SqlConnection.TryOpenInner(TaskCompletionSource`1 retry)
   at System.Data.SqlClient.SqlConnection.TryOpen(TaskCompletionSource`1 retry)
   at System.Data.SqlClient.SqlConnection.Open()
   at Microsoft.Practices.EnterpriseLibrary.Data.Database.GetNewOpenConnection()
   at Microsoft.Practices.EnterpriseLibrary.Data.Database.GetWrappedConnection()
   at Microsoft.Practices.EnterpriseLibrary.Data.Database.DiscoverParameters(DbCommand command)
   at Microsoft.Practices.EnterpriseLibrary.Data.ParameterCache.SetParameters(DbCommand command, Database database)
   at Microsoft.Practices.EnterpriseLibrary.Data.Database.AssignParameters(DbCommand command, Object[] parameterValues)
   at Microsoft.Practices.EnterpriseLibrary.Data.Database.GetStoredProcCommand(String storedProcedureName, Object[] parameterValues)
   at Microsoft.Practices.EnterpriseLibrary.Data.Database.ExecuteScalar(String storedProcedureName, Object[] parameterValues)
   at Votations.NSurvey.SQLServerDAL.User.GetUserByIdFromUserName(String userName)
   at Votations.NSurvey.WebAdmin.NSurveyAdmin.UserControls.LoginBox.ValidateCredentialsButton_Click(Object sender, EventArgs e) in D:\04_Development\GitHub\surveyproject_main_public\SurveyWAP\NSurveyAdmin\UserControls\LoginBox.ascx.cs:line 103
   at System.Web.UI.WebControls.Button.OnClick(EventArgs e)
   at System.Web.UI.WebControls.Button.RaisePostBackEvent(String eventArgument)
   at System.Web.UI.Page.ProcessRequestMain(Boolean includeStagesBeforeAsyncPoint, Boolean includeStagesAfterAsyncPoint)
Exception Type: System.Web.HttpUnhandledException
Exception: Exception of type 'System.Web.HttpUnhandledException' was thrown.
Source: Application_Error Generic - Global.asax
Stack Trace: 
   at System.Web.UI.Page.HandleError(Exception e)
   at System.Web.UI.Page.ProcessRequestMain(Boolean includeStagesBeforeAsyncPoint, Boolean includeStagesAfterAsyncPoint)
   at System.Web.UI.Page.ProcessRequest(Boolean includeStagesBeforeAsyncPoint, Boolean includeStagesAfterAsyncPoint)
   at System.Web.UI.Page.ProcessRequest()
   at System.Web.UI.Page.ProcessRequest(HttpContext context)
   at System.Web.HttpApplication.CallHandlerExecutionStep.System.Web.HttpApplication.IExecutionStep.Execute()
   at System.Web.HttpApplication.ExecuteStep(IExecutionStep step, Boolean& completedSynchronously)

********** 10/5/2017 4:34:01 PM **********
Inner Exception Type: System.Data.SqlClient.SqlException
Inner Exception: Login failed for user 'sa'.
Inner Source: .Net SqlClient Data Provider
Inner Stack Trace: 
   at System.Data.SqlClient.SqlInternalConnectionTds..ctor(DbConnectionPoolIdentity identity, SqlConnectionString connectionOptions, SqlCredential credential, Object providerInfo, String newPassword, SecureString newSecurePassword, Boolean redirectedUserInstance, SqlConnectionString userConnectionOptions, SessionData reconnectSessionData, DbConnectionPool pool, String accessToken, Boolean applyTransientFaultHandling)
   at System.Data.SqlClient.SqlConnectionFactory.CreateConnection(DbConnectionOptions options, DbConnectionPoolKey poolKey, Object poolGroupProviderInfo, DbConnectionPool pool, DbConnection owningConnection, DbConnectionOptions userOptions)
   at System.Data.ProviderBase.DbConnectionFactory.CreatePooledConnection(DbConnectionPool pool, DbConnection owningObject, DbConnectionOptions options, DbConnectionPoolKey poolKey, DbConnectionOptions userOptions)
   at System.Data.ProviderBase.DbConnectionPool.CreateObject(DbConnection owningObject, DbConnectionOptions userOptions, DbConnectionInternal oldConnection)
   at System.Data.ProviderBase.DbConnectionPool.UserCreateRequest(DbConnection owningObject, DbConnectionOptions userOptions, DbConnectionInternal oldConnection)
   at System.Data.ProviderBase.DbConnectionPool.TryGetConnection(DbConnection owningObject, UInt32 waitForMultipleObjectsTimeout, Boolean allowCreate, Boolean onlyOneCheckConnection, DbConnectionOptions userOptions, DbConnectionInternal& connection)
   at System.Data.ProviderBase.DbConnectionPool.TryGetConnection(DbConnection owningObject, TaskCompletionSource`1 retry, DbConnectionOptions userOptions, DbConnectionInternal& connection)
   at System.Data.ProviderBase.DbConnectionFactory.TryGetConnection(DbConnection owningConnection, TaskCompletionSource`1 retry, DbConnectionOptions userOptions, DbConnectionInternal oldConnection, DbConnectionInternal& connection)
   at System.Data.ProviderBase.DbConnectionInternal.TryOpenConnectionInternal(DbConnection outerConnection, DbConnectionFactory connectionFactory, TaskCompletionSource`1 retry, DbConnectionOptions userOptions)
   at System.Data.SqlClient.SqlConnection.TryOpenInner(TaskCompletionSource`1 retry)
   at System.Data.SqlClient.SqlConnection.TryOpen(TaskCompletionSource`1 retry)
   at System.Data.SqlClient.SqlConnection.Open()
   at Microsoft.Practices.EnterpriseLibrary.Data.Database.GetNewOpenConnection()
   at Microsoft.Practices.EnterpriseLibrary.Data.Database.GetWrappedConnection()
   at Microsoft.Practices.EnterpriseLibrary.Data.Database.DiscoverParameters(DbCommand command)
   at Microsoft.Practices.EnterpriseLibrary.Data.ParameterCache.SetParameters(DbCommand command, Database database)
   at Microsoft.Practices.EnterpriseLibrary.Data.Database.AssignParameters(DbCommand command, Object[] parameterValues)
   at Microsoft.Practices.EnterpriseLibrary.Data.Database.GetStoredProcCommand(String storedProcedureName, Object[] parameterValues)
   at Microsoft.Practices.EnterpriseLibrary.Data.Database.ExecuteScalar(String storedProcedureName, Object[] parameterValues)
   at Votations.NSurvey.SQLServerDAL.User.GetUserByIdFromUserName(String userName)
   at Votations.NSurvey.WebAdmin.NSurveyAdmin.UserControls.LoginBox.ValidateCredentialsButton_Click(Object sender, EventArgs e) in D:\04_Development\GitHub\surveyproject_main_public\SurveyWAP\NSurveyAdmin\UserControls\LoginBox.ascx.cs:line 103
   at System.Web.UI.WebControls.Button.OnClick(EventArgs e)
   at System.Web.UI.WebControls.Button.RaisePostBackEvent(String eventArgument)
   at System.Web.UI.Page.ProcessRequestMain(Boolean includeStagesBeforeAsyncPoint, Boolean includeStagesAfterAsyncPoint)
Exception Type: System.Web.HttpUnhandledException
Exception: Exception of type 'System.Web.HttpUnhandledException' was thrown.
Source: Application_Error UNKNOWN Global.asax
Stack Trace: 
   at System.Web.UI.Page.HandleError(Exception e)
   at System.Web.UI.Page.ProcessRequestMain(Boolean includeStagesBeforeAsyncPoint, Boolean includeStagesAfterAsyncPoint)
   at System.Web.UI.Page.ProcessRequest(Boolean includeStagesBeforeAsyncPoint, Boolean includeStagesAfterAsyncPoint)
   at System.Web.UI.Page.ProcessRequest()
   at System.Web.UI.Page.ProcessRequest(HttpContext context)
   at System.Web.HttpApplication.CallHandlerExecutionStep.System.Web.HttpApplication.IExecutionStep.Execute()
   at System.Web.HttpApplication.ExecuteStep(IExecutionStep step, Boolean& completedSynchronously)

********** 10/5/2017 4:38:06 PM **********
Inner Exception Type: System.Data.SqlClient.SqlException
Inner Exception: Violation of PRIMARY KEY constraint 'PK_vts_tbUserSettings'. Cannot insert duplicate key in object 'dbo.vts_tbUserSetting'. The duplicate key value is (1).
The statement has been terminated.
Inner Source: .Net SqlClient Data Provider
Inner Stack Trace: 
   at System.Data.Common.DbDataAdapter.UpdatedRowStatusErrors(RowUpdatedEventArgs rowUpdatedEvent, BatchCommandInfo[] batchCommands, Int32 commandCount)
   at System.Data.Common.DbDataAdapter.UpdatedRowStatus(RowUpdatedEventArgs rowUpdatedEvent, BatchCommandInfo[] batchCommands, Int32 commandCount)
   at System.Data.Common.DbDataAdapter.Update(DataRow[] dataRows, DataTableMapping tableMapping)
   at System.Data.Common.DbDataAdapter.UpdateFromDataTable(DataTable dataTable, DataTableMapping tableMapping)
   at System.Data.Common.DbDataAdapter.Update(DataTable dataTable)
   at Microsoft.Practices.EnterpriseLibrary.Data.Database.DoUpdateDataSet(UpdateBehavior behavior, DataSet dataSet, String tableName, IDbCommand insertCommand, IDbCommand updateCommand, IDbCommand deleteCommand, Nullable`1 updateBatchSize)
   at Microsoft.Practices.EnterpriseLibrary.Data.Database.UpdateDataSet(DataSet dataSet, String tableName, DbCommand insertCommand, DbCommand updateCommand, DbCommand deleteCommand, UpdateBehavior updateBehavior, Nullable`1 updateBatchSize)
   at Votations.NSurvey.SQLServerDAL.User.AddUserSettings(UserSettingData newUserSettings)
   at Votations.NSurvey.WebAdmin.NSurveyAdmin.UserControls.LoginBox.ValidateCredentialsButton_Click(Object sender, EventArgs e) in D:\04_Development\GitHub\surveyproject_main_public\SurveyWAP\NSurveyAdmin\UserControls\LoginBox.ascx.cs:line 228
   at System.Web.UI.WebControls.Button.OnClick(EventArgs e)
   at System.Web.UI.WebControls.Button.RaisePostBackEvent(String eventArgument)
   at System.Web.UI.Page.ProcessRequestMain(Boolean includeStagesBeforeAsyncPoint, Boolean includeStagesAfterAsyncPoint)
Exception Type: System.Web.HttpUnhandledException
Exception: Exception of type 'System.Web.HttpUnhandledException' was thrown.
Source: Application_Error Generic - Global.asax
Stack Trace: 
   at System.Web.UI.Page.HandleError(Exception e)
   at System.Web.UI.Page.ProcessRequestMain(Boolean includeStagesBeforeAsyncPoint, Boolean includeStagesAfterAsyncPoint)
   at System.Web.UI.Page.ProcessRequest(Boolean includeStagesBeforeAsyncPoint, Boolean includeStagesAfterAsyncPoint)
   at System.Web.UI.Page.ProcessRequest()
   at System.Web.UI.Page.ProcessRequest(HttpContext context)
   at System.Web.HttpApplication.CallHandlerExecutionStep.System.Web.HttpApplication.IExecutionStep.Execute()
   at System.Web.HttpApplication.ExecuteStep(IExecutionStep step, Boolean& completedSynchronously)

********** 10/5/2017 4:38:06 PM **********
Inner Exception Type: System.Data.SqlClient.SqlException
Inner Exception: Violation of PRIMARY KEY constraint 'PK_vts_tbUserSettings'. Cannot insert duplicate key in object 'dbo.vts_tbUserSetting'. The duplicate key value is (1).
The statement has been terminated.
Inner Source: .Net SqlClient Data Provider
Inner Stack Trace: 
   at System.Data.Common.DbDataAdapter.UpdatedRowStatusErrors(RowUpdatedEventArgs rowUpdatedEvent, BatchCommandInfo[] batchCommands, Int32 commandCount)
   at System.Data.Common.DbDataAdapter.UpdatedRowStatus(RowUpdatedEventArgs rowUpdatedEvent, BatchCommandInfo[] batchCommands, Int32 commandCount)
   at System.Data.Common.DbDataAdapter.Update(DataRow[] dataRows, DataTableMapping tableMapping)
   at System.Data.Common.DbDataAdapter.UpdateFromDataTable(DataTable dataTable, DataTableMapping tableMapping)
   at System.Data.Common.DbDataAdapter.Update(DataTable dataTable)
   at Microsoft.Practices.EnterpriseLibrary.Data.Database.DoUpdateDataSet(UpdateBehavior behavior, DataSet dataSet, String tableName, IDbCommand insertCommand, IDbCommand updateCommand, IDbCommand deleteCommand, Nullable`1 updateBatchSize)
   at Microsoft.Practices.EnterpriseLibrary.Data.Database.UpdateDataSet(DataSet dataSet, String tableName, DbCommand insertCommand, DbCommand updateCommand, DbCommand deleteCommand, UpdateBehavior updateBehavior, Nullable`1 updateBatchSize)
   at Votations.NSurvey.SQLServerDAL.User.AddUserSettings(UserSettingData newUserSettings)
   at Votations.NSurvey.WebAdmin.NSurveyAdmin.UserControls.LoginBox.ValidateCredentialsButton_Click(Object sender, EventArgs e) in D:\04_Development\GitHub\surveyproject_main_public\SurveyWAP\NSurveyAdmin\UserControls\LoginBox.ascx.cs:line 228
   at System.Web.UI.WebControls.Button.OnClick(EventArgs e)
   at System.Web.UI.WebControls.Button.RaisePostBackEvent(String eventArgument)
   at System.Web.UI.Page.ProcessRequestMain(Boolean includeStagesBeforeAsyncPoint, Boolean includeStagesAfterAsyncPoint)
Exception Type: System.Web.HttpUnhandledException
Exception: Exception of type 'System.Web.HttpUnhandledException' was thrown.
Source: Application_Error UNKNOWN Global.asax
Stack Trace: 
   at System.Web.UI.Page.HandleError(Exception e)
   at System.Web.UI.Page.ProcessRequestMain(Boolean includeStagesBeforeAsyncPoint, Boolean includeStagesAfterAsyncPoint)
   at System.Web.UI.Page.ProcessRequest(Boolean includeStagesBeforeAsyncPoint, Boolean includeStagesAfterAsyncPoint)
   at System.Web.UI.Page.ProcessRequest()
   at System.Web.UI.Page.ProcessRequest(HttpContext context)
   at System.Web.HttpApplication.CallHandlerExecutionStep.System.Web.HttpApplication.IExecutionStep.Execute()
   at System.Web.HttpApplication.ExecuteStep(IExecutionStep step, Boolean& completedSynchronously)

********** 10/22/2017 11:49:37 AM **********
Inner Exception Type: System.Web.HttpException
Inner Exception: 'System.Web.UI.WebControls.Literal' does not allow child controls.
Inner Source: System.Web
Inner Stack Trace: 
   at System.Web.UI.EmptyControlCollection.ThrowNotSupportedException()
   at Votations.NSurvey.WebControls.UI.ActiveQuestion.DisplayErrorMessages() in D:\04_Development\GitHub\surveyproject_main_public\Reflector\Nsurvey_WebControls\Votations.NSurvey.WebControls.UI\ActiveQuestion.cs:line 191
   at Votations.NSurvey.WebControls.UI.ActiveQuestion.OnPreRender(EventArgs e) in D:\04_Development\GitHub\surveyproject_main_public\Reflector\Nsurvey_WebControls\Votations.NSurvey.WebControls.UI\ActiveQuestion.cs:line 277
   at System.Web.UI.Control.PreRenderRecursiveInternal()
   at System.Web.UI.Control.PreRenderRecursiveInternal()
   at System.Web.UI.Control.PreRenderRecursiveInternal()
   at System.Web.UI.Control.PreRenderRecursiveInternal()
   at System.Web.UI.Control.PreRenderRecursiveInternal()
   at System.Web.UI.Control.PreRenderRecursiveInternal()
   at System.Web.UI.Control.PreRenderRecursiveInternal()
   at System.Web.UI.Page.ProcessRequestMain(Boolean includeStagesBeforeAsyncPoint, Boolean includeStagesAfterAsyncPoint)
Exception Type: System.Web.HttpUnhandledException
Exception: Exception of type 'System.Web.HttpUnhandledException' was thrown.
Source: Application_Error Generic - Global.asax
Stack Trace: 
   at System.Web.UI.Page.HandleError(Exception e)
   at System.Web.UI.Page.ProcessRequestMain(Boolean includeStagesBeforeAsyncPoint, Boolean includeStagesAfterAsyncPoint)
   at System.Web.UI.Page.ProcessRequest(Boolean includeStagesBeforeAsyncPoint, Boolean includeStagesAfterAsyncPoint)
   at System.Web.UI.Page.ProcessRequest()
   at System.Web.UI.Page.ProcessRequest(HttpContext context)
   at System.Web.HttpApplication.CallHandlerExecutionStep.System.Web.HttpApplication.IExecutionStep.Execute()
   at System.Web.HttpApplication.ExecuteStep(IExecutionStep step, Boolean& completedSynchronously)

********** 10/22/2017 11:49:37 AM **********
Inner Exception Type: System.Web.HttpException
Inner Exception: 'System.Web.UI.WebControls.Literal' does not allow child controls.
Inner Source: System.Web
Inner Stack Trace: 
   at System.Web.UI.EmptyControlCollection.ThrowNotSupportedException()
   at Votations.NSurvey.WebControls.UI.ActiveQuestion.DisplayErrorMessages() in D:\04_Development\GitHub\surveyproject_main_public\Reflector\Nsurvey_WebControls\Votations.NSurvey.WebControls.UI\ActiveQuestion.cs:line 191
   at Votations.NSurvey.WebControls.UI.ActiveQuestion.OnPreRender(EventArgs e) in D:\04_Development\GitHub\surveyproject_main_public\Reflector\Nsurvey_WebControls\Votations.NSurvey.WebControls.UI\ActiveQuestion.cs:line 277
   at System.Web.UI.Control.PreRenderRecursiveInternal()
   at System.Web.UI.Control.PreRenderRecursiveInternal()
   at System.Web.UI.Control.PreRenderRecursiveInternal()
   at System.Web.UI.Control.PreRenderRecursiveInternal()
   at System.Web.UI.Control.PreRenderRecursiveInternal()
   at System.Web.UI.Control.PreRenderRecursiveInternal()
   at System.Web.UI.Control.PreRenderRecursiveInternal()
   at System.Web.UI.Page.ProcessRequestMain(Boolean includeStagesBeforeAsyncPoint, Boolean includeStagesAfterAsyncPoint)
Exception Type: System.Web.HttpUnhandledException
Exception: Exception of type 'System.Web.HttpUnhandledException' was thrown.
Source: Application_Error UNKNOWN Global.asax
Stack Trace: 
   at System.Web.UI.Page.HandleError(Exception e)
   at System.Web.UI.Page.ProcessRequestMain(Boolean includeStagesBeforeAsyncPoint, Boolean includeStagesAfterAsyncPoint)
   at System.Web.UI.Page.ProcessRequest(Boolean includeStagesBeforeAsyncPoint, Boolean includeStagesAfterAsyncPoint)
   at System.Web.UI.Page.ProcessRequest()
   at System.Web.UI.Page.ProcessRequest(HttpContext context)
   at System.Web.HttpApplication.CallHandlerExecutionStep.System.Web.HttpApplication.IExecutionStep.Execute()
   at System.Web.HttpApplication.ExecuteStep(IExecutionStep step, Boolean& completedSynchronously)

********** 10/22/2017 11:58:01 AM **********
Inner Exception Type: System.ArgumentOutOfRangeException
Inner Exception: Specified argument was out of the range of valid values.
Parameter name: index
Inner Source: System.Web
Inner Stack Trace: 
   at System.Web.UI.ControlCollection.get_Item(Int32 index)
   at Votations.NSurvey.WebControls.UI.QuestionItem.OnInit(EventArgs e) in D:\04_Development\GitHub\surveyproject_main_public\Reflector\Nsurvey_WebControls\Votations.NSurvey.WebControls.UI\QuestionItem.cs:line 87
   at System.Web.UI.Control.InitRecursive(Control namingContainer)
   at System.Web.UI.Control.AddedControl(Control control, Int32 index)
   at Votations.NSurvey.WebControls.SurveyBox.InsertQuestion(QuestionsRow question, Control container, Boolean enableQuestionDefaults) in D:\04_Development\GitHub\surveyproject_main_public\Reflector\Nsurvey_WebControls\Votations.NSurvey.WebControls\SurveyBox.cs:line 1039
   at Votations.NSurvey.WebControls.SurveyBox.BuildSurveyBox(Boolean enableQuestionDefaults) in D:\04_Development\GitHub\surveyproject_main_public\Reflector\Nsurvey_WebControls\Votations.NSurvey.WebControls\SurveyBox.cs:line 778
   at Votations.NSurvey.WebControls.SurveyBox.BuildSurvey() in D:\04_Development\GitHub\surveyproject_main_public\Reflector\Nsurvey_WebControls\Votations.NSurvey.WebControls\SurveyBox.cs:line 706
   at Votations.NSurvey.WebControls.SurveyBox.CreateChildControls() in D:\04_Development\GitHub\surveyproject_main_public\Reflector\Nsurvey_WebControls\Votations.NSurvey.WebControls\SurveyBox.cs:line 869
   at System.Web.UI.Control.EnsureChildControls()
   at System.Web.UI.Control.PreRenderRecursiveInternal()
   at System.Web.UI.Control.PreRenderRecursiveInternal()
   at System.Web.UI.Control.PreRenderRecursiveInternal()
   at System.Web.UI.Page.ProcessRequestMain(Boolean includeStagesBeforeAsyncPoint, Boolean includeStagesAfterAsyncPoint)
Exception Type: System.Web.HttpUnhandledException
Exception: Exception of type 'System.Web.HttpUnhandledException' was thrown.
Source: Application_Error AoRException - Global.asax
Stack Trace: 
   at System.Web.UI.Page.HandleError(Exception e)
   at System.Web.UI.Page.ProcessRequestMain(Boolean includeStagesBeforeAsyncPoint, Boolean includeStagesAfterAsyncPoint)
   at System.Web.UI.Page.ProcessRequest(Boolean includeStagesBeforeAsyncPoint, Boolean includeStagesAfterAsyncPoint)
   at System.Web.UI.Page.ProcessRequest()
   at System.Web.UI.Page.ProcessRequest(HttpContext context)
   at System.Web.HttpApplication.CallHandlerExecutionStep.System.Web.HttpApplication.IExecutionStep.Execute()
   at System.Web.HttpApplication.ExecuteStep(IExecutionStep step, Boolean& completedSynchronously)

********** 10/22/2017 11:58:01 AM **********
Exception Type: System.Exception
Exception: The (unknown) error was unhandled by application code.
Source: Application_Error Generic - Global.asax
Stack Trace: 
********** 10/22/2017 11:58:01 AM **********
Inner Exception Type: System.ArgumentOutOfRangeException
Inner Exception: Specified argument was out of the range of valid values.
Parameter name: index
Inner Source: System.Web
Inner Stack Trace: 
   at System.Web.UI.ControlCollection.get_Item(Int32 index)
   at Votations.NSurvey.WebControls.UI.QuestionItem.OnInit(EventArgs e) in D:\04_Development\GitHub\surveyproject_main_public\Reflector\Nsurvey_WebControls\Votations.NSurvey.WebControls.UI\QuestionItem.cs:line 87
   at System.Web.UI.Control.InitRecursive(Control namingContainer)
   at System.Web.UI.Control.AddedControl(Control control, Int32 index)
   at Votations.NSurvey.WebControls.SurveyBox.InsertQuestion(QuestionsRow question, Control container, Boolean enableQuestionDefaults) in D:\04_Development\GitHub\surveyproject_main_public\Reflector\Nsurvey_WebControls\Votations.NSurvey.WebControls\SurveyBox.cs:line 1039
   at Votations.NSurvey.WebControls.SurveyBox.BuildSurveyBox(Boolean enableQuestionDefaults) in D:\04_Development\GitHub\surveyproject_main_public\Reflector\Nsurvey_WebControls\Votations.NSurvey.WebControls\SurveyBox.cs:line 778
   at Votations.NSurvey.WebControls.SurveyBox.BuildSurvey() in D:\04_Development\GitHub\surveyproject_main_public\Reflector\Nsurvey_WebControls\Votations.NSurvey.WebControls\SurveyBox.cs:line 706
   at Votations.NSurvey.WebControls.SurveyBox.CreateChildControls() in D:\04_Development\GitHub\surveyproject_main_public\Reflector\Nsurvey_WebControls\Votations.NSurvey.WebControls\SurveyBox.cs:line 869
   at System.Web.UI.Control.EnsureChildControls()
   at System.Web.UI.Control.PreRenderRecursiveInternal()
   at System.Web.UI.Control.PreRenderRecursiveInternal()
   at System.Web.UI.Control.PreRenderRecursiveInternal()
   at System.Web.UI.Page.ProcessRequestMain(Boolean includeStagesBeforeAsyncPoint, Boolean includeStagesAfterAsyncPoint)
Exception Type: System.Web.HttpUnhandledException
Exception: Exception of type 'System.Web.HttpUnhandledException' was thrown.
Source: Application_Error UNKNOWN Global.asax
Stack Trace: 
   at System.Web.UI.Page.HandleError(Exception e)
   at System.Web.UI.Page.ProcessRequestMain(Boolean includeStagesBeforeAsyncPoint, Boolean includeStagesAfterAsyncPoint)
   at System.Web.UI.Page.ProcessRequest(Boolean includeStagesBeforeAsyncPoint, Boolean includeStagesAfterAsyncPoint)
   at System.Web.UI.Page.ProcessRequest()
   at System.Web.UI.Page.ProcessRequest(HttpContext context)
   at System.Web.HttpApplication.CallHandlerExecutionStep.System.Web.HttpApplication.IExecutionStep.Execute()
   at System.Web.HttpApplication.ExecuteStep(IExecutionStep step, Boolean& completedSynchronously)

********** 10/22/2017 11:58:32 AM **********
Inner Exception Type: System.ArgumentOutOfRangeException
Inner Exception: Specified argument was out of the range of valid values.
Parameter name: index
Inner Source: System.Web
Inner Stack Trace: 
   at System.Web.UI.ControlCollection.get_Item(Int32 index)
   at Votations.NSurvey.WebControls.UI.QuestionItem.OnInit(EventArgs e) in D:\04_Development\GitHub\surveyproject_main_public\Reflector\Nsurvey_WebControls\Votations.NSurvey.WebControls.UI\QuestionItem.cs:line 87
   at System.Web.UI.Control.InitRecursive(Control namingContainer)
   at System.Web.UI.Control.AddedControl(Control control, Int32 index)
   at Votations.NSurvey.WebControls.SurveyBox.InsertQuestion(QuestionsRow question, Control container, Boolean enableQuestionDefaults) in D:\04_Development\GitHub\surveyproject_main_public\Reflector\Nsurvey_WebControls\Votations.NSurvey.WebControls\SurveyBox.cs:line 1039
   at Votations.NSurvey.WebControls.SurveyBox.BuildSurveyBox(Boolean enableQuestionDefaults) in D:\04_Development\GitHub\surveyproject_main_public\Reflector\Nsurvey_WebControls\Votations.NSurvey.WebControls\SurveyBox.cs:line 778
   at Votations.NSurvey.WebControls.SurveyBox.BuildSurvey() in D:\04_Development\GitHub\surveyproject_main_public\Reflector\Nsurvey_WebControls\Votations.NSurvey.WebControls\SurveyBox.cs:line 706
   at Votations.NSurvey.WebControls.SurveyBox.CreateChildControls() in D:\04_Development\GitHub\surveyproject_main_public\Reflector\Nsurvey_WebControls\Votations.NSurvey.WebControls\SurveyBox.cs:line 869
   at System.Web.UI.Control.EnsureChildControls()
   at System.Web.UI.Control.PreRenderRecursiveInternal()
   at System.Web.UI.Control.PreRenderRecursiveInternal()
   at System.Web.UI.Control.PreRenderRecursiveInternal()
   at System.Web.UI.Page.ProcessRequestMain(Boolean includeStagesBeforeAsyncPoint, Boolean includeStagesAfterAsyncPoint)
Exception Type: System.Web.HttpUnhandledException
Exception: Exception of type 'System.Web.HttpUnhandledException' was thrown.
Source: Application_Error AoRException - Global.asax
Stack Trace: 
   at System.Web.UI.Page.HandleError(Exception e)
   at System.Web.UI.Page.ProcessRequestMain(Boolean includeStagesBeforeAsyncPoint, Boolean includeStagesAfterAsyncPoint)
   at System.Web.UI.Page.ProcessRequest(Boolean includeStagesBeforeAsyncPoint, Boolean includeStagesAfterAsyncPoint)
   at System.Web.UI.Page.ProcessRequest()
   at System.Web.UI.Page.ProcessRequest(HttpContext context)
   at System.Web.HttpApplication.CallHandlerExecutionStep.System.Web.HttpApplication.IExecutionStep.Execute()
   at System.Web.HttpApplication.ExecuteStep(IExecutionStep step, Boolean& completedSynchronously)

********** 10/22/2017 11:58:32 AM **********
Exception Type: System.Exception
Exception: The (unknown) error was unhandled by application code.
Source: Application_Error Generic - Global.asax
Stack Trace: 
********** 10/22/2017 11:58:32 AM **********
Inner Exception Type: System.ArgumentOutOfRangeException
Inner Exception: Specified argument was out of the range of valid values.
Parameter name: index
Inner Source: System.Web
Inner Stack Trace: 
   at System.Web.UI.ControlCollection.get_Item(Int32 index)
   at Votations.NSurvey.WebControls.UI.QuestionItem.OnInit(EventArgs e) in D:\04_Development\GitHub\surveyproject_main_public\Reflector\Nsurvey_WebControls\Votations.NSurvey.WebControls.UI\QuestionItem.cs:line 87
   at System.Web.UI.Control.InitRecursive(Control namingContainer)
   at System.Web.UI.Control.AddedControl(Control control, Int32 index)
   at Votations.NSurvey.WebControls.SurveyBox.InsertQuestion(QuestionsRow question, Control container, Boolean enableQuestionDefaults) in D:\04_Development\GitHub\surveyproject_main_public\Reflector\Nsurvey_WebControls\Votations.NSurvey.WebControls\SurveyBox.cs:line 1039
   at Votations.NSurvey.WebControls.SurveyBox.BuildSurveyBox(Boolean enableQuestionDefaults) in D:\04_Development\GitHub\surveyproject_main_public\Reflector\Nsurvey_WebControls\Votations.NSurvey.WebControls\SurveyBox.cs:line 778
   at Votations.NSurvey.WebControls.SurveyBox.BuildSurvey() in D:\04_Development\GitHub\surveyproject_main_public\Reflector\Nsurvey_WebControls\Votations.NSurvey.WebControls\SurveyBox.cs:line 706
   at Votations.NSurvey.WebControls.SurveyBox.CreateChildControls() in D:\04_Development\GitHub\surveyproject_main_public\Reflector\Nsurvey_WebControls\Votations.NSurvey.WebControls\SurveyBox.cs:line 869
   at System.Web.UI.Control.EnsureChildControls()
   at System.Web.UI.Control.PreRenderRecursiveInternal()
   at System.Web.UI.Control.PreRenderRecursiveInternal()
   at System.Web.UI.Control.PreRenderRecursiveInternal()
   at System.Web.UI.Page.ProcessRequestMain(Boolean includeStagesBeforeAsyncPoint, Boolean includeStagesAfterAsyncPoint)
Exception Type: System.Web.HttpUnhandledException
Exception: Exception of type 'System.Web.HttpUnhandledException' was thrown.
Source: Application_Error UNKNOWN Global.asax
Stack Trace: 
   at System.Web.UI.Page.HandleError(Exception e)
   at System.Web.UI.Page.ProcessRequestMain(Boolean includeStagesBeforeAsyncPoint, Boolean includeStagesAfterAsyncPoint)
   at System.Web.UI.Page.ProcessRequest(Boolean includeStagesBeforeAsyncPoint, Boolean includeStagesAfterAsyncPoint)
   at System.Web.UI.Page.ProcessRequest()
   at System.Web.UI.Page.ProcessRequest(HttpContext context)
   at System.Web.HttpApplication.CallHandlerExecutionStep.System.Web.HttpApplication.IExecutionStep.Execute()
   at System.Web.HttpApplication.ExecuteStep(IExecutionStep step, Boolean& completedSynchronously)

********** 11/7/2017 10:40:31 AM **********
Inner Exception Type: System.Web.HttpException
Inner Exception: A potentially dangerous Request.Path value was detected from the client (:).
Inner Source: System.Web
Inner Stack Trace: 
   at System.Web.HttpRequest.ValidateInputIfRequiredByConfig()
   at System.Web.HttpApplication.PipelineStepManager.ValidateHelper(HttpContext context)
Exception Type: System.Web.HttpException
Exception: A HTTP Error occured in the 4xx HTTP code range: Client Error.
Source: Application_Error -HttpError- Global.asax / HttpCode: 400
Stack Trace: 
********** 11/21/2017 6:38:44 PM **********
Exception Type: System.Web.HttpCompileException
Exception: d:\04_Development\GitHub\surveyproject_main_public\SurveyWAP\ADLogon.aspx(17): error CS1061: ASP.adlogon_aspx bevat geen definitie voor Login_Click en er is geen extensiemethode Login_Click gevonden waarmee het eerste argument van het type ASP.adlogon_aspx wordt geaccepteerd (mogelijk ontbreekt er een gebruiksinstructie of een assembly-verwijzing)
Source: Application_Error Generic - Global.asax
Stack Trace: 
   at System.Web.Compilation.BuildManager.CompileWebFile(VirtualPath virtualPath)
   at System.Web.Compilation.BuildManager.GetVPathBuildResultInternal(VirtualPath virtualPath, Boolean noBuild, Boolean allowCrossApp, Boolean allowBuildInPrecompile, Boolean throwIfNotFound, Boolean ensureIsUpToDate)
   at System.Web.Compilation.BuildManager.GetVPathBuildResultWithNoAssert(HttpContext context, VirtualPath virtualPath, Boolean noBuild, Boolean allowCrossApp, Boolean allowBuildInPrecompile, Boolean throwIfNotFound, Boolean ensureIsUpToDate)
   at System.Web.Compilation.BuildManager.GetVirtualPathObjectFactory(VirtualPath virtualPath, HttpContext context, Boolean allowCrossApp, Boolean throwIfNotFound)
   at System.Web.Compilation.BuildManager.CreateInstanceFromVirtualPath(VirtualPath virtualPath, Type requiredBaseType, HttpContext context, Boolean allowCrossApp)
   at System.Web.UI.PageHandlerFactory.GetHandlerHelper(HttpContext context, String requestType, VirtualPath virtualPath, String physicalPath)
   at System.Web.HttpApplication.MaterializeHandlerExecutionStep.System.Web.HttpApplication.IExecutionStep.Execute()
   at System.Web.HttpApplication.ExecuteStep(IExecutionStep step, Boolean& completedSynchronously)

********** 11/21/2017 6:38:44 PM **********
Exception Type: System.Web.HttpCompileException
Exception: d:\04_Development\GitHub\surveyproject_main_public\SurveyWAP\ADLogon.aspx(17): error CS1061: ASP.adlogon_aspx bevat geen definitie voor Login_Click en er is geen extensiemethode Login_Click gevonden waarmee het eerste argument van het type ASP.adlogon_aspx wordt geaccepteerd (mogelijk ontbreekt er een gebruiksinstructie of een assembly-verwijzing)
Source: Application_Error UNKNOWN Global.asax
Stack Trace: 
   at System.Web.Compilation.BuildManager.CompileWebFile(VirtualPath virtualPath)
   at System.Web.Compilation.BuildManager.GetVPathBuildResultInternal(VirtualPath virtualPath, Boolean noBuild, Boolean allowCrossApp, Boolean allowBuildInPrecompile, Boolean throwIfNotFound, Boolean ensureIsUpToDate)
   at System.Web.Compilation.BuildManager.GetVPathBuildResultWithNoAssert(HttpContext context, VirtualPath virtualPath, Boolean noBuild, Boolean allowCrossApp, Boolean allowBuildInPrecompile, Boolean throwIfNotFound, Boolean ensureIsUpToDate)
   at System.Web.Compilation.BuildManager.GetVirtualPathObjectFactory(VirtualPath virtualPath, HttpContext context, Boolean allowCrossApp, Boolean throwIfNotFound)
   at System.Web.Compilation.BuildManager.CreateInstanceFromVirtualPath(VirtualPath virtualPath, Type requiredBaseType, HttpContext context, Boolean allowCrossApp)
   at System.Web.UI.PageHandlerFactory.GetHandlerHelper(HttpContext context, String requestType, VirtualPath virtualPath, String physicalPath)
   at System.Web.HttpApplication.MaterializeHandlerExecutionStep.System.Web.HttpApplication.IExecutionStep.Execute()
   at System.Web.HttpApplication.ExecuteStep(IExecutionStep step, Boolean& completedSynchronously)

********** 11/21/2017 7:08:22 PM **********
Exception Type: System.MissingMethodException
Exception: Constructor on type 'Votations.NSurvey.UserProvider.ADUserProvider' not found.
Source: Application_Error Generic - Global.asax
Stack Trace: 
   at System.RuntimeType.CreateInstanceImpl(BindingFlags bindingAttr, Binder binder, Object[] args, CultureInfo culture, Object[] activationAttributes, StackCrawlMark& stackMark)
   at System.Activator.CreateInstance(Type type, BindingFlags bindingAttr, Binder binder, Object[] args, CultureInfo culture, Object[] activationAttributes)
   at System.Reflection.Assembly.CreateInstance(String typeName, Boolean ignoreCase, BindingFlags bindingAttr, Binder binder, Object[] args, CultureInfo culture, Object[] activationAttributes)
   at System.Reflection.Assembly.CreateInstance(String typeName)
   at Votations.NSurvey.UserProvider.UserFactory.Create() in D:\04_Development\GitHub\surveyproject_main_public\Reflector\Nsurvey_UserProvider\Votations.NSurvey.UserProvider\UserFactory.cs:line 26
   at Votations.NSurvey.Web.NSurveyContext..ctor() in D:\04_Development\GitHub\surveyproject_main_public\Reflector\Nsurvey_WebControls\Votations.NSurvey.Web\NSurveyContext.cs:line 14
   at Votations.NSurvey.Web.NSurveyContext.get_Current() in D:\04_Development\GitHub\surveyproject_main_public\Reflector\Nsurvey_WebControls\Votations.NSurvey.Web\NSurveyContext.cs:line 26
   at Votations.NSurvey.WebAdmin.PageBase..ctor() in D:\04_Development\GitHub\surveyproject_main_public\SurveyWAP\Code\PageBase.cs:line 68
   at Votations.NSurvey.WebAdmin._default..ctor()
   at ASP.default_aspx..ctor()
   at __ASP.FastObjectFactory_app_web_j2weyrbn.Create_ASP_default_aspx()
   at System.Web.Compilation.BuildManager.CreateInstanceFromVirtualPath(VirtualPath virtualPath, Type requiredBaseType, HttpContext context, Boolean allowCrossApp)
   at System.Web.UI.PageHandlerFactory.GetHandlerHelper(HttpContext context, String requestType, VirtualPath virtualPath, String physicalPath)
   at System.Web.HttpApplication.MaterializeHandlerExecutionStep.System.Web.HttpApplication.IExecutionStep.Execute()
   at System.Web.HttpApplication.ExecuteStep(IExecutionStep step, Boolean& completedSynchronously)

********** 11/21/2017 7:08:22 PM **********
Exception Type: System.MissingMethodException
Exception: Constructor on type 'Votations.NSurvey.UserProvider.ADUserProvider' not found.
Source: Application_Error UNKNOWN Global.asax
Stack Trace: 
   at System.RuntimeType.CreateInstanceImpl(BindingFlags bindingAttr, Binder binder, Object[] args, CultureInfo culture, Object[] activationAttributes, StackCrawlMark& stackMark)
   at System.Activator.CreateInstance(Type type, BindingFlags bindingAttr, Binder binder, Object[] args, CultureInfo culture, Object[] activationAttributes)
   at System.Reflection.Assembly.CreateInstance(String typeName, Boolean ignoreCase, BindingFlags bindingAttr, Binder binder, Object[] args, CultureInfo culture, Object[] activationAttributes)
   at System.Reflection.Assembly.CreateInstance(String typeName)
   at Votations.NSurvey.UserProvider.UserFactory.Create() in D:\04_Development\GitHub\surveyproject_main_public\Reflector\Nsurvey_UserProvider\Votations.NSurvey.UserProvider\UserFactory.cs:line 26
   at Votations.NSurvey.Web.NSurveyContext..ctor() in D:\04_Development\GitHub\surveyproject_main_public\Reflector\Nsurvey_WebControls\Votations.NSurvey.Web\NSurveyContext.cs:line 14
   at Votations.NSurvey.Web.NSurveyContext.get_Current() in D:\04_Development\GitHub\surveyproject_main_public\Reflector\Nsurvey_WebControls\Votations.NSurvey.Web\NSurveyContext.cs:line 26
   at Votations.NSurvey.WebAdmin.PageBase..ctor() in D:\04_Development\GitHub\surveyproject_main_public\SurveyWAP\Code\PageBase.cs:line 68
   at Votations.NSurvey.WebAdmin._default..ctor()
   at ASP.default_aspx..ctor()
   at __ASP.FastObjectFactory_app_web_j2weyrbn.Create_ASP_default_aspx()
   at System.Web.Compilation.BuildManager.CreateInstanceFromVirtualPath(VirtualPath virtualPath, Type requiredBaseType, HttpContext context, Boolean allowCrossApp)
   at System.Web.UI.PageHandlerFactory.GetHandlerHelper(HttpContext context, String requestType, VirtualPath virtualPath, String physicalPath)
   at System.Web.HttpApplication.MaterializeHandlerExecutionStep.System.Web.HttpApplication.IExecutionStep.Execute()
   at System.Web.HttpApplication.ExecuteStep(IExecutionStep step, Boolean& completedSynchronously)

********** 11/21/2017 7:08:29 PM **********
Exception Type: System.MissingMethodException
Exception: Constructor on type 'Votations.NSurvey.UserProvider.ADUserProvider' not found.
Source: Application_Error Generic - Global.asax
Stack Trace: 
   at System.RuntimeType.CreateInstanceImpl(BindingFlags bindingAttr, Binder binder, Object[] args, CultureInfo culture, Object[] activationAttributes, StackCrawlMark& stackMark)
   at System.Activator.CreateInstance(Type type, BindingFlags bindingAttr, Binder binder, Object[] args, CultureInfo culture, Object[] activationAttributes)
   at System.Reflection.Assembly.CreateInstance(String typeName, Boolean ignoreCase, BindingFlags bindingAttr, Binder binder, Object[] args, CultureInfo culture, Object[] activationAttributes)
   at System.Reflection.Assembly.CreateInstance(String typeName)
   at Votations.NSurvey.UserProvider.UserFactory.Create() in D:\04_Development\GitHub\surveyproject_main_public\Reflector\Nsurvey_UserProvider\Votations.NSurvey.UserProvider\UserFactory.cs:line 26
   at Votations.NSurvey.Web.NSurveyContext..ctor() in D:\04_Development\GitHub\surveyproject_main_public\Reflector\Nsurvey_WebControls\Votations.NSurvey.Web\NSurveyContext.cs:line 14
   at Votations.NSurvey.Web.NSurveyContext.get_Current() in D:\04_Development\GitHub\surveyproject_main_public\Reflector\Nsurvey_WebControls\Votations.NSurvey.Web\NSurveyContext.cs:line 26
   at Votations.NSurvey.WebAdmin.PageBase..ctor() in D:\04_Development\GitHub\surveyproject_main_public\SurveyWAP\Code\PageBase.cs:line 68
   at Votations.NSurvey.WebAdmin._default..ctor()
   at ASP.default_aspx..ctor()
   at __ASP.FastObjectFactory_app_web_j2weyrbn.Create_ASP_default_aspx()
   at System.Web.Compilation.BuildManager.CreateInstanceFromVirtualPath(VirtualPath virtualPath, Type requiredBaseType, HttpContext context, Boolean allowCrossApp)
   at System.Web.UI.PageHandlerFactory.GetHandlerHelper(HttpContext context, String requestType, VirtualPath virtualPath, String physicalPath)
   at System.Web.HttpApplication.MaterializeHandlerExecutionStep.System.Web.HttpApplication.IExecutionStep.Execute()
   at System.Web.HttpApplication.ExecuteStep(IExecutionStep step, Boolean& completedSynchronously)

********** 11/21/2017 7:08:29 PM **********
Exception Type: System.MissingMethodException
Exception: Constructor on type 'Votations.NSurvey.UserProvider.ADUserProvider' not found.
Source: Application_Error UNKNOWN Global.asax
Stack Trace: 
   at System.RuntimeType.CreateInstanceImpl(BindingFlags bindingAttr, Binder binder, Object[] args, CultureInfo culture, Object[] activationAttributes, StackCrawlMark& stackMark)
   at System.Activator.CreateInstance(Type type, BindingFlags bindingAttr, Binder binder, Object[] args, CultureInfo culture, Object[] activationAttributes)
   at System.Reflection.Assembly.CreateInstance(String typeName, Boolean ignoreCase, BindingFlags bindingAttr, Binder binder, Object[] args, CultureInfo culture, Object[] activationAttributes)
   at System.Reflection.Assembly.CreateInstance(String typeName)
   at Votations.NSurvey.UserProvider.UserFactory.Create() in D:\04_Development\GitHub\surveyproject_main_public\Reflector\Nsurvey_UserProvider\Votations.NSurvey.UserProvider\UserFactory.cs:line 26
   at Votations.NSurvey.Web.NSurveyContext..ctor() in D:\04_Development\GitHub\surveyproject_main_public\Reflector\Nsurvey_WebControls\Votations.NSurvey.Web\NSurveyContext.cs:line 14
   at Votations.NSurvey.Web.NSurveyContext.get_Current() in D:\04_Development\GitHub\surveyproject_main_public\Reflector\Nsurvey_WebControls\Votations.NSurvey.Web\NSurveyContext.cs:line 26
   at Votations.NSurvey.WebAdmin.PageBase..ctor() in D:\04_Development\GitHub\surveyproject_main_public\SurveyWAP\Code\PageBase.cs:line 68
   at Votations.NSurvey.WebAdmin._default..ctor()
   at ASP.default_aspx..ctor()
   at __ASP.FastObjectFactory_app_web_j2weyrbn.Create_ASP_default_aspx()
   at System.Web.Compilation.BuildManager.CreateInstanceFromVirtualPath(VirtualPath virtualPath, Type requiredBaseType, HttpContext context, Boolean allowCrossApp)
   at System.Web.UI.PageHandlerFactory.GetHandlerHelper(HttpContext context, String requestType, VirtualPath virtualPath, String physicalPath)
   at System.Web.HttpApplication.MaterializeHandlerExecutionStep.System.Web.HttpApplication.IExecutionStep.Execute()
   at System.Web.HttpApplication.ExecuteStep(IExecutionStep step, Boolean& completedSynchronously)

********** 11/21/2017 9:45:34 PM **********
Exception Type: System.MissingMethodException
Exception: Constructor on type 'Votations.NSurvey.UserProvider.ADUserProvider' not found.
Source: Application_Error Generic - Global.asax
Stack Trace: 
   at System.RuntimeType.CreateInstanceImpl(BindingFlags bindingAttr, Binder binder, Object[] args, CultureInfo culture, Object[] activationAttributes, StackCrawlMark& stackMark)
   at System.Activator.CreateInstance(Type type, BindingFlags bindingAttr, Binder binder, Object[] args, CultureInfo culture, Object[] activationAttributes)
   at System.Reflection.Assembly.CreateInstance(String typeName, Boolean ignoreCase, BindingFlags bindingAttr, Binder binder, Object[] args, CultureInfo culture, Object[] activationAttributes)
   at System.Reflection.Assembly.CreateInstance(String typeName)
   at Votations.NSurvey.UserProvider.UserFactory.Create() in D:\04_Development\GitHub\surveyproject_main_public\Reflector\Nsurvey_UserProvider\Votations.NSurvey.UserProvider\UserFactory.cs:line 26
   at Votations.NSurvey.Web.NSurveyContext..ctor() in D:\04_Development\GitHub\surveyproject_main_public\Reflector\Nsurvey_WebControls\Votations.NSurvey.Web\NSurveyContext.cs:line 14
   at Votations.NSurvey.Web.NSurveyContext.get_Current() in D:\04_Development\GitHub\surveyproject_main_public\Reflector\Nsurvey_WebControls\Votations.NSurvey.Web\NSurveyContext.cs:line 26
   at Votations.NSurvey.WebAdmin.PageBase..ctor() in D:\04_Development\GitHub\surveyproject_main_public\SurveyWAP\Code\PageBase.cs:line 68
   at Votations.NSurvey.WebAdmin._default..ctor()
   at ASP.default_aspx..ctor()
   at __ASP.FastObjectFactory_app_web_j2weyrbn.Create_ASP_default_aspx()
   at System.Web.Compilation.BuildManager.CreateInstanceFromVirtualPath(VirtualPath virtualPath, Type requiredBaseType, HttpContext context, Boolean allowCrossApp)
   at System.Web.UI.PageHandlerFactory.GetHandlerHelper(HttpContext context, String requestType, VirtualPath virtualPath, String physicalPath)
   at System.Web.HttpApplication.MaterializeHandlerExecutionStep.System.Web.HttpApplication.IExecutionStep.Execute()
   at System.Web.HttpApplication.ExecuteStep(IExecutionStep step, Boolean& completedSynchronously)

********** 11/21/2017 9:45:34 PM **********
Exception Type: System.MissingMethodException
Exception: Constructor on type 'Votations.NSurvey.UserProvider.ADUserProvider' not found.
Source: Application_Error UNKNOWN Global.asax
Stack Trace: 
   at System.RuntimeType.CreateInstanceImpl(BindingFlags bindingAttr, Binder binder, Object[] args, CultureInfo culture, Object[] activationAttributes, StackCrawlMark& stackMark)
   at System.Activator.CreateInstance(Type type, BindingFlags bindingAttr, Binder binder, Object[] args, CultureInfo culture, Object[] activationAttributes)
   at System.Reflection.Assembly.CreateInstance(String typeName, Boolean ignoreCase, BindingFlags bindingAttr, Binder binder, Object[] args, CultureInfo culture, Object[] activationAttributes)
   at System.Reflection.Assembly.CreateInstance(String typeName)
   at Votations.NSurvey.UserProvider.UserFactory.Create() in D:\04_Development\GitHub\surveyproject_main_public\Reflector\Nsurvey_UserProvider\Votations.NSurvey.UserProvider\UserFactory.cs:line 26
   at Votations.NSurvey.Web.NSurveyContext..ctor() in D:\04_Development\GitHub\surveyproject_main_public\Reflector\Nsurvey_WebControls\Votations.NSurvey.Web\NSurveyContext.cs:line 14
   at Votations.NSurvey.Web.NSurveyContext.get_Current() in D:\04_Development\GitHub\surveyproject_main_public\Reflector\Nsurvey_WebControls\Votations.NSurvey.Web\NSurveyContext.cs:line 26
   at Votations.NSurvey.WebAdmin.PageBase..ctor() in D:\04_Development\GitHub\surveyproject_main_public\SurveyWAP\Code\PageBase.cs:line 68
   at Votations.NSurvey.WebAdmin._default..ctor()
   at ASP.default_aspx..ctor()
   at __ASP.FastObjectFactory_app_web_j2weyrbn.Create_ASP_default_aspx()
   at System.Web.Compilation.BuildManager.CreateInstanceFromVirtualPath(VirtualPath virtualPath, Type requiredBaseType, HttpContext context, Boolean allowCrossApp)
   at System.Web.UI.PageHandlerFactory.GetHandlerHelper(HttpContext context, String requestType, VirtualPath virtualPath, String physicalPath)
   at System.Web.HttpApplication.MaterializeHandlerExecutionStep.System.Web.HttpApplication.IExecutionStep.Execute()
   at System.Web.HttpApplication.ExecuteStep(IExecutionStep step, Boolean& completedSynchronously)

********** 11/22/2017 9:58:54 AM **********
Exception Type: System.MissingMethodException
Exception: Constructor on type 'Votations.NSurvey.UserProvider.ADUserProvider' not found.
Source: Application_Error Generic - Global.asax
Stack Trace: 
   at System.RuntimeType.CreateInstanceImpl(BindingFlags bindingAttr, Binder binder, Object[] args, CultureInfo culture, Object[] activationAttributes, StackCrawlMark& stackMark)
   at System.Activator.CreateInstance(Type type, BindingFlags bindingAttr, Binder binder, Object[] args, CultureInfo culture, Object[] activationAttributes)
   at System.Reflection.Assembly.CreateInstance(String typeName, Boolean ignoreCase, BindingFlags bindingAttr, Binder binder, Object[] args, CultureInfo culture, Object[] activationAttributes)
   at System.Reflection.Assembly.CreateInstance(String typeName)
   at Votations.NSurvey.UserProvider.UserFactory.Create() in D:\04_Development\GitHub\surveyproject_main_public\Reflector\Nsurvey_UserProvider\Votations.NSurvey.UserProvider\UserFactory.cs:line 26
   at Votations.NSurvey.Web.NSurveyContext..ctor() in D:\04_Development\GitHub\surveyproject_main_public\Reflector\Nsurvey_WebControls\Votations.NSurvey.Web\NSurveyContext.cs:line 14
   at Votations.NSurvey.Web.NSurveyContext.get_Current() in D:\04_Development\GitHub\surveyproject_main_public\Reflector\Nsurvey_WebControls\Votations.NSurvey.Web\NSurveyContext.cs:line 26
   at Votations.NSurvey.WebAdmin.PageBase..ctor() in D:\04_Development\GitHub\surveyproject_main_public\SurveyWAP\Code\PageBase.cs:line 68
   at Votations.NSurvey.WebAdmin._default..ctor()
   at ASP.default_aspx..ctor()
   at __ASP.FastObjectFactory_app_web_j2weyrbn.Create_ASP_default_aspx()
   at System.Web.Compilation.BuildManager.CreateInstanceFromVirtualPath(VirtualPath virtualPath, Type requiredBaseType, HttpContext context, Boolean allowCrossApp)
   at System.Web.UI.PageHandlerFactory.GetHandlerHelper(HttpContext context, String requestType, VirtualPath virtualPath, String physicalPath)
   at System.Web.HttpApplication.MaterializeHandlerExecutionStep.System.Web.HttpApplication.IExecutionStep.Execute()
   at System.Web.HttpApplication.ExecuteStep(IExecutionStep step, Boolean& completedSynchronously)

********** 11/22/2017 9:58:54 AM **********
Exception Type: System.MissingMethodException
Exception: Constructor on type 'Votations.NSurvey.UserProvider.ADUserProvider' not found.
Source: Application_Error UNKNOWN Global.asax
Stack Trace: 
   at System.RuntimeType.CreateInstanceImpl(BindingFlags bindingAttr, Binder binder, Object[] args, CultureInfo culture, Object[] activationAttributes, StackCrawlMark& stackMark)
   at System.Activator.CreateInstance(Type type, BindingFlags bindingAttr, Binder binder, Object[] args, CultureInfo culture, Object[] activationAttributes)
   at System.Reflection.Assembly.CreateInstance(String typeName, Boolean ignoreCase, BindingFlags bindingAttr, Binder binder, Object[] args, CultureInfo culture, Object[] activationAttributes)
   at System.Reflection.Assembly.CreateInstance(String typeName)
   at Votations.NSurvey.UserProvider.UserFactory.Create() in D:\04_Development\GitHub\surveyproject_main_public\Reflector\Nsurvey_UserProvider\Votations.NSurvey.UserProvider\UserFactory.cs:line 26
   at Votations.NSurvey.Web.NSurveyContext..ctor() in D:\04_Development\GitHub\surveyproject_main_public\Reflector\Nsurvey_WebControls\Votations.NSurvey.Web\NSurveyContext.cs:line 14
   at Votations.NSurvey.Web.NSurveyContext.get_Current() in D:\04_Development\GitHub\surveyproject_main_public\Reflector\Nsurvey_WebControls\Votations.NSurvey.Web\NSurveyContext.cs:line 26
   at Votations.NSurvey.WebAdmin.PageBase..ctor() in D:\04_Development\GitHub\surveyproject_main_public\SurveyWAP\Code\PageBase.cs:line 68
   at Votations.NSurvey.WebAdmin._default..ctor()
   at ASP.default_aspx..ctor()
   at __ASP.FastObjectFactory_app_web_j2weyrbn.Create_ASP_default_aspx()
   at System.Web.Compilation.BuildManager.CreateInstanceFromVirtualPath(VirtualPath virtualPath, Type requiredBaseType, HttpContext context, Boolean allowCrossApp)
   at System.Web.UI.PageHandlerFactory.GetHandlerHelper(HttpContext context, String requestType, VirtualPath virtualPath, String physicalPath)
   at System.Web.HttpApplication.MaterializeHandlerExecutionStep.System.Web.HttpApplication.IExecutionStep.Execute()
   at System.Web.HttpApplication.ExecuteStep(IExecutionStep step, Boolean& completedSynchronously)

********** 11/22/2017 10:45:28 AM **********
Exception Type: System.MissingMethodException
Exception: Constructor on type 'Votations.NSurvey.UserProvider.ADUserProvider' not found.
Source: Application_Error Generic - Global.asax
Stack Trace: 
   at System.RuntimeType.CreateInstanceImpl(BindingFlags bindingAttr, Binder binder, Object[] args, CultureInfo culture, Object[] activationAttributes, StackCrawlMark& stackMark)
   at System.Activator.CreateInstance(Type type, BindingFlags bindingAttr, Binder binder, Object[] args, CultureInfo culture, Object[] activationAttributes)
   at System.Reflection.Assembly.CreateInstance(String typeName, Boolean ignoreCase, BindingFlags bindingAttr, Binder binder, Object[] args, CultureInfo culture, Object[] activationAttributes)
   at System.Reflection.Assembly.CreateInstance(String typeName)
   at Votations.NSurvey.UserProvider.UserFactory.Create() in D:\04_Development\GitHub\surveyproject_main_public\Reflector\Nsurvey_UserProvider\Votations.NSurvey.UserProvider\UserFactory.cs:line 26
   at Votations.NSurvey.Web.NSurveyContext..ctor() in D:\04_Development\GitHub\surveyproject_main_public\Reflector\Nsurvey_WebControls\Votations.NSurvey.Web\NSurveyContext.cs:line 14
   at Votations.NSurvey.Web.NSurveyContext.get_Current() in D:\04_Development\GitHub\surveyproject_main_public\Reflector\Nsurvey_WebControls\Votations.NSurvey.Web\NSurveyContext.cs:line 26
   at Votations.NSurvey.WebAdmin.PageBase..ctor() in D:\04_Development\GitHub\surveyproject_main_public\SurveyWAP\Code\PageBase.cs:line 68
   at Votations.NSurvey.WebAdmin._default..ctor()
   at ASP.default_aspx..ctor()
   at __ASP.FastObjectFactory_app_web_j2weyrbn.Create_ASP_default_aspx()
   at System.Web.Compilation.BuildManager.CreateInstanceFromVirtualPath(VirtualPath virtualPath, Type requiredBaseType, HttpContext context, Boolean allowCrossApp)
   at System.Web.UI.PageHandlerFactory.GetHandlerHelper(HttpContext context, String requestType, VirtualPath virtualPath, String physicalPath)
   at System.Web.HttpApplication.MaterializeHandlerExecutionStep.System.Web.HttpApplication.IExecutionStep.Execute()
   at System.Web.HttpApplication.ExecuteStep(IExecutionStep step, Boolean& completedSynchronously)

********** 11/22/2017 10:45:28 AM **********
Exception Type: System.MissingMethodException
Exception: Constructor on type 'Votations.NSurvey.UserProvider.ADUserProvider' not found.
Source: Application_Error UNKNOWN Global.asax
Stack Trace: 
   at System.RuntimeType.CreateInstanceImpl(BindingFlags bindingAttr, Binder binder, Object[] args, CultureInfo culture, Object[] activationAttributes, StackCrawlMark& stackMark)
   at System.Activator.CreateInstance(Type type, BindingFlags bindingAttr, Binder binder, Object[] args, CultureInfo culture, Object[] activationAttributes)
   at System.Reflection.Assembly.CreateInstance(String typeName, Boolean ignoreCase, BindingFlags bindingAttr, Binder binder, Object[] args, CultureInfo culture, Object[] activationAttributes)
   at System.Reflection.Assembly.CreateInstance(String typeName)
   at Votations.NSurvey.UserProvider.UserFactory.Create() in D:\04_Development\GitHub\surveyproject_main_public\Reflector\Nsurvey_UserProvider\Votations.NSurvey.UserProvider\UserFactory.cs:line 26
   at Votations.NSurvey.Web.NSurveyContext..ctor() in D:\04_Development\GitHub\surveyproject_main_public\Reflector\Nsurvey_WebControls\Votations.NSurvey.Web\NSurveyContext.cs:line 14
   at Votations.NSurvey.Web.NSurveyContext.get_Current() in D:\04_Development\GitHub\surveyproject_main_public\Reflector\Nsurvey_WebControls\Votations.NSurvey.Web\NSurveyContext.cs:line 26
   at Votations.NSurvey.WebAdmin.PageBase..ctor() in D:\04_Development\GitHub\surveyproject_main_public\SurveyWAP\Code\PageBase.cs:line 68
   at Votations.NSurvey.WebAdmin._default..ctor()
   at ASP.default_aspx..ctor()
   at __ASP.FastObjectFactory_app_web_j2weyrbn.Create_ASP_default_aspx()
   at System.Web.Compilation.BuildManager.CreateInstanceFromVirtualPath(VirtualPath virtualPath, Type requiredBaseType, HttpContext context, Boolean allowCrossApp)
   at System.Web.UI.PageHandlerFactory.GetHandlerHelper(HttpContext context, String requestType, VirtualPath virtualPath, String physicalPath)
   at System.Web.HttpApplication.MaterializeHandlerExecutionStep.System.Web.HttpApplication.IExecutionStep.Execute()
   at System.Web.HttpApplication.ExecuteStep(IExecutionStep step, Boolean& completedSynchronously)

********** 11/22/2017 11:03:32 AM **********
Exception Type: System.MissingMethodException
Exception: Constructor on type 'Votations.NSurvey.UserProvider.ADUserProvider' not found.
Source: Application_Error Generic - Global.asax
Stack Trace: 
   at System.RuntimeType.CreateInstanceImpl(BindingFlags bindingAttr, Binder binder, Object[] args, CultureInfo culture, Object[] activationAttributes, StackCrawlMark& stackMark)
   at System.Activator.CreateInstance(Type type, BindingFlags bindingAttr, Binder binder, Object[] args, CultureInfo culture, Object[] activationAttributes)
   at System.Reflection.Assembly.CreateInstance(String typeName, Boolean ignoreCase, BindingFlags bindingAttr, Binder binder, Object[] args, CultureInfo culture, Object[] activationAttributes)
   at System.Reflection.Assembly.CreateInstance(String typeName)
   at Votations.NSurvey.UserProvider.UserFactory.Create()
   at Votations.NSurvey.Web.NSurveyContext..ctor()
   at Votations.NSurvey.Web.NSurveyContext.get_Current()
   at Votations.NSurvey.WebAdmin.PageBase..ctor()
   at Votations.NSurvey.WebAdmin._default..ctor()
   at ASP.default_aspx..ctor()
   at __ASP.FastObjectFactory_app_web_5pgwt2bh.Create_ASP_default_aspx()
   at System.Web.Compilation.BuildManager.CreateInstanceFromVirtualPath(VirtualPath virtualPath, Type requiredBaseType, HttpContext context, Boolean allowCrossApp)
   at System.Web.UI.PageHandlerFactory.GetHandlerHelper(HttpContext context, String requestType, VirtualPath virtualPath, String physicalPath)
   at System.Web.HttpApplication.MaterializeHandlerExecutionStep.System.Web.HttpApplication.IExecutionStep.Execute()
   at System.Web.HttpApplication.ExecuteStep(IExecutionStep step, Boolean& completedSynchronously)

********** 11/22/2017 11:03:32 AM **********
Exception Type: System.MissingMethodException
Exception: Constructor on type 'Votations.NSurvey.UserProvider.ADUserProvider' not found.
Source: Application_Error UNKNOWN Global.asax
Stack Trace: 
   at System.RuntimeType.CreateInstanceImpl(BindingFlags bindingAttr, Binder binder, Object[] args, CultureInfo culture, Object[] activationAttributes, StackCrawlMark& stackMark)
   at System.Activator.CreateInstance(Type type, BindingFlags bindingAttr, Binder binder, Object[] args, CultureInfo culture, Object[] activationAttributes)
   at System.Reflection.Assembly.CreateInstance(String typeName, Boolean ignoreCase, BindingFlags bindingAttr, Binder binder, Object[] args, CultureInfo culture, Object[] activationAttributes)
   at System.Reflection.Assembly.CreateInstance(String typeName)
   at Votations.NSurvey.UserProvider.UserFactory.Create()
   at Votations.NSurvey.Web.NSurveyContext..ctor()
   at Votations.NSurvey.Web.NSurveyContext.get_Current()
   at Votations.NSurvey.WebAdmin.PageBase..ctor()
   at Votations.NSurvey.WebAdmin._default..ctor()
   at ASP.default_aspx..ctor()
   at __ASP.FastObjectFactory_app_web_5pgwt2bh.Create_ASP_default_aspx()
   at System.Web.Compilation.BuildManager.CreateInstanceFromVirtualPath(VirtualPath virtualPath, Type requiredBaseType, HttpContext context, Boolean allowCrossApp)
   at System.Web.UI.PageHandlerFactory.GetHandlerHelper(HttpContext context, String requestType, VirtualPath virtualPath, String physicalPath)
   at System.Web.HttpApplication.MaterializeHandlerExecutionStep.System.Web.HttpApplication.IExecutionStep.Execute()
   at System.Web.HttpApplication.ExecuteStep(IExecutionStep step, Boolean& completedSynchronously)

********** 11/22/2017 2:32:22 PM **********
Exception Type: System.MissingMethodException
Exception: Constructor on type 'Votations.NSurvey.UserProvider.ADUserProvider' not found.
Source: Application_Error Generic - Global.asax
Stack Trace: 
   at System.RuntimeType.CreateInstanceImpl(BindingFlags bindingAttr, Binder binder, Object[] args, CultureInfo culture, Object[] activationAttributes, StackCrawlMark& stackMark)
   at System.Activator.CreateInstance(Type type, BindingFlags bindingAttr, Binder binder, Object[] args, CultureInfo culture, Object[] activationAttributes)
   at System.Reflection.Assembly.CreateInstance(String typeName, Boolean ignoreCase, BindingFlags bindingAttr, Binder binder, Object[] args, CultureInfo culture, Object[] activationAttributes)
   at System.Reflection.Assembly.CreateInstance(String typeName)
   at Votations.NSurvey.UserProvider.UserFactory.Create()
   at Votations.NSurvey.Web.NSurveyContext..ctor()
   at Votations.NSurvey.Web.NSurveyContext.get_Current()
   at Votations.NSurvey.WebAdmin.PageBase..ctor()
   at Votations.NSurvey.WebAdmin._default..ctor()
   at ASP.default_aspx..ctor()
   at __ASP.FastObjectFactory_app_web_o0jnzb1y.Create_ASP_default_aspx()
   at System.Web.Compilation.BuildManager.CreateInstanceFromVirtualPath(VirtualPath virtualPath, Type requiredBaseType, HttpContext context, Boolean allowCrossApp)
   at System.Web.UI.PageHandlerFactory.GetHandlerHelper(HttpContext context, String requestType, VirtualPath virtualPath, String physicalPath)
   at System.Web.HttpApplication.MaterializeHandlerExecutionStep.System.Web.HttpApplication.IExecutionStep.Execute()
   at System.Web.HttpApplication.ExecuteStep(IExecutionStep step, Boolean& completedSynchronously)

********** 11/22/2017 2:32:22 PM **********
Exception Type: System.MissingMethodException
Exception: Constructor on type 'Votations.NSurvey.UserProvider.ADUserProvider' not found.
Source: Application_Error UNKNOWN Global.asax
Stack Trace: 
   at System.RuntimeType.CreateInstanceImpl(BindingFlags bindingAttr, Binder binder, Object[] args, CultureInfo culture, Object[] activationAttributes, StackCrawlMark& stackMark)
   at System.Activator.CreateInstance(Type type, BindingFlags bindingAttr, Binder binder, Object[] args, CultureInfo culture, Object[] activationAttributes)
   at System.Reflection.Assembly.CreateInstance(String typeName, Boolean ignoreCase, BindingFlags bindingAttr, Binder binder, Object[] args, CultureInfo culture, Object[] activationAttributes)
   at System.Reflection.Assembly.CreateInstance(String typeName)
   at Votations.NSurvey.UserProvider.UserFactory.Create()
   at Votations.NSurvey.Web.NSurveyContext..ctor()
   at Votations.NSurvey.Web.NSurveyContext.get_Current()
   at Votations.NSurvey.WebAdmin.PageBase..ctor()
   at Votations.NSurvey.WebAdmin._default..ctor()
   at ASP.default_aspx..ctor()
   at __ASP.FastObjectFactory_app_web_o0jnzb1y.Create_ASP_default_aspx()
   at System.Web.Compilation.BuildManager.CreateInstanceFromVirtualPath(VirtualPath virtualPath, Type requiredBaseType, HttpContext context, Boolean allowCrossApp)
   at System.Web.UI.PageHandlerFactory.GetHandlerHelper(HttpContext context, String requestType, VirtualPath virtualPath, String physicalPath)
   at System.Web.HttpApplication.MaterializeHandlerExecutionStep.System.Web.HttpApplication.IExecutionStep.Execute()
   at System.Web.HttpApplication.ExecuteStep(IExecutionStep step, Boolean& completedSynchronously)

********** 11/27/2017 10:17:49 AM **********
Exception Type: System.MissingMethodException
Exception: Constructor on type 'Votations.NSurvey.UserProvider.ADUserProvider' not found.
Source: Application_Error Generic - Global.asax
Stack Trace: 
   at System.RuntimeType.CreateInstanceImpl(BindingFlags bindingAttr, Binder binder, Object[] args, CultureInfo culture, Object[] activationAttributes, StackCrawlMark& stackMark)
   at System.Activator.CreateInstance(Type type, BindingFlags bindingAttr, Binder binder, Object[] args, CultureInfo culture, Object[] activationAttributes)
   at System.Reflection.Assembly.CreateInstance(String typeName, Boolean ignoreCase, BindingFlags bindingAttr, Binder binder, Object[] args, CultureInfo culture, Object[] activationAttributes)
   at System.Reflection.Assembly.CreateInstance(String typeName)
   at Votations.NSurvey.UserProvider.UserFactory.Create()
   at Votations.NSurvey.Web.NSurveyContext..ctor()
   at Votations.NSurvey.Web.NSurveyContext.get_Current()
   at Votations.NSurvey.WebAdmin.PageBase..ctor()
   at Votations.NSurvey.WebAdmin._default..ctor()
   at ASP.default_aspx..ctor()
   at __ASP.FastObjectFactory_app_web_o0jnzb1y.Create_ASP_default_aspx()
   at System.Web.Compilation.BuildManager.CreateInstanceFromVirtualPath(VirtualPath virtualPath, Type requiredBaseType, HttpContext context, Boolean allowCrossApp)
   at System.Web.UI.PageHandlerFactory.GetHandlerHelper(HttpContext context, String requestType, VirtualPath virtualPath, String physicalPath)
   at System.Web.HttpApplication.MaterializeHandlerExecutionStep.System.Web.HttpApplication.IExecutionStep.Execute()
   at System.Web.HttpApplication.ExecuteStep(IExecutionStep step, Boolean& completedSynchronously)

********** 11/27/2017 10:17:49 AM **********
Exception Type: System.MissingMethodException
Exception: Constructor on type 'Votations.NSurvey.UserProvider.ADUserProvider' not found.
Source: Application_Error UNKNOWN Global.asax
Stack Trace: 
   at System.RuntimeType.CreateInstanceImpl(BindingFlags bindingAttr, Binder binder, Object[] args, CultureInfo culture, Object[] activationAttributes, StackCrawlMark& stackMark)
   at System.Activator.CreateInstance(Type type, BindingFlags bindingAttr, Binder binder, Object[] args, CultureInfo culture, Object[] activationAttributes)
   at System.Reflection.Assembly.CreateInstance(String typeName, Boolean ignoreCase, BindingFlags bindingAttr, Binder binder, Object[] args, CultureInfo culture, Object[] activationAttributes)
   at System.Reflection.Assembly.CreateInstance(String typeName)
   at Votations.NSurvey.UserProvider.UserFactory.Create()
   at Votations.NSurvey.Web.NSurveyContext..ctor()
   at Votations.NSurvey.Web.NSurveyContext.get_Current()
   at Votations.NSurvey.WebAdmin.PageBase..ctor()
   at Votations.NSurvey.WebAdmin._default..ctor()
   at ASP.default_aspx..ctor()
   at __ASP.FastObjectFactory_app_web_o0jnzb1y.Create_ASP_default_aspx()
   at System.Web.Compilation.BuildManager.CreateInstanceFromVirtualPath(VirtualPath virtualPath, Type requiredBaseType, HttpContext context, Boolean allowCrossApp)
   at System.Web.UI.PageHandlerFactory.GetHandlerHelper(HttpContext context, String requestType, VirtualPath virtualPath, String physicalPath)
   at System.Web.HttpApplication.MaterializeHandlerExecutionStep.System.Web.HttpApplication.IExecutionStep.Execute()
   at System.Web.HttpApplication.ExecuteStep(IExecutionStep step, Boolean& completedSynchronously)

********** 11/27/2017 12:15:26 PM **********
Exception Type: System.FormatException
Exception: String was not recognized as a valid Boolean.
Source: Application_Error Generic - Global.asax
Stack Trace: 
   at System.Boolean.Parse(String value)
   at Votations.NSurvey.UserProvider.FormUserProvider.get_SingleUserMode() in D:\04_Development\GitHub\surveyproject_main_public\Reflector\Nsurvey_UserProvider\Votations.NSurvey.UserProvider\FormUserProvider.cs:line 86
   at Votations.NSurvey.UserProvider.FormUserProvider.CreatePrincipal(String userName) in D:\04_Development\GitHub\surveyproject_main_public\Reflector\Nsurvey_UserProvider\Votations.NSurvey.UserProvider\FormUserProvider.cs:line 27
   at Votations.NSurvey.Web.NSurveyContext..ctor() in D:\04_Development\GitHub\surveyproject_main_public\Reflector\Nsurvey_WebControls\Votations.NSurvey.Web\NSurveyContext.cs:line 14
   at Votations.NSurvey.Web.NSurveyContext.get_Current() in D:\04_Development\GitHub\surveyproject_main_public\Reflector\Nsurvey_WebControls\Votations.NSurvey.Web\NSurveyContext.cs:line 26
   at Votations.NSurvey.WebAdmin.PageBase..ctor() in D:\04_Development\GitHub\surveyproject_main_public\SurveyWAP\Code\PageBase.cs:line 68
   at Votations.NSurvey.WebAdmin._default..ctor()
   at ASP.default_aspx..ctor() in c:\Windows\Microsoft.NET\Framework64\v4.0.30319\Temporary ASP.NET Files\sp25dev\ae53a15b\4d163bda\App_Web_5cdsuyli.0.cs:line 0
   at __ASP.FastObjectFactory_app_web_5cdsuyli.Create_ASP_default_aspx() in c:\Windows\Microsoft.NET\Framework64\v4.0.30319\Temporary ASP.NET Files\sp25dev\ae53a15b\4d163bda\App_Web_5cdsuyli.1.cs:line 0
   at System.Web.Compilation.BuildManager.CreateInstanceFromVirtualPath(VirtualPath virtualPath, Type requiredBaseType, HttpContext context, Boolean allowCrossApp)
   at System.Web.UI.PageHandlerFactory.GetHandlerHelper(HttpContext context, String requestType, VirtualPath virtualPath, String physicalPath)
   at System.Web.HttpApplication.MaterializeHandlerExecutionStep.System.Web.HttpApplication.IExecutionStep.Execute()
   at System.Web.HttpApplication.ExecuteStep(IExecutionStep step, Boolean& completedSynchronously)

********** 11/27/2017 12:15:26 PM **********
Exception Type: System.FormatException
Exception: String was not recognized as a valid Boolean.
Source: Application_Error UNKNOWN Global.asax
Stack Trace: 
   at System.Boolean.Parse(String value)
   at Votations.NSurvey.UserProvider.FormUserProvider.get_SingleUserMode() in D:\04_Development\GitHub\surveyproject_main_public\Reflector\Nsurvey_UserProvider\Votations.NSurvey.UserProvider\FormUserProvider.cs:line 86
   at Votations.NSurvey.UserProvider.FormUserProvider.CreatePrincipal(String userName) in D:\04_Development\GitHub\surveyproject_main_public\Reflector\Nsurvey_UserProvider\Votations.NSurvey.UserProvider\FormUserProvider.cs:line 27
   at Votations.NSurvey.Web.NSurveyContext..ctor() in D:\04_Development\GitHub\surveyproject_main_public\Reflector\Nsurvey_WebControls\Votations.NSurvey.Web\NSurveyContext.cs:line 14
   at Votations.NSurvey.Web.NSurveyContext.get_Current() in D:\04_Development\GitHub\surveyproject_main_public\Reflector\Nsurvey_WebControls\Votations.NSurvey.Web\NSurveyContext.cs:line 26
   at Votations.NSurvey.WebAdmin.PageBase..ctor() in D:\04_Development\GitHub\surveyproject_main_public\SurveyWAP\Code\PageBase.cs:line 68
   at Votations.NSurvey.WebAdmin._default..ctor()
   at ASP.default_aspx..ctor() in c:\Windows\Microsoft.NET\Framework64\v4.0.30319\Temporary ASP.NET Files\sp25dev\ae53a15b\4d163bda\App_Web_5cdsuyli.0.cs:line 0
   at __ASP.FastObjectFactory_app_web_5cdsuyli.Create_ASP_default_aspx() in c:\Windows\Microsoft.NET\Framework64\v4.0.30319\Temporary ASP.NET Files\sp25dev\ae53a15b\4d163bda\App_Web_5cdsuyli.1.cs:line 0
   at System.Web.Compilation.BuildManager.CreateInstanceFromVirtualPath(VirtualPath virtualPath, Type requiredBaseType, HttpContext context, Boolean allowCrossApp)
   at System.Web.UI.PageHandlerFactory.GetHandlerHelper(HttpContext context, String requestType, VirtualPath virtualPath, String physicalPath)
   at System.Web.HttpApplication.MaterializeHandlerExecutionStep.System.Web.HttpApplication.IExecutionStep.Execute()
   at System.Web.HttpApplication.ExecuteStep(IExecutionStep step, Boolean& completedSynchronously)

********** 11/27/2017 12:15:43 PM **********
Exception Type: System.FormatException
Exception: String was not recognized as a valid Boolean.
Source: Application_Error Generic - Global.asax
Stack Trace: 
   at System.Boolean.Parse(String value)
   at Votations.NSurvey.UserProvider.FormUserProvider.get_SingleUserMode() in D:\04_Development\GitHub\surveyproject_main_public\Reflector\Nsurvey_UserProvider\Votations.NSurvey.UserProvider\FormUserProvider.cs:line 86
   at Votations.NSurvey.UserProvider.FormUserProvider.CreatePrincipal(String userName) in D:\04_Development\GitHub\surveyproject_main_public\Reflector\Nsurvey_UserProvider\Votations.NSurvey.UserProvider\FormUserProvider.cs:line 27
   at Votations.NSurvey.Web.NSurveyContext..ctor() in D:\04_Development\GitHub\surveyproject_main_public\Reflector\Nsurvey_WebControls\Votations.NSurvey.Web\NSurveyContext.cs:line 14
   at Votations.NSurvey.Web.NSurveyContext.get_Current() in D:\04_Development\GitHub\surveyproject_main_public\Reflector\Nsurvey_WebControls\Votations.NSurvey.Web\NSurveyContext.cs:line 26
   at Votations.NSurvey.WebAdmin.PageBase..ctor() in D:\04_Development\GitHub\surveyproject_main_public\SurveyWAP\Code\PageBase.cs:line 68
   at Votations.NSurvey.WebAdmin._default..ctor()
   at ASP.default_aspx..ctor() in c:\Windows\Microsoft.NET\Framework64\v4.0.30319\Temporary ASP.NET Files\sp25dev\ae53a15b\4d163bda\App_Web_5cdsuyli.0.cs:line 0
   at __ASP.FastObjectFactory_app_web_5cdsuyli.Create_ASP_default_aspx() in c:\Windows\Microsoft.NET\Framework64\v4.0.30319\Temporary ASP.NET Files\sp25dev\ae53a15b\4d163bda\App_Web_5cdsuyli.1.cs:line 0
   at System.Web.Compilation.BuildManager.CreateInstanceFromVirtualPath(VirtualPath virtualPath, Type requiredBaseType, HttpContext context, Boolean allowCrossApp)
   at System.Web.UI.PageHandlerFactory.GetHandlerHelper(HttpContext context, String requestType, VirtualPath virtualPath, String physicalPath)
   at System.Web.HttpApplication.MaterializeHandlerExecutionStep.System.Web.HttpApplication.IExecutionStep.Execute()
   at System.Web.HttpApplication.ExecuteStep(IExecutionStep step, Boolean& completedSynchronously)

********** 11/27/2017 12:15:43 PM **********
Exception Type: System.FormatException
Exception: String was not recognized as a valid Boolean.
Source: Application_Error UNKNOWN Global.asax
Stack Trace: 
   at System.Boolean.Parse(String value)
   at Votations.NSurvey.UserProvider.FormUserProvider.get_SingleUserMode() in D:\04_Development\GitHub\surveyproject_main_public\Reflector\Nsurvey_UserProvider\Votations.NSurvey.UserProvider\FormUserProvider.cs:line 86
   at Votations.NSurvey.UserProvider.FormUserProvider.CreatePrincipal(String userName) in D:\04_Development\GitHub\surveyproject_main_public\Reflector\Nsurvey_UserProvider\Votations.NSurvey.UserProvider\FormUserProvider.cs:line 27
   at Votations.NSurvey.Web.NSurveyContext..ctor() in D:\04_Development\GitHub\surveyproject_main_public\Reflector\Nsurvey_WebControls\Votations.NSurvey.Web\NSurveyContext.cs:line 14
   at Votations.NSurvey.Web.NSurveyContext.get_Current() in D:\04_Development\GitHub\surveyproject_main_public\Reflector\Nsurvey_WebControls\Votations.NSurvey.Web\NSurveyContext.cs:line 26
   at Votations.NSurvey.WebAdmin.PageBase..ctor() in D:\04_Development\GitHub\surveyproject_main_public\SurveyWAP\Code\PageBase.cs:line 68
   at Votations.NSurvey.WebAdmin._default..ctor()
   at ASP.default_aspx..ctor() in c:\Windows\Microsoft.NET\Framework64\v4.0.30319\Temporary ASP.NET Files\sp25dev\ae53a15b\4d163bda\App_Web_5cdsuyli.0.cs:line 0
   at __ASP.FastObjectFactory_app_web_5cdsuyli.Create_ASP_default_aspx() in c:\Windows\Microsoft.NET\Framework64\v4.0.30319\Temporary ASP.NET Files\sp25dev\ae53a15b\4d163bda\App_Web_5cdsuyli.1.cs:line 0
   at System.Web.Compilation.BuildManager.CreateInstanceFromVirtualPath(VirtualPath virtualPath, Type requiredBaseType, HttpContext context, Boolean allowCrossApp)
   at System.Web.UI.PageHandlerFactory.GetHandlerHelper(HttpContext context, String requestType, VirtualPath virtualPath, String physicalPath)
   at System.Web.HttpApplication.MaterializeHandlerExecutionStep.System.Web.HttpApplication.IExecutionStep.Execute()
   at System.Web.HttpApplication.ExecuteStep(IExecutionStep step, Boolean& completedSynchronously)

********** 11/27/2017 12:21:01 PM **********
Exception Type: System.FormatException
Exception: String was not recognized as a valid Boolean.
Source: Application_Error Generic - Global.asax
Stack Trace: 
   at System.Boolean.Parse(String value)
   at Votations.NSurvey.UserProvider.FormUserProvider.get_SingleUserMode() in D:\04_Development\GitHub\surveyproject_main_public\Reflector\Nsurvey_UserProvider\Votations.NSurvey.UserProvider\FormUserProvider.cs:line 86
   at Votations.NSurvey.UserProvider.FormUserProvider.CreatePrincipal(String userName) in D:\04_Development\GitHub\surveyproject_main_public\Reflector\Nsurvey_UserProvider\Votations.NSurvey.UserProvider\FormUserProvider.cs:line 27
   at Votations.NSurvey.Web.NSurveyContext..ctor() in D:\04_Development\GitHub\surveyproject_main_public\Reflector\Nsurvey_WebControls\Votations.NSurvey.Web\NSurveyContext.cs:line 14
   at Votations.NSurvey.Web.NSurveyContext.get_Current() in D:\04_Development\GitHub\surveyproject_main_public\Reflector\Nsurvey_WebControls\Votations.NSurvey.Web\NSurveyContext.cs:line 26
   at Votations.NSurvey.WebAdmin.PageBase..ctor() in D:\04_Development\GitHub\surveyproject_main_public\SurveyWAP\Code\PageBase.cs:line 68
   at Votations.NSurvey.WebAdmin._default..ctor()
   at ASP.default_aspx..ctor() in c:\Windows\Microsoft.NET\Framework64\v4.0.30319\Temporary ASP.NET Files\sp25dev\ae53a15b\4d163bda\App_Web_gfecv204.0.cs:line 0
   at __ASP.FastObjectFactory_app_web_gfecv204.Create_ASP_default_aspx() in c:\Windows\Microsoft.NET\Framework64\v4.0.30319\Temporary ASP.NET Files\sp25dev\ae53a15b\4d163bda\App_Web_gfecv204.1.cs:line 0
   at System.Web.Compilation.BuildManager.CreateInstanceFromVirtualPath(VirtualPath virtualPath, Type requiredBaseType, HttpContext context, Boolean allowCrossApp)
   at System.Web.UI.PageHandlerFactory.GetHandlerHelper(HttpContext context, String requestType, VirtualPath virtualPath, String physicalPath)
   at System.Web.HttpApplication.MaterializeHandlerExecutionStep.System.Web.HttpApplication.IExecutionStep.Execute()
   at System.Web.HttpApplication.ExecuteStep(IExecutionStep step, Boolean& completedSynchronously)

********** 11/27/2017 12:21:01 PM **********
Exception Type: System.FormatException
Exception: String was not recognized as a valid Boolean.
Source: Application_Error UNKNOWN Global.asax
Stack Trace: 
   at System.Boolean.Parse(String value)
   at Votations.NSurvey.UserProvider.FormUserProvider.get_SingleUserMode() in D:\04_Development\GitHub\surveyproject_main_public\Reflector\Nsurvey_UserProvider\Votations.NSurvey.UserProvider\FormUserProvider.cs:line 86
   at Votations.NSurvey.UserProvider.FormUserProvider.CreatePrincipal(String userName) in D:\04_Development\GitHub\surveyproject_main_public\Reflector\Nsurvey_UserProvider\Votations.NSurvey.UserProvider\FormUserProvider.cs:line 27
   at Votations.NSurvey.Web.NSurveyContext..ctor() in D:\04_Development\GitHub\surveyproject_main_public\Reflector\Nsurvey_WebControls\Votations.NSurvey.Web\NSurveyContext.cs:line 14
   at Votations.NSurvey.Web.NSurveyContext.get_Current() in D:\04_Development\GitHub\surveyproject_main_public\Reflector\Nsurvey_WebControls\Votations.NSurvey.Web\NSurveyContext.cs:line 26
   at Votations.NSurvey.WebAdmin.PageBase..ctor() in D:\04_Development\GitHub\surveyproject_main_public\SurveyWAP\Code\PageBase.cs:line 68
   at Votations.NSurvey.WebAdmin._default..ctor()
   at ASP.default_aspx..ctor() in c:\Windows\Microsoft.NET\Framework64\v4.0.30319\Temporary ASP.NET Files\sp25dev\ae53a15b\4d163bda\App_Web_gfecv204.0.cs:line 0
   at __ASP.FastObjectFactory_app_web_gfecv204.Create_ASP_default_aspx() in c:\Windows\Microsoft.NET\Framework64\v4.0.30319\Temporary ASP.NET Files\sp25dev\ae53a15b\4d163bda\App_Web_gfecv204.1.cs:line 0
   at System.Web.Compilation.BuildManager.CreateInstanceFromVirtualPath(VirtualPath virtualPath, Type requiredBaseType, HttpContext context, Boolean allowCrossApp)
   at System.Web.UI.PageHandlerFactory.GetHandlerHelper(HttpContext context, String requestType, VirtualPath virtualPath, String physicalPath)
   at System.Web.HttpApplication.MaterializeHandlerExecutionStep.System.Web.HttpApplication.IExecutionStep.Execute()
   at System.Web.HttpApplication.ExecuteStep(IExecutionStep step, Boolean& completedSynchronously)

********** 11/27/2017 5:03:12 PM **********
Inner Exception Type: System.Web.HttpException
Inner Exception: The file '/sp25dev/NSurveyAdmin/stats.aspx' does not exist.
Inner Source: System.Web
Inner Stack Trace: 
   at System.Web.UI.Util.CheckVirtualFileExists(VirtualPath virtualPath)
   at System.Web.Compilation.BuildManager.GetVPathBuildResultInternal(VirtualPath virtualPath, Boolean noBuild, Boolean allowCrossApp, Boolean allowBuildInPrecompile, Boolean throwIfNotFound, Boolean ensureIsUpToDate)
   at System.Web.Compilation.BuildManager.GetVPathBuildResultWithNoAssert(HttpContext context, VirtualPath virtualPath, Boolean noBuild, Boolean allowCrossApp, Boolean allowBuildInPrecompile, Boolean throwIfNotFound, Boolean ensureIsUpToDate)
   at System.Web.Compilation.BuildManager.GetVirtualPathObjectFactory(VirtualPath virtualPath, HttpContext context, Boolean allowCrossApp, Boolean throwIfNotFound)
   at System.Web.Compilation.BuildManager.CreateInstanceFromVirtualPath(VirtualPath virtualPath, Type requiredBaseType, HttpContext context, Boolean allowCrossApp)
   at System.Web.UI.PageHandlerFactory.GetHandlerHelper(HttpContext context, String requestType, VirtualPath virtualPath, String physicalPath)
   at System.Web.HttpApplication.MaterializeHandlerExecutionStep.System.Web.HttpApplication.IExecutionStep.Execute()
   at System.Web.HttpApplication.ExecuteStep(IExecutionStep step, Boolean& completedSynchronously)
Exception Type: System.Web.HttpException
Exception: A HTTP Error occured in the 4xx HTTP code range: Client Error.
Source: Application_Error -HttpError- Global.asax / HttpCode: 404
Stack Trace: 
********** 11/27/2017 5:03:12 PM **********
Exception Type: System.Web.HttpException
Exception: An HTTP error occurred. Page Not found. Please try again.
Source: customErrors section - Web.config
Stack Trace: 
********** 12/3/2017 12:21:49 PM **********
Inner Exception Type: System.ArgumentOutOfRangeException
Inner Exception: Index was out of range. Must be non-negative and less than the size of the collection.
Parameter name: index
Inner Source: mscorlib
Inner Stack Trace: 
   at System.Collections.ArrayList.get_Item(Int32 index)
   at System.Web.UI.WebControls.DataGridColumnCollection.get_Item(Int32 index)
   at Votations.NSurvey.WebAdmin.CustomReport.BindItemData(Object sender, DataGridItemEventArgs e) in D:\04_Development\GitHub\surveyproject_main_public\SurveyWAP\NSurveyReports\CustomReport.aspx.cs:line 187
   at System.Web.UI.WebControls.DataGrid.OnItemDataBound(DataGridItemEventArgs e)
   at System.Web.UI.WebControls.DataGrid.CreateItem(Int32 itemIndex, Int32 dataSourceIndex, ListItemType itemType, Boolean dataBind, Object dataItem, DataGridColumn[] columns, TableRowCollection rows, PagedDataSource pagedDataSource)
   at System.Web.UI.WebControls.DataGrid.CreateControlHierarchy(Boolean useDataSource)
   at System.Web.UI.WebControls.BaseDataList.OnDataBinding(EventArgs e)
   at Votations.NSurvey.WebAdmin.CustomReport.BindData() in D:\04_Development\GitHub\surveyproject_main_public\SurveyWAP\NSurveyReports\CustomReport.aspx.cs:line 145
   at Votations.NSurvey.WebAdmin.CustomReport.Page_Load(Object sender, EventArgs e) in D:\04_Development\GitHub\surveyproject_main_public\SurveyWAP\NSurveyReports\CustomReport.aspx.cs:line 105
   at System.EventHandler.Invoke(Object sender, EventArgs e)
   at System.Web.UI.Control.OnLoad(EventArgs e)
   at System.Web.UI.Control.LoadRecursive()
   at System.Web.UI.Page.ProcessRequestMain(Boolean includeStagesBeforeAsyncPoint, Boolean includeStagesAfterAsyncPoint)
Exception Type: System.Web.HttpUnhandledException
Exception: Exception of type 'System.Web.HttpUnhandledException' was thrown.
Source: Application_Error AoRException - Global.asax
Stack Trace: 
   at System.Web.UI.Page.HandleError(Exception e)
   at System.Web.UI.Page.ProcessRequestMain(Boolean includeStagesBeforeAsyncPoint, Boolean includeStagesAfterAsyncPoint)
   at System.Web.UI.Page.ProcessRequest(Boolean includeStagesBeforeAsyncPoint, Boolean includeStagesAfterAsyncPoint)
   at System.Web.UI.Page.ProcessRequest()
   at System.Web.UI.Page.ProcessRequest(HttpContext context)
   at ASP.nsurveyreports_customreport_aspx.ProcessRequest(HttpContext context) in c:\Windows\Microsoft.NET\Framework64\v4.0.30319\Temporary ASP.NET Files\sp25dev\ae53a15b\4d163bda\App_Web_jihwqxv5.0.cs:line 0
   at System.Web.HttpApplication.CallHandlerExecutionStep.System.Web.HttpApplication.IExecutionStep.Execute()
   at System.Web.HttpApplication.ExecuteStep(IExecutionStep step, Boolean& completedSynchronously)

********** 12/3/2017 12:21:49 PM **********
Exception Type: System.Exception
Exception: The (unknown) error was unhandled by application code.
Source: Application_Error Generic - Global.asax
Stack Trace: 
********** 12/3/2017 12:21:49 PM **********
Inner Exception Type: System.ArgumentOutOfRangeException
Inner Exception: Index was out of range. Must be non-negative and less than the size of the collection.
Parameter name: index
Inner Source: mscorlib
Inner Stack Trace: 
   at System.Collections.ArrayList.get_Item(Int32 index)
   at System.Web.UI.WebControls.DataGridColumnCollection.get_Item(Int32 index)
   at Votations.NSurvey.WebAdmin.CustomReport.BindItemData(Object sender, DataGridItemEventArgs e) in D:\04_Development\GitHub\surveyproject_main_public\SurveyWAP\NSurveyReports\CustomReport.aspx.cs:line 187
   at System.Web.UI.WebControls.DataGrid.OnItemDataBound(DataGridItemEventArgs e)
   at System.Web.UI.WebControls.DataGrid.CreateItem(Int32 itemIndex, Int32 dataSourceIndex, ListItemType itemType, Boolean dataBind, Object dataItem, DataGridColumn[] columns, TableRowCollection rows, PagedDataSource pagedDataSource)
   at System.Web.UI.WebControls.DataGrid.CreateControlHierarchy(Boolean useDataSource)
   at System.Web.UI.WebControls.BaseDataList.OnDataBinding(EventArgs e)
   at Votations.NSurvey.WebAdmin.CustomReport.BindData() in D:\04_Development\GitHub\surveyproject_main_public\SurveyWAP\NSurveyReports\CustomReport.aspx.cs:line 145
   at Votations.NSurvey.WebAdmin.CustomReport.Page_Load(Object sender, EventArgs e) in D:\04_Development\GitHub\surveyproject_main_public\SurveyWAP\NSurveyReports\CustomReport.aspx.cs:line 105
   at System.EventHandler.Invoke(Object sender, EventArgs e)
   at System.Web.UI.Control.OnLoad(EventArgs e)
   at System.Web.UI.Control.LoadRecursive()
   at System.Web.UI.Page.ProcessRequestMain(Boolean includeStagesBeforeAsyncPoint, Boolean includeStagesAfterAsyncPoint)
Exception Type: System.Web.HttpUnhandledException
Exception: Exception of type 'System.Web.HttpUnhandledException' was thrown.
Source: Application_Error UNKNOWN Global.asax
Stack Trace: 
   at System.Web.UI.Page.HandleError(Exception e)
   at System.Web.UI.Page.ProcessRequestMain(Boolean includeStagesBeforeAsyncPoint, Boolean includeStagesAfterAsyncPoint)
   at System.Web.UI.Page.ProcessRequest(Boolean includeStagesBeforeAsyncPoint, Boolean includeStagesAfterAsyncPoint)
   at System.Web.UI.Page.ProcessRequest()
   at System.Web.UI.Page.ProcessRequest(HttpContext context)
   at ASP.nsurveyreports_customreport_aspx.ProcessRequest(HttpContext context) in c:\Windows\Microsoft.NET\Framework64\v4.0.30319\Temporary ASP.NET Files\sp25dev\ae53a15b\4d163bda\App_Web_jihwqxv5.0.cs:line 0
   at System.Web.HttpApplication.CallHandlerExecutionStep.System.Web.HttpApplication.IExecutionStep.Execute()
   at System.Web.HttpApplication.ExecuteStep(IExecutionStep step, Boolean& completedSynchronously)

********** 12/10/2017 2:04:28 PM **********
Inner Exception Type: System.Web.HttpParseException
Inner Exception: Type 'System.Web.UI.WebControls.Literal' does not have a public property named 'EnableViewStaste'.
Inner Source: System.Web
Inner Stack Trace: 
   at System.Web.UI.TemplateParser.ProcessException(Exception ex)
   at System.Web.UI.TemplateParser.ParseStringInternal(String text, Encoding fileEncoding)
   at System.Web.UI.TemplateParser.ParseString(String text, VirtualPath virtualPath, Encoding fileEncoding)
Exception Type: System.Web.HttpParseException
Exception: Type 'System.Web.UI.WebControls.Literal' does not have a public property named 'EnableViewStaste'.
Source: Application_Error Generic - Global.asax
Stack Trace: 
   at System.Web.UI.TemplateParser.ParseString(String text, VirtualPath virtualPath, Encoding fileEncoding)
   at System.Web.UI.TemplateParser.ParseFile(String physicalPath, VirtualPath virtualPath)
   at System.Web.UI.TemplateParser.ParseInternal()
   at System.Web.UI.TemplateParser.Parse()
   at System.Web.Compilation.BaseTemplateBuildProvider.get_CodeCompilerType()
   at System.Web.Compilation.BuildProvider.GetCompilerTypeFromBuildProvider(BuildProvider buildProvider)
   at System.Web.Compilation.BuildProvidersCompiler.ProcessBuildProviders()
   at System.Web.Compilation.BuildProvidersCompiler.PerformBuild()
   at System.Web.Compilation.BuildManager.CompileWebFile(VirtualPath virtualPath)
   at System.Web.Compilation.BuildManager.GetVPathBuildResultInternal(VirtualPath virtualPath, Boolean noBuild, Boolean allowCrossApp, Boolean allowBuildInPrecompile, Boolean throwIfNotFound, Boolean ensureIsUpToDate)
   at System.Web.Compilation.BuildManager.GetVPathBuildResultWithNoAssert(HttpContext context, VirtualPath virtualPath, Boolean noBuild, Boolean allowCrossApp, Boolean allowBuildInPrecompile, Boolean throwIfNotFound, Boolean ensureIsUpToDate)
   at System.Web.Compilation.BuildManager.GetVirtualPathObjectFactory(VirtualPath virtualPath, HttpContext context, Boolean allowCrossApp, Boolean throwIfNotFound)
   at System.Web.Compilation.BuildManager.CreateInstanceFromVirtualPath(VirtualPath virtualPath, Type requiredBaseType, HttpContext context, Boolean allowCrossApp)
   at System.Web.UI.PageHandlerFactory.GetHandlerHelper(HttpContext context, String requestType, VirtualPath virtualPath, String physicalPath)
   at System.Web.HttpApplication.MaterializeHandlerExecutionStep.System.Web.HttpApplication.IExecutionStep.Execute()
   at System.Web.HttpApplication.ExecuteStepImpl(IExecutionStep step)
   at System.Web.HttpApplication.ExecuteStep(IExecutionStep step, Boolean& completedSynchronously)

********** 12/10/2017 2:04:28 PM **********
Inner Exception Type: System.Web.HttpParseException
Inner Exception: Type 'System.Web.UI.WebControls.Literal' does not have a public property named 'EnableViewStaste'.
Inner Source: System.Web
Inner Stack Trace: 
   at System.Web.UI.TemplateParser.ProcessException(Exception ex)
   at System.Web.UI.TemplateParser.ParseStringInternal(String text, Encoding fileEncoding)
   at System.Web.UI.TemplateParser.ParseString(String text, VirtualPath virtualPath, Encoding fileEncoding)
Exception Type: System.Web.HttpParseException
Exception: Type 'System.Web.UI.WebControls.Literal' does not have a public property named 'EnableViewStaste'.
Source: Application_Error UNKNOWN Global.asax
Stack Trace: 
   at System.Web.UI.TemplateParser.ParseString(String text, VirtualPath virtualPath, Encoding fileEncoding)
   at System.Web.UI.TemplateParser.ParseFile(String physicalPath, VirtualPath virtualPath)
   at System.Web.UI.TemplateParser.ParseInternal()
   at System.Web.UI.TemplateParser.Parse()
   at System.Web.Compilation.BaseTemplateBuildProvider.get_CodeCompilerType()
   at System.Web.Compilation.BuildProvider.GetCompilerTypeFromBuildProvider(BuildProvider buildProvider)
   at System.Web.Compilation.BuildProvidersCompiler.ProcessBuildProviders()
   at System.Web.Compilation.BuildProvidersCompiler.PerformBuild()
   at System.Web.Compilation.BuildManager.CompileWebFile(VirtualPath virtualPath)
   at System.Web.Compilation.BuildManager.GetVPathBuildResultInternal(VirtualPath virtualPath, Boolean noBuild, Boolean allowCrossApp, Boolean allowBuildInPrecompile, Boolean throwIfNotFound, Boolean ensureIsUpToDate)
   at System.Web.Compilation.BuildManager.GetVPathBuildResultWithNoAssert(HttpContext context, VirtualPath virtualPath, Boolean noBuild, Boolean allowCrossApp, Boolean allowBuildInPrecompile, Boolean throwIfNotFound, Boolean ensureIsUpToDate)
   at System.Web.Compilation.BuildManager.GetVirtualPathObjectFactory(VirtualPath virtualPath, HttpContext context, Boolean allowCrossApp, Boolean throwIfNotFound)
   at System.Web.Compilation.BuildManager.CreateInstanceFromVirtualPath(VirtualPath virtualPath, Type requiredBaseType, HttpContext context, Boolean allowCrossApp)
   at System.Web.UI.PageHandlerFactory.GetHandlerHelper(HttpContext context, String requestType, VirtualPath virtualPath, String physicalPath)
   at System.Web.HttpApplication.MaterializeHandlerExecutionStep.System.Web.HttpApplication.IExecutionStep.Execute()
   at System.Web.HttpApplication.ExecuteStepImpl(IExecutionStep step)
   at System.Web.HttpApplication.ExecuteStep(IExecutionStep step, Boolean& completedSynchronously)

********** 12/10/2017 7:09:24 PM **********
Inner Exception Type: System.Data.StrongTypingException
Inner Exception: The value for column 'OpenDate' in table 'Surveys' is DBNull.
Inner Source: SurveyProject.BusinessEntities
Inner Stack Trace: 
   at Votations.NSurvey.Data.SurveyData.SurveysRow.get_OpenDate() in D:\04_Development\GitHub\surveyproject_main_public\Reflector\Nsurvey_BE\Votations.NSurvey.Data\SurveyData1.Designer.cs:line 1127
   at Votations.NSurvey.WebAdmin.GlobalStats.FillFields() in D:\04_Development\GitHub\surveyproject_main_public\SurveyWAP\NSurveyAdmin\GlobalStats.aspx.cs:line 206
   at Votations.NSurvey.WebAdmin.GlobalStats.Page_Load(Object sender, EventArgs e) in D:\04_Development\GitHub\surveyproject_main_public\SurveyWAP\NSurveyAdmin\GlobalStats.aspx.cs:line 78
   at System.Web.UI.Control.OnLoad(EventArgs e)
   at System.Web.UI.Control.LoadRecursive()
   at System.Web.UI.Page.ProcessRequestMain(Boolean includeStagesBeforeAsyncPoint, Boolean includeStagesAfterAsyncPoint)
Exception Type: System.Web.HttpUnhandledException
Exception: Exception of type 'System.Web.HttpUnhandledException' was thrown.
Source: Application_Error Generic - Global.asax
Stack Trace: 
   at System.Web.UI.Page.HandleError(Exception e)
   at System.Web.UI.Page.ProcessRequestMain(Boolean includeStagesBeforeAsyncPoint, Boolean includeStagesAfterAsyncPoint)
   at System.Web.UI.Page.ProcessRequest(Boolean includeStagesBeforeAsyncPoint, Boolean includeStagesAfterAsyncPoint)
   at System.Web.UI.Page.ProcessRequest()
   at System.Web.UI.Page.ProcessRequest(HttpContext context)
   at ASP.nsurveyadmin_globalstats_aspx.ProcessRequest(HttpContext context) in c:\Windows\Microsoft.NET\Framework64\v4.0.30319\Temporary ASP.NET Files\sp25dev\ae53a15b\4d163bda\App_Web_5jvpj2ni.4.cs:line 0
   at System.Web.HttpApplication.CallHandlerExecutionStep.System.Web.HttpApplication.IExecutionStep.Execute()
   at System.Web.HttpApplication.ExecuteStepImpl(IExecutionStep step)
   at System.Web.HttpApplication.ExecuteStep(IExecutionStep step, Boolean& completedSynchronously)

********** 12/10/2017 7:09:24 PM **********
Inner Exception Type: System.Data.StrongTypingException
Inner Exception: The value for column 'OpenDate' in table 'Surveys' is DBNull.
Inner Source: SurveyProject.BusinessEntities
Inner Stack Trace: 
   at Votations.NSurvey.Data.SurveyData.SurveysRow.get_OpenDate() in D:\04_Development\GitHub\surveyproject_main_public\Reflector\Nsurvey_BE\Votations.NSurvey.Data\SurveyData1.Designer.cs:line 1127
   at Votations.NSurvey.WebAdmin.GlobalStats.FillFields() in D:\04_Development\GitHub\surveyproject_main_public\SurveyWAP\NSurveyAdmin\GlobalStats.aspx.cs:line 206
   at Votations.NSurvey.WebAdmin.GlobalStats.Page_Load(Object sender, EventArgs e) in D:\04_Development\GitHub\surveyproject_main_public\SurveyWAP\NSurveyAdmin\GlobalStats.aspx.cs:line 78
   at System.Web.UI.Control.OnLoad(EventArgs e)
   at System.Web.UI.Control.LoadRecursive()
   at System.Web.UI.Page.ProcessRequestMain(Boolean includeStagesBeforeAsyncPoint, Boolean includeStagesAfterAsyncPoint)
Exception Type: System.Web.HttpUnhandledException
Exception: Exception of type 'System.Web.HttpUnhandledException' was thrown.
Source: Application_Error UNKNOWN Global.asax
Stack Trace: 
   at System.Web.UI.Page.HandleError(Exception e)
   at System.Web.UI.Page.ProcessRequestMain(Boolean includeStagesBeforeAsyncPoint, Boolean includeStagesAfterAsyncPoint)
   at System.Web.UI.Page.ProcessRequest(Boolean includeStagesBeforeAsyncPoint, Boolean includeStagesAfterAsyncPoint)
   at System.Web.UI.Page.ProcessRequest()
   at System.Web.UI.Page.ProcessRequest(HttpContext context)
   at ASP.nsurveyadmin_globalstats_aspx.ProcessRequest(HttpContext context) in c:\Windows\Microsoft.NET\Framework64\v4.0.30319\Temporary ASP.NET Files\sp25dev\ae53a15b\4d163bda\App_Web_5jvpj2ni.4.cs:line 0
   at System.Web.HttpApplication.CallHandlerExecutionStep.System.Web.HttpApplication.IExecutionStep.Execute()
   at System.Web.HttpApplication.ExecuteStepImpl(IExecutionStep step)
   at System.Web.HttpApplication.ExecuteStep(IExecutionStep step, Boolean& completedSynchronously)

********** 12/10/2017 7:16:39 PM **********
Inner Exception Type: System.Data.StrongTypingException
Inner Exception: The value for column 'OpenDate' in table 'Surveys' is DBNull.
Inner Source: SurveyProject.BusinessEntities
Inner Stack Trace: 
   at Votations.NSurvey.Data.SurveyData.SurveysRow.get_OpenDate() in D:\04_Development\GitHub\surveyproject_main_public\Reflector\Nsurvey_BE\Votations.NSurvey.Data\SurveyData1.Designer.cs:line 1127
   at Votations.NSurvey.WebAdmin.GlobalStats.FillFields() in D:\04_Development\GitHub\surveyproject_main_public\SurveyWAP\NSurveyAdmin\GlobalStats.aspx.cs:line 206
   at Votations.NSurvey.WebAdmin.GlobalStats.Page_Load(Object sender, EventArgs e) in D:\04_Development\GitHub\surveyproject_main_public\SurveyWAP\NSurveyAdmin\GlobalStats.aspx.cs:line 78
   at System.Web.UI.Control.OnLoad(EventArgs e)
   at System.Web.UI.Control.LoadRecursive()
   at System.Web.UI.Page.ProcessRequestMain(Boolean includeStagesBeforeAsyncPoint, Boolean includeStagesAfterAsyncPoint)
Exception Type: System.Web.HttpUnhandledException
Exception: Exception of type 'System.Web.HttpUnhandledException' was thrown.
Source: Application_Error Generic - Global.asax
Stack Trace: 
   at System.Web.UI.Page.HandleError(Exception e)
   at System.Web.UI.Page.ProcessRequestMain(Boolean includeStagesBeforeAsyncPoint, Boolean includeStagesAfterAsyncPoint)
   at System.Web.UI.Page.ProcessRequest(Boolean includeStagesBeforeAsyncPoint, Boolean includeStagesAfterAsyncPoint)
   at System.Web.UI.Page.ProcessRequest()
   at System.Web.UI.Page.ProcessRequest(HttpContext context)
   at ASP.nsurveyadmin_globalstats_aspx.ProcessRequest(HttpContext context) in c:\Windows\Microsoft.NET\Framework64\v4.0.30319\Temporary ASP.NET Files\sp25dev\ae53a15b\4d163bda\App_Web_4h4w2cws.3.cs:line 0
   at System.Web.HttpApplication.CallHandlerExecutionStep.System.Web.HttpApplication.IExecutionStep.Execute()
   at System.Web.HttpApplication.ExecuteStepImpl(IExecutionStep step)
   at System.Web.HttpApplication.ExecuteStep(IExecutionStep step, Boolean& completedSynchronously)

********** 12/10/2017 7:16:39 PM **********
Inner Exception Type: System.Data.StrongTypingException
Inner Exception: The value for column 'OpenDate' in table 'Surveys' is DBNull.
Inner Source: SurveyProject.BusinessEntities
Inner Stack Trace: 
   at Votations.NSurvey.Data.SurveyData.SurveysRow.get_OpenDate() in D:\04_Development\GitHub\surveyproject_main_public\Reflector\Nsurvey_BE\Votations.NSurvey.Data\SurveyData1.Designer.cs:line 1127
   at Votations.NSurvey.WebAdmin.GlobalStats.FillFields() in D:\04_Development\GitHub\surveyproject_main_public\SurveyWAP\NSurveyAdmin\GlobalStats.aspx.cs:line 206
   at Votations.NSurvey.WebAdmin.GlobalStats.Page_Load(Object sender, EventArgs e) in D:\04_Development\GitHub\surveyproject_main_public\SurveyWAP\NSurveyAdmin\GlobalStats.aspx.cs:line 78
   at System.Web.UI.Control.OnLoad(EventArgs e)
   at System.Web.UI.Control.LoadRecursive()
   at System.Web.UI.Page.ProcessRequestMain(Boolean includeStagesBeforeAsyncPoint, Boolean includeStagesAfterAsyncPoint)
Exception Type: System.Web.HttpUnhandledException
Exception: Exception of type 'System.Web.HttpUnhandledException' was thrown.
Source: Application_Error UNKNOWN Global.asax
Stack Trace: 
   at System.Web.UI.Page.HandleError(Exception e)
   at System.Web.UI.Page.ProcessRequestMain(Boolean includeStagesBeforeAsyncPoint, Boolean includeStagesAfterAsyncPoint)
   at System.Web.UI.Page.ProcessRequest(Boolean includeStagesBeforeAsyncPoint, Boolean includeStagesAfterAsyncPoint)
   at System.Web.UI.Page.ProcessRequest()
   at System.Web.UI.Page.ProcessRequest(HttpContext context)
   at ASP.nsurveyadmin_globalstats_aspx.ProcessRequest(HttpContext context) in c:\Windows\Microsoft.NET\Framework64\v4.0.30319\Temporary ASP.NET Files\sp25dev\ae53a15b\4d163bda\App_Web_4h4w2cws.3.cs:line 0
   at System.Web.HttpApplication.CallHandlerExecutionStep.System.Web.HttpApplication.IExecutionStep.Execute()
   at System.Web.HttpApplication.ExecuteStepImpl(IExecutionStep step)
   at System.Web.HttpApplication.ExecuteStep(IExecutionStep step, Boolean& completedSynchronously)

********** 12/10/2017 7:16:51 PM **********
Inner Exception Type: System.Data.StrongTypingException
Inner Exception: The value for column 'OpenDate' in table 'Surveys' is DBNull.
Inner Source: SurveyProject.BusinessEntities
Inner Stack Trace: 
   at Votations.NSurvey.Data.SurveyData.SurveysRow.get_OpenDate() in D:\04_Development\GitHub\surveyproject_main_public\Reflector\Nsurvey_BE\Votations.NSurvey.Data\SurveyData1.Designer.cs:line 1127
   at Votations.NSurvey.WebAdmin.GlobalStats.FillFields() in D:\04_Development\GitHub\surveyproject_main_public\SurveyWAP\NSurveyAdmin\GlobalStats.aspx.cs:line 206
   at Votations.NSurvey.WebAdmin.GlobalStats.Page_Load(Object sender, EventArgs e) in D:\04_Development\GitHub\surveyproject_main_public\SurveyWAP\NSurveyAdmin\GlobalStats.aspx.cs:line 78
   at System.Web.UI.Control.OnLoad(EventArgs e)
   at System.Web.UI.Control.LoadRecursive()
   at System.Web.UI.Page.ProcessRequestMain(Boolean includeStagesBeforeAsyncPoint, Boolean includeStagesAfterAsyncPoint)
Exception Type: System.Web.HttpUnhandledException
Exception: Exception of type 'System.Web.HttpUnhandledException' was thrown.
Source: Application_Error Generic - Global.asax
Stack Trace: 
   at System.Web.UI.Page.HandleError(Exception e)
   at System.Web.UI.Page.ProcessRequestMain(Boolean includeStagesBeforeAsyncPoint, Boolean includeStagesAfterAsyncPoint)
   at System.Web.UI.Page.ProcessRequest(Boolean includeStagesBeforeAsyncPoint, Boolean includeStagesAfterAsyncPoint)
   at System.Web.UI.Page.ProcessRequest()
   at System.Web.UI.Page.ProcessRequest(HttpContext context)
   at ASP.nsurveyadmin_globalstats_aspx.ProcessRequest(HttpContext context) in c:\Windows\Microsoft.NET\Framework64\v4.0.30319\Temporary ASP.NET Files\sp25dev\ae53a15b\4d163bda\App_Web_4h4w2cws.3.cs:line 0
   at System.Web.HttpApplication.CallHandlerExecutionStep.System.Web.HttpApplication.IExecutionStep.Execute()
   at System.Web.HttpApplication.ExecuteStepImpl(IExecutionStep step)
   at System.Web.HttpApplication.ExecuteStep(IExecutionStep step, Boolean& completedSynchronously)

********** 12/10/2017 7:16:51 PM **********
Inner Exception Type: System.Data.StrongTypingException
Inner Exception: The value for column 'OpenDate' in table 'Surveys' is DBNull.
Inner Source: SurveyProject.BusinessEntities
Inner Stack Trace: 
   at Votations.NSurvey.Data.SurveyData.SurveysRow.get_OpenDate() in D:\04_Development\GitHub\surveyproject_main_public\Reflector\Nsurvey_BE\Votations.NSurvey.Data\SurveyData1.Designer.cs:line 1127
   at Votations.NSurvey.WebAdmin.GlobalStats.FillFields() in D:\04_Development\GitHub\surveyproject_main_public\SurveyWAP\NSurveyAdmin\GlobalStats.aspx.cs:line 206
   at Votations.NSurvey.WebAdmin.GlobalStats.Page_Load(Object sender, EventArgs e) in D:\04_Development\GitHub\surveyproject_main_public\SurveyWAP\NSurveyAdmin\GlobalStats.aspx.cs:line 78
   at System.Web.UI.Control.OnLoad(EventArgs e)
   at System.Web.UI.Control.LoadRecursive()
   at System.Web.UI.Page.ProcessRequestMain(Boolean includeStagesBeforeAsyncPoint, Boolean includeStagesAfterAsyncPoint)
Exception Type: System.Web.HttpUnhandledException
Exception: Exception of type 'System.Web.HttpUnhandledException' was thrown.
Source: Application_Error UNKNOWN Global.asax
Stack Trace: 
   at System.Web.UI.Page.HandleError(Exception e)
   at System.Web.UI.Page.ProcessRequestMain(Boolean includeStagesBeforeAsyncPoint, Boolean includeStagesAfterAsyncPoint)
   at System.Web.UI.Page.ProcessRequest(Boolean includeStagesBeforeAsyncPoint, Boolean includeStagesAfterAsyncPoint)
   at System.Web.UI.Page.ProcessRequest()
   at System.Web.UI.Page.ProcessRequest(HttpContext context)
   at ASP.nsurveyadmin_globalstats_aspx.ProcessRequest(HttpContext context) in c:\Windows\Microsoft.NET\Framework64\v4.0.30319\Temporary ASP.NET Files\sp25dev\ae53a15b\4d163bda\App_Web_4h4w2cws.3.cs:line 0
   at System.Web.HttpApplication.CallHandlerExecutionStep.System.Web.HttpApplication.IExecutionStep.Execute()
   at System.Web.HttpApplication.ExecuteStepImpl(IExecutionStep step)
   at System.Web.HttpApplication.ExecuteStep(IExecutionStep step, Boolean& completedSynchronously)

********** 12/10/2017 7:17:28 PM **********
Inner Exception Type: System.Data.StrongTypingException
Inner Exception: The value for column 'OpenDate' in table 'Surveys' is DBNull.
Inner Source: SurveyProject.BusinessEntities
Inner Stack Trace: 
   at Votations.NSurvey.Data.SurveyData.SurveysRow.get_OpenDate() in D:\04_Development\GitHub\surveyproject_main_public\Reflector\Nsurvey_BE\Votations.NSurvey.Data\SurveyData1.Designer.cs:line 1127
   at Votations.NSurvey.WebAdmin.GlobalStats.FillFields() in D:\04_Development\GitHub\surveyproject_main_public\SurveyWAP\NSurveyAdmin\GlobalStats.aspx.cs:line 206
   at Votations.NSurvey.WebAdmin.GlobalStats.Page_Load(Object sender, EventArgs e) in D:\04_Development\GitHub\surveyproject_main_public\SurveyWAP\NSurveyAdmin\GlobalStats.aspx.cs:line 78
   at System.Web.UI.Control.OnLoad(EventArgs e)
   at System.Web.UI.Control.LoadRecursive()
   at System.Web.UI.Page.ProcessRequestMain(Boolean includeStagesBeforeAsyncPoint, Boolean includeStagesAfterAsyncPoint)
Exception Type: System.Web.HttpUnhandledException
Exception: Exception of type 'System.Web.HttpUnhandledException' was thrown.
Source: Application_Error Generic - Global.asax
Stack Trace: 
   at System.Web.UI.Page.HandleError(Exception e)
   at System.Web.UI.Page.ProcessRequestMain(Boolean includeStagesBeforeAsyncPoint, Boolean includeStagesAfterAsyncPoint)
   at System.Web.UI.Page.ProcessRequest(Boolean includeStagesBeforeAsyncPoint, Boolean includeStagesAfterAsyncPoint)
   at System.Web.UI.Page.ProcessRequest()
   at System.Web.UI.Page.ProcessRequest(HttpContext context)
   at ASP.nsurveyadmin_globalstats_aspx.ProcessRequest(HttpContext context) in c:\Windows\Microsoft.NET\Framework64\v4.0.30319\Temporary ASP.NET Files\sp25dev\ae53a15b\4d163bda\App_Web_jjsondbv.4.cs:line 0
   at System.Web.HttpApplication.CallHandlerExecutionStep.System.Web.HttpApplication.IExecutionStep.Execute()
   at System.Web.HttpApplication.ExecuteStepImpl(IExecutionStep step)
   at System.Web.HttpApplication.ExecuteStep(IExecutionStep step, Boolean& completedSynchronously)

********** 12/10/2017 7:17:28 PM **********
Inner Exception Type: System.Data.StrongTypingException
Inner Exception: The value for column 'OpenDate' in table 'Surveys' is DBNull.
Inner Source: SurveyProject.BusinessEntities
Inner Stack Trace: 
   at Votations.NSurvey.Data.SurveyData.SurveysRow.get_OpenDate() in D:\04_Development\GitHub\surveyproject_main_public\Reflector\Nsurvey_BE\Votations.NSurvey.Data\SurveyData1.Designer.cs:line 1127
   at Votations.NSurvey.WebAdmin.GlobalStats.FillFields() in D:\04_Development\GitHub\surveyproject_main_public\SurveyWAP\NSurveyAdmin\GlobalStats.aspx.cs:line 206
   at Votations.NSurvey.WebAdmin.GlobalStats.Page_Load(Object sender, EventArgs e) in D:\04_Development\GitHub\surveyproject_main_public\SurveyWAP\NSurveyAdmin\GlobalStats.aspx.cs:line 78
   at System.Web.UI.Control.OnLoad(EventArgs e)
   at System.Web.UI.Control.LoadRecursive()
   at System.Web.UI.Page.ProcessRequestMain(Boolean includeStagesBeforeAsyncPoint, Boolean includeStagesAfterAsyncPoint)
Exception Type: System.Web.HttpUnhandledException
Exception: Exception of type 'System.Web.HttpUnhandledException' was thrown.
Source: Application_Error UNKNOWN Global.asax
Stack Trace: 
   at System.Web.UI.Page.HandleError(Exception e)
   at System.Web.UI.Page.ProcessRequestMain(Boolean includeStagesBeforeAsyncPoint, Boolean includeStagesAfterAsyncPoint)
   at System.Web.UI.Page.ProcessRequest(Boolean includeStagesBeforeAsyncPoint, Boolean includeStagesAfterAsyncPoint)
   at System.Web.UI.Page.ProcessRequest()
   at System.Web.UI.Page.ProcessRequest(HttpContext context)
   at ASP.nsurveyadmin_globalstats_aspx.ProcessRequest(HttpContext context) in c:\Windows\Microsoft.NET\Framework64\v4.0.30319\Temporary ASP.NET Files\sp25dev\ae53a15b\4d163bda\App_Web_jjsondbv.4.cs:line 0
   at System.Web.HttpApplication.CallHandlerExecutionStep.System.Web.HttpApplication.IExecutionStep.Execute()
   at System.Web.HttpApplication.ExecuteStepImpl(IExecutionStep step)
   at System.Web.HttpApplication.ExecuteStep(IExecutionStep step, Boolean& completedSynchronously)

********** 12/10/2017 7:18:48 PM **********
Inner Exception Type: System.Data.StrongTypingException
Inner Exception: The value for column 'OpenDate' in table 'Surveys' is DBNull.
Inner Source: SurveyProject.BusinessEntities
Inner Stack Trace: 
   at Votations.NSurvey.Data.SurveyData.SurveysRow.get_OpenDate() in D:\04_Development\GitHub\surveyproject_main_public\Reflector\Nsurvey_BE\Votations.NSurvey.Data\SurveyData1.Designer.cs:line 1127
   at Votations.NSurvey.WebAdmin.GlobalStats.FillFields() in D:\04_Development\GitHub\surveyproject_main_public\SurveyWAP\NSurveyAdmin\GlobalStats.aspx.cs:line 206
   at Votations.NSurvey.WebAdmin.GlobalStats.Page_Load(Object sender, EventArgs e) in D:\04_Development\GitHub\surveyproject_main_public\SurveyWAP\NSurveyAdmin\GlobalStats.aspx.cs:line 78
   at System.Web.UI.Control.OnLoad(EventArgs e)
   at System.Web.UI.Control.LoadRecursive()
   at System.Web.UI.Page.ProcessRequestMain(Boolean includeStagesBeforeAsyncPoint, Boolean includeStagesAfterAsyncPoint)
Exception Type: System.Web.HttpUnhandledException
Exception: Exception of type 'System.Web.HttpUnhandledException' was thrown.
Source: Application_Error Generic - Global.asax
Stack Trace: 
   at System.Web.UI.Page.HandleError(Exception e)
   at System.Web.UI.Page.ProcessRequestMain(Boolean includeStagesBeforeAsyncPoint, Boolean includeStagesAfterAsyncPoint)
   at System.Web.UI.Page.ProcessRequest(Boolean includeStagesBeforeAsyncPoint, Boolean includeStagesAfterAsyncPoint)
   at System.Web.UI.Page.ProcessRequest()
   at System.Web.UI.Page.ProcessRequest(HttpContext context)
   at ASP.nsurveyadmin_globalstats_aspx.ProcessRequest(HttpContext context) in c:\Windows\Microsoft.NET\Framework64\v4.0.30319\Temporary ASP.NET Files\sp25dev\ae53a15b\4d163bda\App_Web_gfvo2qis.7.cs:line 0
   at System.Web.HttpApplication.CallHandlerExecutionStep.System.Web.HttpApplication.IExecutionStep.Execute()
   at System.Web.HttpApplication.ExecuteStepImpl(IExecutionStep step)
   at System.Web.HttpApplication.ExecuteStep(IExecutionStep step, Boolean& completedSynchronously)

********** 12/10/2017 7:18:48 PM **********
Inner Exception Type: System.Data.StrongTypingException
Inner Exception: The value for column 'OpenDate' in table 'Surveys' is DBNull.
Inner Source: SurveyProject.BusinessEntities
Inner Stack Trace: 
   at Votations.NSurvey.Data.SurveyData.SurveysRow.get_OpenDate() in D:\04_Development\GitHub\surveyproject_main_public\Reflector\Nsurvey_BE\Votations.NSurvey.Data\SurveyData1.Designer.cs:line 1127
   at Votations.NSurvey.WebAdmin.GlobalStats.FillFields() in D:\04_Development\GitHub\surveyproject_main_public\SurveyWAP\NSurveyAdmin\GlobalStats.aspx.cs:line 206
   at Votations.NSurvey.WebAdmin.GlobalStats.Page_Load(Object sender, EventArgs e) in D:\04_Development\GitHub\surveyproject_main_public\SurveyWAP\NSurveyAdmin\GlobalStats.aspx.cs:line 78
   at System.Web.UI.Control.OnLoad(EventArgs e)
   at System.Web.UI.Control.LoadRecursive()
   at System.Web.UI.Page.ProcessRequestMain(Boolean includeStagesBeforeAsyncPoint, Boolean includeStagesAfterAsyncPoint)
Exception Type: System.Web.HttpUnhandledException
Exception: Exception of type 'System.Web.HttpUnhandledException' was thrown.
Source: Application_Error UNKNOWN Global.asax
Stack Trace: 
   at System.Web.UI.Page.HandleError(Exception e)
   at System.Web.UI.Page.ProcessRequestMain(Boolean includeStagesBeforeAsyncPoint, Boolean includeStagesAfterAsyncPoint)
   at System.Web.UI.Page.ProcessRequest(Boolean includeStagesBeforeAsyncPoint, Boolean includeStagesAfterAsyncPoint)
   at System.Web.UI.Page.ProcessRequest()
   at System.Web.UI.Page.ProcessRequest(HttpContext context)
   at ASP.nsurveyadmin_globalstats_aspx.ProcessRequest(HttpContext context) in c:\Windows\Microsoft.NET\Framework64\v4.0.30319\Temporary ASP.NET Files\sp25dev\ae53a15b\4d163bda\App_Web_gfvo2qis.7.cs:line 0
   at System.Web.HttpApplication.CallHandlerExecutionStep.System.Web.HttpApplication.IExecutionStep.Execute()
   at System.Web.HttpApplication.ExecuteStepImpl(IExecutionStep step)
   at System.Web.HttpApplication.ExecuteStep(IExecutionStep step, Boolean& completedSynchronously)

********** 12/10/2017 9:35:38 PM **********
Inner Exception Type: System.Data.StrongTypingException
Inner Exception: The value for column 'OpenDate' in table 'Surveys' is DBNull.
Inner Source: SurveyProject.BusinessEntities
Inner Stack Trace: 
   at Votations.NSurvey.Data.SurveyData.SurveysRow.get_OpenDate() in D:\04_Development\GitHub\surveyproject_main_public\Reflector\Nsurvey_BE\Votations.NSurvey.Data\SurveyData1.Designer.cs:line 1127
   at Votations.NSurvey.WebAdmin.GlobalStats.FillFields() in D:\04_Development\GitHub\surveyproject_main_public\SurveyWAP\NSurveyAdmin\GlobalStats.aspx.cs:line 206
   at Votations.NSurvey.WebAdmin.GlobalStats.Page_Load(Object sender, EventArgs e) in D:\04_Development\GitHub\surveyproject_main_public\SurveyWAP\NSurveyAdmin\GlobalStats.aspx.cs:line 78
   at System.Web.UI.Control.OnLoad(EventArgs e)
   at System.Web.UI.Control.LoadRecursive()
   at System.Web.UI.Page.ProcessRequestMain(Boolean includeStagesBeforeAsyncPoint, Boolean includeStagesAfterAsyncPoint)
Exception Type: System.Web.HttpUnhandledException
Exception: Exception of type 'System.Web.HttpUnhandledException' was thrown.
Source: Application_Error Generic - Global.asax
Stack Trace: 
   at System.Web.UI.Page.HandleError(Exception e)
   at System.Web.UI.Page.ProcessRequestMain(Boolean includeStagesBeforeAsyncPoint, Boolean includeStagesAfterAsyncPoint)
   at System.Web.UI.Page.ProcessRequest(Boolean includeStagesBeforeAsyncPoint, Boolean includeStagesAfterAsyncPoint)
   at System.Web.UI.Page.ProcessRequest()
   at System.Web.UI.Page.ProcessRequest(HttpContext context)
   at ASP.nsurveyadmin_globalstats_aspx.ProcessRequest(HttpContext context) in c:\Windows\Microsoft.NET\Framework64\v4.0.30319\Temporary ASP.NET Files\sp25dev\ae53a15b\4d163bda\App_Web_gfvo2qis.7.cs:line 0
   at System.Web.HttpApplication.CallHandlerExecutionStep.System.Web.HttpApplication.IExecutionStep.Execute()
   at System.Web.HttpApplication.ExecuteStepImpl(IExecutionStep step)
   at System.Web.HttpApplication.ExecuteStep(IExecutionStep step, Boolean& completedSynchronously)

********** 12/10/2017 9:35:38 PM **********
Inner Exception Type: System.Data.StrongTypingException
Inner Exception: The value for column 'OpenDate' in table 'Surveys' is DBNull.
Inner Source: SurveyProject.BusinessEntities
Inner Stack Trace: 
   at Votations.NSurvey.Data.SurveyData.SurveysRow.get_OpenDate() in D:\04_Development\GitHub\surveyproject_main_public\Reflector\Nsurvey_BE\Votations.NSurvey.Data\SurveyData1.Designer.cs:line 1127
   at Votations.NSurvey.WebAdmin.GlobalStats.FillFields() in D:\04_Development\GitHub\surveyproject_main_public\SurveyWAP\NSurveyAdmin\GlobalStats.aspx.cs:line 206
   at Votations.NSurvey.WebAdmin.GlobalStats.Page_Load(Object sender, EventArgs e) in D:\04_Development\GitHub\surveyproject_main_public\SurveyWAP\NSurveyAdmin\GlobalStats.aspx.cs:line 78
   at System.Web.UI.Control.OnLoad(EventArgs e)
   at System.Web.UI.Control.LoadRecursive()
   at System.Web.UI.Page.ProcessRequestMain(Boolean includeStagesBeforeAsyncPoint, Boolean includeStagesAfterAsyncPoint)
Exception Type: System.Web.HttpUnhandledException
Exception: Exception of type 'System.Web.HttpUnhandledException' was thrown.
Source: Application_Error UNKNOWN Global.asax
Stack Trace: 
   at System.Web.UI.Page.HandleError(Exception e)
   at System.Web.UI.Page.ProcessRequestMain(Boolean includeStagesBeforeAsyncPoint, Boolean includeStagesAfterAsyncPoint)
   at System.Web.UI.Page.ProcessRequest(Boolean includeStagesBeforeAsyncPoint, Boolean includeStagesAfterAsyncPoint)
   at System.Web.UI.Page.ProcessRequest()
   at System.Web.UI.Page.ProcessRequest(HttpContext context)
   at ASP.nsurveyadmin_globalstats_aspx.ProcessRequest(HttpContext context) in c:\Windows\Microsoft.NET\Framework64\v4.0.30319\Temporary ASP.NET Files\sp25dev\ae53a15b\4d163bda\App_Web_gfvo2qis.7.cs:line 0
   at System.Web.HttpApplication.CallHandlerExecutionStep.System.Web.HttpApplication.IExecutionStep.Execute()
   at System.Web.HttpApplication.ExecuteStepImpl(IExecutionStep step)
   at System.Web.HttpApplication.ExecuteStep(IExecutionStep step, Boolean& completedSynchronously)

********** 12/10/2017 9:50:53 PM **********
Inner Exception Type: System.Data.StrongTypingException
Inner Exception: The value for column 'OpenDate' in table 'Surveys' is DBNull.
Inner Source: SurveyProject.BusinessEntities
Inner Stack Trace: 
   at Votations.NSurvey.Data.SurveyData.SurveysRow.get_OpenDate() in D:\04_Development\GitHub\surveyproject_main_public\Reflector\Nsurvey_BE\Votations.NSurvey.Data\SurveyData1.Designer.cs:line 1127
   at Votations.NSurvey.WebAdmin.GlobalStats.FillFields() in D:\04_Development\GitHub\surveyproject_main_public\SurveyWAP\NSurveyAdmin\GlobalStats.aspx.cs:line 210
   at Votations.NSurvey.WebAdmin.GlobalStats.Page_Load(Object sender, EventArgs e) in D:\04_Development\GitHub\surveyproject_main_public\SurveyWAP\NSurveyAdmin\GlobalStats.aspx.cs:line 78
   at System.Web.UI.Control.OnLoad(EventArgs e)
   at System.Web.UI.Control.LoadRecursive()
   at System.Web.UI.Page.ProcessRequestMain(Boolean includeStagesBeforeAsyncPoint, Boolean includeStagesAfterAsyncPoint)
Exception Type: System.Web.HttpUnhandledException
Exception: Exception of type 'System.Web.HttpUnhandledException' was thrown.
Source: Application_Error Generic - Global.asax
Stack Trace: 
   at System.Web.UI.Page.HandleError(Exception e)
   at System.Web.UI.Page.ProcessRequestMain(Boolean includeStagesBeforeAsyncPoint, Boolean includeStagesAfterAsyncPoint)
   at System.Web.UI.Page.ProcessRequest(Boolean includeStagesBeforeAsyncPoint, Boolean includeStagesAfterAsyncPoint)
   at System.Web.UI.Page.ProcessRequest()
   at System.Web.UI.Page.ProcessRequest(HttpContext context)
   at ASP.nsurveyadmin_globalstats_aspx.ProcessRequest(HttpContext context) in c:\Windows\Microsoft.NET\Framework64\v4.0.30319\Temporary ASP.NET Files\sp25dev\ae53a15b\4d163bda\App_Web_yvbnxyrs.2.cs:line 0
   at System.Web.HttpApplication.CallHandlerExecutionStep.System.Web.HttpApplication.IExecutionStep.Execute()
   at System.Web.HttpApplication.ExecuteStepImpl(IExecutionStep step)
   at System.Web.HttpApplication.ExecuteStep(IExecutionStep step, Boolean& completedSynchronously)

********** 12/10/2017 9:50:53 PM **********
Inner Exception Type: System.Data.StrongTypingException
Inner Exception: The value for column 'OpenDate' in table 'Surveys' is DBNull.
Inner Source: SurveyProject.BusinessEntities
Inner Stack Trace: 
   at Votations.NSurvey.Data.SurveyData.SurveysRow.get_OpenDate() in D:\04_Development\GitHub\surveyproject_main_public\Reflector\Nsurvey_BE\Votations.NSurvey.Data\SurveyData1.Designer.cs:line 1127
   at Votations.NSurvey.WebAdmin.GlobalStats.FillFields() in D:\04_Development\GitHub\surveyproject_main_public\SurveyWAP\NSurveyAdmin\GlobalStats.aspx.cs:line 210
   at Votations.NSurvey.WebAdmin.GlobalStats.Page_Load(Object sender, EventArgs e) in D:\04_Development\GitHub\surveyproject_main_public\SurveyWAP\NSurveyAdmin\GlobalStats.aspx.cs:line 78
   at System.Web.UI.Control.OnLoad(EventArgs e)
   at System.Web.UI.Control.LoadRecursive()
   at System.Web.UI.Page.ProcessRequestMain(Boolean includeStagesBeforeAsyncPoint, Boolean includeStagesAfterAsyncPoint)
Exception Type: System.Web.HttpUnhandledException
Exception: Exception of type 'System.Web.HttpUnhandledException' was thrown.
Source: Application_Error UNKNOWN Global.asax
Stack Trace: 
   at System.Web.UI.Page.HandleError(Exception e)
   at System.Web.UI.Page.ProcessRequestMain(Boolean includeStagesBeforeAsyncPoint, Boolean includeStagesAfterAsyncPoint)
   at System.Web.UI.Page.ProcessRequest(Boolean includeStagesBeforeAsyncPoint, Boolean includeStagesAfterAsyncPoint)
   at System.Web.UI.Page.ProcessRequest()
   at System.Web.UI.Page.ProcessRequest(HttpContext context)
   at ASP.nsurveyadmin_globalstats_aspx.ProcessRequest(HttpContext context) in c:\Windows\Microsoft.NET\Framework64\v4.0.30319\Temporary ASP.NET Files\sp25dev\ae53a15b\4d163bda\App_Web_yvbnxyrs.2.cs:line 0
   at System.Web.HttpApplication.CallHandlerExecutionStep.System.Web.HttpApplication.IExecutionStep.Execute()
   at System.Web.HttpApplication.ExecuteStepImpl(IExecutionStep step)
   at System.Web.HttpApplication.ExecuteStep(IExecutionStep step, Boolean& completedSynchronously)

********** 12/10/2017 9:54:02 PM **********
Inner Exception Type: System.Data.StrongTypingException
Inner Exception: The value for column 'OpenDate' in table 'Surveys' is DBNull.
Inner Source: SurveyProject.BusinessEntities
Inner Stack Trace: 
   at Votations.NSurvey.Data.SurveyData.SurveysRow.get_OpenDate() in D:\04_Development\GitHub\surveyproject_main_public\Reflector\Nsurvey_BE\Votations.NSurvey.Data\SurveyData1.Designer.cs:line 1127
   at Votations.NSurvey.WebAdmin.GlobalStats.FillFields() in D:\04_Development\GitHub\surveyproject_main_public\SurveyWAP\NSurveyAdmin\GlobalStats.aspx.cs:line 210
   at Votations.NSurvey.WebAdmin.GlobalStats.Page_Load(Object sender, EventArgs e) in D:\04_Development\GitHub\surveyproject_main_public\SurveyWAP\NSurveyAdmin\GlobalStats.aspx.cs:line 78
   at System.Web.UI.Control.OnLoad(EventArgs e)
   at System.Web.UI.Control.LoadRecursive()
   at System.Web.UI.Page.ProcessRequestMain(Boolean includeStagesBeforeAsyncPoint, Boolean includeStagesAfterAsyncPoint)
Exception Type: System.Web.HttpUnhandledException
Exception: Exception of type 'System.Web.HttpUnhandledException' was thrown.
Source: Application_Error Generic - Global.asax
Stack Trace: 
   at System.Web.UI.Page.HandleError(Exception e)
   at System.Web.UI.Page.ProcessRequestMain(Boolean includeStagesBeforeAsyncPoint, Boolean includeStagesAfterAsyncPoint)
   at System.Web.UI.Page.ProcessRequest(Boolean includeStagesBeforeAsyncPoint, Boolean includeStagesAfterAsyncPoint)
   at System.Web.UI.Page.ProcessRequest()
   at System.Web.UI.Page.ProcessRequest(HttpContext context)
   at ASP.nsurveyadmin_globalstats_aspx.ProcessRequest(HttpContext context) in c:\Windows\Microsoft.NET\Framework64\v4.0.30319\Temporary ASP.NET Files\sp25dev\ae53a15b\4d163bda\App_Web_jkzjzdo2.8.cs:line 0
   at System.Web.HttpApplication.CallHandlerExecutionStep.System.Web.HttpApplication.IExecutionStep.Execute()
   at System.Web.HttpApplication.ExecuteStepImpl(IExecutionStep step)
   at System.Web.HttpApplication.ExecuteStep(IExecutionStep step, Boolean& completedSynchronously)

********** 12/10/2017 9:54:02 PM **********
Inner Exception Type: System.Data.StrongTypingException
Inner Exception: The value for column 'OpenDate' in table 'Surveys' is DBNull.
Inner Source: SurveyProject.BusinessEntities
Inner Stack Trace: 
   at Votations.NSurvey.Data.SurveyData.SurveysRow.get_OpenDate() in D:\04_Development\GitHub\surveyproject_main_public\Reflector\Nsurvey_BE\Votations.NSurvey.Data\SurveyData1.Designer.cs:line 1127
   at Votations.NSurvey.WebAdmin.GlobalStats.FillFields() in D:\04_Development\GitHub\surveyproject_main_public\SurveyWAP\NSurveyAdmin\GlobalStats.aspx.cs:line 210
   at Votations.NSurvey.WebAdmin.GlobalStats.Page_Load(Object sender, EventArgs e) in D:\04_Development\GitHub\surveyproject_main_public\SurveyWAP\NSurveyAdmin\GlobalStats.aspx.cs:line 78
   at System.Web.UI.Control.OnLoad(EventArgs e)
   at System.Web.UI.Control.LoadRecursive()
   at System.Web.UI.Page.ProcessRequestMain(Boolean includeStagesBeforeAsyncPoint, Boolean includeStagesAfterAsyncPoint)
Exception Type: System.Web.HttpUnhandledException
Exception: Exception of type 'System.Web.HttpUnhandledException' was thrown.
Source: Application_Error UNKNOWN Global.asax
Stack Trace: 
   at System.Web.UI.Page.HandleError(Exception e)
   at System.Web.UI.Page.ProcessRequestMain(Boolean includeStagesBeforeAsyncPoint, Boolean includeStagesAfterAsyncPoint)
   at System.Web.UI.Page.ProcessRequest(Boolean includeStagesBeforeAsyncPoint, Boolean includeStagesAfterAsyncPoint)
   at System.Web.UI.Page.ProcessRequest()
   at System.Web.UI.Page.ProcessRequest(HttpContext context)
   at ASP.nsurveyadmin_globalstats_aspx.ProcessRequest(HttpContext context) in c:\Windows\Microsoft.NET\Framework64\v4.0.30319\Temporary ASP.NET Files\sp25dev\ae53a15b\4d163bda\App_Web_jkzjzdo2.8.cs:line 0
   at System.Web.HttpApplication.CallHandlerExecutionStep.System.Web.HttpApplication.IExecutionStep.Execute()
   at System.Web.HttpApplication.ExecuteStepImpl(IExecutionStep step)
   at System.Web.HttpApplication.ExecuteStep(IExecutionStep step, Boolean& completedSynchronously)

********** 12/10/2017 10:00:42 PM **********
Inner Exception Type: System.Data.StrongTypingException
Inner Exception: The value for column 'OpenDate' in table 'Surveys' is DBNull.
Inner Source: SurveyProject.BusinessEntities
Inner Stack Trace: 
   at Votations.NSurvey.Data.SurveyData.SurveysRow.get_OpenDate() in D:\04_Development\GitHub\surveyproject_main_public\Reflector\Nsurvey_BE\Votations.NSurvey.Data\SurveyData1.Designer.cs:line 1127
   at Votations.NSurvey.WebAdmin.GlobalStats.FillFields() in D:\04_Development\GitHub\surveyproject_main_public\SurveyWAP\NSurveyAdmin\GlobalStats.aspx.cs:line 210
   at Votations.NSurvey.WebAdmin.GlobalStats.Page_Load(Object sender, EventArgs e) in D:\04_Development\GitHub\surveyproject_main_public\SurveyWAP\NSurveyAdmin\GlobalStats.aspx.cs:line 78
   at System.Web.UI.Control.OnLoad(EventArgs e)
   at System.Web.UI.Control.LoadRecursive()
   at System.Web.UI.Page.ProcessRequestMain(Boolean includeStagesBeforeAsyncPoint, Boolean includeStagesAfterAsyncPoint)
Exception Type: System.Web.HttpUnhandledException
Exception: Exception of type 'System.Web.HttpUnhandledException' was thrown.
Source: Application_Error Generic - Global.asax
Stack Trace: 
   at System.Web.UI.Page.HandleError(Exception e)
   at System.Web.UI.Page.ProcessRequestMain(Boolean includeStagesBeforeAsyncPoint, Boolean includeStagesAfterAsyncPoint)
   at System.Web.UI.Page.ProcessRequest(Boolean includeStagesBeforeAsyncPoint, Boolean includeStagesAfterAsyncPoint)
   at System.Web.UI.Page.ProcessRequest()
   at System.Web.UI.Page.ProcessRequest(HttpContext context)
   at ASP.nsurveyadmin_globalstats_aspx.ProcessRequest(HttpContext context) in c:\Windows\Microsoft.NET\Framework64\v4.0.30319\Temporary ASP.NET Files\sp25dev\ae53a15b\4d163bda\App_Web_1dhoays2.5.cs:line 0
   at System.Web.HttpApplication.CallHandlerExecutionStep.System.Web.HttpApplication.IExecutionStep.Execute()
   at System.Web.HttpApplication.ExecuteStepImpl(IExecutionStep step)
   at System.Web.HttpApplication.ExecuteStep(IExecutionStep step, Boolean& completedSynchronously)

********** 12/10/2017 10:00:42 PM **********
Inner Exception Type: System.Data.StrongTypingException
Inner Exception: The value for column 'OpenDate' in table 'Surveys' is DBNull.
Inner Source: SurveyProject.BusinessEntities
Inner Stack Trace: 
   at Votations.NSurvey.Data.SurveyData.SurveysRow.get_OpenDate() in D:\04_Development\GitHub\surveyproject_main_public\Reflector\Nsurvey_BE\Votations.NSurvey.Data\SurveyData1.Designer.cs:line 1127
   at Votations.NSurvey.WebAdmin.GlobalStats.FillFields() in D:\04_Development\GitHub\surveyproject_main_public\SurveyWAP\NSurveyAdmin\GlobalStats.aspx.cs:line 210
   at Votations.NSurvey.WebAdmin.GlobalStats.Page_Load(Object sender, EventArgs e) in D:\04_Development\GitHub\surveyproject_main_public\SurveyWAP\NSurveyAdmin\GlobalStats.aspx.cs:line 78
   at System.Web.UI.Control.OnLoad(EventArgs e)
   at System.Web.UI.Control.LoadRecursive()
   at System.Web.UI.Page.ProcessRequestMain(Boolean includeStagesBeforeAsyncPoint, Boolean includeStagesAfterAsyncPoint)
Exception Type: System.Web.HttpUnhandledException
Exception: Exception of type 'System.Web.HttpUnhandledException' was thrown.
Source: Application_Error UNKNOWN Global.asax
Stack Trace: 
   at System.Web.UI.Page.HandleError(Exception e)
   at System.Web.UI.Page.ProcessRequestMain(Boolean includeStagesBeforeAsyncPoint, Boolean includeStagesAfterAsyncPoint)
   at System.Web.UI.Page.ProcessRequest(Boolean includeStagesBeforeAsyncPoint, Boolean includeStagesAfterAsyncPoint)
   at System.Web.UI.Page.ProcessRequest()
   at System.Web.UI.Page.ProcessRequest(HttpContext context)
   at ASP.nsurveyadmin_globalstats_aspx.ProcessRequest(HttpContext context) in c:\Windows\Microsoft.NET\Framework64\v4.0.30319\Temporary ASP.NET Files\sp25dev\ae53a15b\4d163bda\App_Web_1dhoays2.5.cs:line 0
   at System.Web.HttpApplication.CallHandlerExecutionStep.System.Web.HttpApplication.IExecutionStep.Execute()
   at System.Web.HttpApplication.ExecuteStepImpl(IExecutionStep step)
   at System.Web.HttpApplication.ExecuteStep(IExecutionStep step, Boolean& completedSynchronously)

********** 12/10/2017 10:11:03 PM **********
Inner Exception Type: System.Data.StrongTypingException
Inner Exception: The value for column 'OpenDate' in table 'Surveys' is DBNull.
Inner Source: SurveyProject.BusinessEntities
Inner Stack Trace: 
   at Votations.NSurvey.Data.SurveyData.SurveysRow.get_OpenDate() in D:\04_Development\GitHub\surveyproject_main_public\Reflector\Nsurvey_BE\Votations.NSurvey.Data\SurveyData1.Designer.cs:line 1127
   at Votations.NSurvey.WebAdmin.GlobalStats.FillFields() in D:\04_Development\GitHub\surveyproject_main_public\SurveyWAP\NSurveyAdmin\GlobalStats.aspx.cs:line 210
   at Votations.NSurvey.WebAdmin.GlobalStats.Page_Load(Object sender, EventArgs e) in D:\04_Development\GitHub\surveyproject_main_public\SurveyWAP\NSurveyAdmin\GlobalStats.aspx.cs:line 78
   at System.Web.UI.Control.OnLoad(EventArgs e)
   at System.Web.UI.Control.LoadRecursive()
   at System.Web.UI.Page.ProcessRequestMain(Boolean includeStagesBeforeAsyncPoint, Boolean includeStagesAfterAsyncPoint)
Exception Type: System.Web.HttpUnhandledException
Exception: Exception of type 'System.Web.HttpUnhandledException' was thrown.
Source: Application_Error Generic - Global.asax
Stack Trace: 
   at System.Web.UI.Page.HandleError(Exception e)
   at System.Web.UI.Page.ProcessRequestMain(Boolean includeStagesBeforeAsyncPoint, Boolean includeStagesAfterAsyncPoint)
   at System.Web.UI.Page.ProcessRequest(Boolean includeStagesBeforeAsyncPoint, Boolean includeStagesAfterAsyncPoint)
   at System.Web.UI.Page.ProcessRequest()
   at System.Web.UI.Page.ProcessRequest(HttpContext context)
   at ASP.nsurveyadmin_globalstats_aspx.ProcessRequest(HttpContext context) in c:\Windows\Microsoft.NET\Framework64\v4.0.30319\Temporary ASP.NET Files\sp25dev\ae53a15b\4d163bda\App_Web_2o50nqln.3.cs:line 0
   at System.Web.HttpApplication.CallHandlerExecutionStep.System.Web.HttpApplication.IExecutionStep.Execute()
   at System.Web.HttpApplication.ExecuteStepImpl(IExecutionStep step)
   at System.Web.HttpApplication.ExecuteStep(IExecutionStep step, Boolean& completedSynchronously)

********** 12/10/2017 10:11:03 PM **********
Inner Exception Type: System.Data.StrongTypingException
Inner Exception: The value for column 'OpenDate' in table 'Surveys' is DBNull.
Inner Source: SurveyProject.BusinessEntities
Inner Stack Trace: 
   at Votations.NSurvey.Data.SurveyData.SurveysRow.get_OpenDate() in D:\04_Development\GitHub\surveyproject_main_public\Reflector\Nsurvey_BE\Votations.NSurvey.Data\SurveyData1.Designer.cs:line 1127
   at Votations.NSurvey.WebAdmin.GlobalStats.FillFields() in D:\04_Development\GitHub\surveyproject_main_public\SurveyWAP\NSurveyAdmin\GlobalStats.aspx.cs:line 210
   at Votations.NSurvey.WebAdmin.GlobalStats.Page_Load(Object sender, EventArgs e) in D:\04_Development\GitHub\surveyproject_main_public\SurveyWAP\NSurveyAdmin\GlobalStats.aspx.cs:line 78
   at System.Web.UI.Control.OnLoad(EventArgs e)
   at System.Web.UI.Control.LoadRecursive()
   at System.Web.UI.Page.ProcessRequestMain(Boolean includeStagesBeforeAsyncPoint, Boolean includeStagesAfterAsyncPoint)
Exception Type: System.Web.HttpUnhandledException
Exception: Exception of type 'System.Web.HttpUnhandledException' was thrown.
Source: Application_Error UNKNOWN Global.asax
Stack Trace: 
   at System.Web.UI.Page.HandleError(Exception e)
   at System.Web.UI.Page.ProcessRequestMain(Boolean includeStagesBeforeAsyncPoint, Boolean includeStagesAfterAsyncPoint)
   at System.Web.UI.Page.ProcessRequest(Boolean includeStagesBeforeAsyncPoint, Boolean includeStagesAfterAsyncPoint)
   at System.Web.UI.Page.ProcessRequest()
   at System.Web.UI.Page.ProcessRequest(HttpContext context)
   at ASP.nsurveyadmin_globalstats_aspx.ProcessRequest(HttpContext context) in c:\Windows\Microsoft.NET\Framework64\v4.0.30319\Temporary ASP.NET Files\sp25dev\ae53a15b\4d163bda\App_Web_2o50nqln.3.cs:line 0
   at System.Web.HttpApplication.CallHandlerExecutionStep.System.Web.HttpApplication.IExecutionStep.Execute()
   at System.Web.HttpApplication.ExecuteStepImpl(IExecutionStep step)
   at System.Web.HttpApplication.ExecuteStep(IExecutionStep step, Boolean& completedSynchronously)

********** 12/10/2017 10:17:58 PM **********
Inner Exception Type: System.Data.StrongTypingException
Inner Exception: The value for column 'OpenDate' in table 'Surveys' is DBNull.
Inner Source: SurveyProject.BusinessEntities
Inner Stack Trace: 
   at Votations.NSurvey.Data.SurveyData.SurveysRow.get_OpenDate() in D:\04_Development\GitHub\surveyproject_main_public\Reflector\Nsurvey_BE\Votations.NSurvey.Data\SurveyData1.Designer.cs:line 1127
   at Votations.NSurvey.WebAdmin.GlobalStats.FillFields() in D:\04_Development\GitHub\surveyproject_main_public\SurveyWAP\NSurveyAdmin\GlobalStats.aspx.cs:line 209
   at Votations.NSurvey.WebAdmin.GlobalStats.Page_Load(Object sender, EventArgs e) in D:\04_Development\GitHub\surveyproject_main_public\SurveyWAP\NSurveyAdmin\GlobalStats.aspx.cs:line 78
   at System.Web.UI.Control.OnLoad(EventArgs e)
   at System.Web.UI.Control.LoadRecursive()
   at System.Web.UI.Page.ProcessRequestMain(Boolean includeStagesBeforeAsyncPoint, Boolean includeStagesAfterAsyncPoint)
Exception Type: System.Web.HttpUnhandledException
Exception: Exception of type 'System.Web.HttpUnhandledException' was thrown.
Source: Application_Error Generic - Global.asax
Stack Trace: 
   at System.Web.UI.Page.HandleError(Exception e)
   at System.Web.UI.Page.ProcessRequestMain(Boolean includeStagesBeforeAsyncPoint, Boolean includeStagesAfterAsyncPoint)
   at System.Web.UI.Page.ProcessRequest(Boolean includeStagesBeforeAsyncPoint, Boolean includeStagesAfterAsyncPoint)
   at System.Web.UI.Page.ProcessRequest()
   at System.Web.UI.Page.ProcessRequest(HttpContext context)
   at ASP.nsurveyadmin_globalstats_aspx.ProcessRequest(HttpContext context) in c:\Windows\Microsoft.NET\Framework64\v4.0.30319\Temporary ASP.NET Files\sp25dev\ae53a15b\4d163bda\App_Web_yq22o5mw.0.cs:line 0
   at System.Web.HttpApplication.CallHandlerExecutionStep.System.Web.HttpApplication.IExecutionStep.Execute()
   at System.Web.HttpApplication.ExecuteStepImpl(IExecutionStep step)
   at System.Web.HttpApplication.ExecuteStep(IExecutionStep step, Boolean& completedSynchronously)

********** 12/10/2017 10:17:58 PM **********
Inner Exception Type: System.Data.StrongTypingException
Inner Exception: The value for column 'OpenDate' in table 'Surveys' is DBNull.
Inner Source: SurveyProject.BusinessEntities
Inner Stack Trace: 
   at Votations.NSurvey.Data.SurveyData.SurveysRow.get_OpenDate() in D:\04_Development\GitHub\surveyproject_main_public\Reflector\Nsurvey_BE\Votations.NSurvey.Data\SurveyData1.Designer.cs:line 1127
   at Votations.NSurvey.WebAdmin.GlobalStats.FillFields() in D:\04_Development\GitHub\surveyproject_main_public\SurveyWAP\NSurveyAdmin\GlobalStats.aspx.cs:line 209
   at Votations.NSurvey.WebAdmin.GlobalStats.Page_Load(Object sender, EventArgs e) in D:\04_Development\GitHub\surveyproject_main_public\SurveyWAP\NSurveyAdmin\GlobalStats.aspx.cs:line 78
   at System.Web.UI.Control.OnLoad(EventArgs e)
   at System.Web.UI.Control.LoadRecursive()
   at System.Web.UI.Page.ProcessRequestMain(Boolean includeStagesBeforeAsyncPoint, Boolean includeStagesAfterAsyncPoint)
Exception Type: System.Web.HttpUnhandledException
Exception: Exception of type 'System.Web.HttpUnhandledException' was thrown.
Source: Application_Error UNKNOWN Global.asax
Stack Trace: 
   at System.Web.UI.Page.HandleError(Exception e)
   at System.Web.UI.Page.ProcessRequestMain(Boolean includeStagesBeforeAsyncPoint, Boolean includeStagesAfterAsyncPoint)
   at System.Web.UI.Page.ProcessRequest(Boolean includeStagesBeforeAsyncPoint, Boolean includeStagesAfterAsyncPoint)
   at System.Web.UI.Page.ProcessRequest()
   at System.Web.UI.Page.ProcessRequest(HttpContext context)
   at ASP.nsurveyadmin_globalstats_aspx.ProcessRequest(HttpContext context) in c:\Windows\Microsoft.NET\Framework64\v4.0.30319\Temporary ASP.NET Files\sp25dev\ae53a15b\4d163bda\App_Web_yq22o5mw.0.cs:line 0
   at System.Web.HttpApplication.CallHandlerExecutionStep.System.Web.HttpApplication.IExecutionStep.Execute()
   at System.Web.HttpApplication.ExecuteStepImpl(IExecutionStep step)
   at System.Web.HttpApplication.ExecuteStep(IExecutionStep step, Boolean& completedSynchronously)

********** 12/10/2017 10:18:24 PM **********
Inner Exception Type: System.Data.StrongTypingException
Inner Exception: The value for column 'OpenDate' in table 'Surveys' is DBNull.
Inner Source: SurveyProject.BusinessEntities
Inner Stack Trace: 
   at Votations.NSurvey.Data.SurveyData.SurveysRow.get_OpenDate() in D:\04_Development\GitHub\surveyproject_main_public\Reflector\Nsurvey_BE\Votations.NSurvey.Data\SurveyData1.Designer.cs:line 1127
   at Votations.NSurvey.WebAdmin.GlobalStats.FillFields() in D:\04_Development\GitHub\surveyproject_main_public\SurveyWAP\NSurveyAdmin\GlobalStats.aspx.cs:line 209
   at Votations.NSurvey.WebAdmin.GlobalStats.Page_Load(Object sender, EventArgs e) in D:\04_Development\GitHub\surveyproject_main_public\SurveyWAP\NSurveyAdmin\GlobalStats.aspx.cs:line 78
   at System.Web.UI.Control.OnLoad(EventArgs e)
   at System.Web.UI.Control.LoadRecursive()
   at System.Web.UI.Page.ProcessRequestMain(Boolean includeStagesBeforeAsyncPoint, Boolean includeStagesAfterAsyncPoint)
Exception Type: System.Web.HttpUnhandledException
Exception: Exception of type 'System.Web.HttpUnhandledException' was thrown.
Source: Application_Error Generic - Global.asax
Stack Trace: 
   at System.Web.UI.Page.HandleError(Exception e)
   at System.Web.UI.Page.ProcessRequestMain(Boolean includeStagesBeforeAsyncPoint, Boolean includeStagesAfterAsyncPoint)
   at System.Web.UI.Page.ProcessRequest(Boolean includeStagesBeforeAsyncPoint, Boolean includeStagesAfterAsyncPoint)
   at System.Web.UI.Page.ProcessRequest()
   at System.Web.UI.Page.ProcessRequest(HttpContext context)
   at ASP.nsurveyadmin_globalstats_aspx.ProcessRequest(HttpContext context) in c:\Windows\Microsoft.NET\Framework64\v4.0.30319\Temporary ASP.NET Files\sp25dev\ae53a15b\4d163bda\App_Web_yq22o5mw.0.cs:line 0
   at System.Web.HttpApplication.CallHandlerExecutionStep.System.Web.HttpApplication.IExecutionStep.Execute()
   at System.Web.HttpApplication.ExecuteStepImpl(IExecutionStep step)
   at System.Web.HttpApplication.ExecuteStep(IExecutionStep step, Boolean& completedSynchronously)

********** 12/10/2017 10:18:24 PM **********
Inner Exception Type: System.Data.StrongTypingException
Inner Exception: The value for column 'OpenDate' in table 'Surveys' is DBNull.
Inner Source: SurveyProject.BusinessEntities
Inner Stack Trace: 
   at Votations.NSurvey.Data.SurveyData.SurveysRow.get_OpenDate() in D:\04_Development\GitHub\surveyproject_main_public\Reflector\Nsurvey_BE\Votations.NSurvey.Data\SurveyData1.Designer.cs:line 1127
   at Votations.NSurvey.WebAdmin.GlobalStats.FillFields() in D:\04_Development\GitHub\surveyproject_main_public\SurveyWAP\NSurveyAdmin\GlobalStats.aspx.cs:line 209
   at Votations.NSurvey.WebAdmin.GlobalStats.Page_Load(Object sender, EventArgs e) in D:\04_Development\GitHub\surveyproject_main_public\SurveyWAP\NSurveyAdmin\GlobalStats.aspx.cs:line 78
   at System.Web.UI.Control.OnLoad(EventArgs e)
   at System.Web.UI.Control.LoadRecursive()
   at System.Web.UI.Page.ProcessRequestMain(Boolean includeStagesBeforeAsyncPoint, Boolean includeStagesAfterAsyncPoint)
Exception Type: System.Web.HttpUnhandledException
Exception: Exception of type 'System.Web.HttpUnhandledException' was thrown.
Source: Application_Error UNKNOWN Global.asax
Stack Trace: 
   at System.Web.UI.Page.HandleError(Exception e)
   at System.Web.UI.Page.ProcessRequestMain(Boolean includeStagesBeforeAsyncPoint, Boolean includeStagesAfterAsyncPoint)
   at System.Web.UI.Page.ProcessRequest(Boolean includeStagesBeforeAsyncPoint, Boolean includeStagesAfterAsyncPoint)
   at System.Web.UI.Page.ProcessRequest()
   at System.Web.UI.Page.ProcessRequest(HttpContext context)
   at ASP.nsurveyadmin_globalstats_aspx.ProcessRequest(HttpContext context) in c:\Windows\Microsoft.NET\Framework64\v4.0.30319\Temporary ASP.NET Files\sp25dev\ae53a15b\4d163bda\App_Web_yq22o5mw.0.cs:line 0
   at System.Web.HttpApplication.CallHandlerExecutionStep.System.Web.HttpApplication.IExecutionStep.Execute()
   at System.Web.HttpApplication.ExecuteStepImpl(IExecutionStep step)
   at System.Web.HttpApplication.ExecuteStep(IExecutionStep step, Boolean& completedSynchronously)

********** 12/10/2017 10:31:04 PM **********
Inner Exception Type: System.Data.StrongTypingException
Inner Exception: The value for column 'OpenDate' in table 'Surveys' is DBNull.
Inner Source: SurveyProject.BusinessEntities
Inner Stack Trace: 
   at Votations.NSurvey.Data.SurveyData.SurveysRow.get_OpenDate() in D:\04_Development\GitHub\surveyproject_main_public\Reflector\Nsurvey_BE\Votations.NSurvey.Data\SurveyData1.Designer.cs:line 1127
   at Votations.NSurvey.WebAdmin.GlobalStats.FillFields() in D:\04_Development\GitHub\surveyproject_main_public\SurveyWAP\NSurveyAdmin\GlobalStats.aspx.cs:line 209
   at Votations.NSurvey.WebAdmin.GlobalStats.Page_Load(Object sender, EventArgs e) in D:\04_Development\GitHub\surveyproject_main_public\SurveyWAP\NSurveyAdmin\GlobalStats.aspx.cs:line 78
   at System.Web.UI.Control.OnLoad(EventArgs e)
   at System.Web.UI.Control.LoadRecursive()
   at System.Web.UI.Page.ProcessRequestMain(Boolean includeStagesBeforeAsyncPoint, Boolean includeStagesAfterAsyncPoint)
Exception Type: System.Web.HttpUnhandledException
Exception: Exception of type 'System.Web.HttpUnhandledException' was thrown.
Source: Application_Error Generic - Global.asax
Stack Trace: 
   at System.Web.UI.Page.HandleError(Exception e)
   at System.Web.UI.Page.ProcessRequestMain(Boolean includeStagesBeforeAsyncPoint, Boolean includeStagesAfterAsyncPoint)
   at System.Web.UI.Page.ProcessRequest(Boolean includeStagesBeforeAsyncPoint, Boolean includeStagesAfterAsyncPoint)
   at System.Web.UI.Page.ProcessRequest()
   at System.Web.UI.Page.ProcessRequest(HttpContext context)
   at ASP.nsurveyadmin_globalstats_aspx.ProcessRequest(HttpContext context) in c:\Windows\Microsoft.NET\Framework64\v4.0.30319\Temporary ASP.NET Files\sp25dev\ae53a15b\4d163bda\App_Web_p5runtku.1.cs:line 0
   at System.Web.HttpApplication.CallHandlerExecutionStep.System.Web.HttpApplication.IExecutionStep.Execute()
   at System.Web.HttpApplication.ExecuteStepImpl(IExecutionStep step)
   at System.Web.HttpApplication.ExecuteStep(IExecutionStep step, Boolean& completedSynchronously)

********** 12/10/2017 10:31:04 PM **********
Inner Exception Type: System.Data.StrongTypingException
Inner Exception: The value for column 'OpenDate' in table 'Surveys' is DBNull.
Inner Source: SurveyProject.BusinessEntities
Inner Stack Trace: 
   at Votations.NSurvey.Data.SurveyData.SurveysRow.get_OpenDate() in D:\04_Development\GitHub\surveyproject_main_public\Reflector\Nsurvey_BE\Votations.NSurvey.Data\SurveyData1.Designer.cs:line 1127
   at Votations.NSurvey.WebAdmin.GlobalStats.FillFields() in D:\04_Development\GitHub\surveyproject_main_public\SurveyWAP\NSurveyAdmin\GlobalStats.aspx.cs:line 209
   at Votations.NSurvey.WebAdmin.GlobalStats.Page_Load(Object sender, EventArgs e) in D:\04_Development\GitHub\surveyproject_main_public\SurveyWAP\NSurveyAdmin\GlobalStats.aspx.cs:line 78
   at System.Web.UI.Control.OnLoad(EventArgs e)
   at System.Web.UI.Control.LoadRecursive()
   at System.Web.UI.Page.ProcessRequestMain(Boolean includeStagesBeforeAsyncPoint, Boolean includeStagesAfterAsyncPoint)
Exception Type: System.Web.HttpUnhandledException
Exception: Exception of type 'System.Web.HttpUnhandledException' was thrown.
Source: Application_Error UNKNOWN Global.asax
Stack Trace: 
   at System.Web.UI.Page.HandleError(Exception e)
   at System.Web.UI.Page.ProcessRequestMain(Boolean includeStagesBeforeAsyncPoint, Boolean includeStagesAfterAsyncPoint)
   at System.Web.UI.Page.ProcessRequest(Boolean includeStagesBeforeAsyncPoint, Boolean includeStagesAfterAsyncPoint)
   at System.Web.UI.Page.ProcessRequest()
   at System.Web.UI.Page.ProcessRequest(HttpContext context)
   at ASP.nsurveyadmin_globalstats_aspx.ProcessRequest(HttpContext context) in c:\Windows\Microsoft.NET\Framework64\v4.0.30319\Temporary ASP.NET Files\sp25dev\ae53a15b\4d163bda\App_Web_p5runtku.1.cs:line 0
   at System.Web.HttpApplication.CallHandlerExecutionStep.System.Web.HttpApplication.IExecutionStep.Execute()
   at System.Web.HttpApplication.ExecuteStepImpl(IExecutionStep step)
   at System.Web.HttpApplication.ExecuteStep(IExecutionStep step, Boolean& completedSynchronously)

********** 12/10/2017 10:50:33 PM **********
Inner Exception Type: System.Data.StrongTypingException
Inner Exception: The value for column 'OpenDate' in table 'Surveys' is DBNull.
Inner Source: SurveyProject.BusinessEntities
Inner Stack Trace: 
   at Votations.NSurvey.Data.SurveyData.SurveysRow.get_OpenDate() in D:\04_Development\GitHub\surveyproject_main_public\Reflector\Nsurvey_BE\Votations.NSurvey.Data\SurveyData1.Designer.cs:line 1127
   at Votations.NSurvey.WebAdmin.GlobalStats.FillFields() in D:\04_Development\GitHub\surveyproject_main_public\SurveyWAP\NSurveyAdmin\GlobalStats.aspx.cs:line 209
   at Votations.NSurvey.WebAdmin.GlobalStats.Page_Load(Object sender, EventArgs e) in D:\04_Development\GitHub\surveyproject_main_public\SurveyWAP\NSurveyAdmin\GlobalStats.aspx.cs:line 78
   at System.Web.UI.Control.OnLoad(EventArgs e)
   at System.Web.UI.Control.LoadRecursive()
   at System.Web.UI.Page.ProcessRequestMain(Boolean includeStagesBeforeAsyncPoint, Boolean includeStagesAfterAsyncPoint)
Exception Type: System.Web.HttpUnhandledException
Exception: Exception of type 'System.Web.HttpUnhandledException' was thrown.
Source: Application_Error Generic - Global.asax
Stack Trace: 
   at System.Web.UI.Page.HandleError(Exception e)
   at System.Web.UI.Page.ProcessRequestMain(Boolean includeStagesBeforeAsyncPoint, Boolean includeStagesAfterAsyncPoint)
   at System.Web.UI.Page.ProcessRequest(Boolean includeStagesBeforeAsyncPoint, Boolean includeStagesAfterAsyncPoint)
   at System.Web.UI.Page.ProcessRequest()
   at System.Web.UI.Page.ProcessRequest(HttpContext context)
   at ASP.nsurveyadmin_globalstats_aspx.ProcessRequest(HttpContext context) in c:\Windows\Microsoft.NET\Framework64\v4.0.30319\Temporary ASP.NET Files\sp25dev\ae53a15b\4d163bda\App_Web_p5runtku.1.cs:line 0
   at System.Web.HttpApplication.CallHandlerExecutionStep.System.Web.HttpApplication.IExecutionStep.Execute()
   at System.Web.HttpApplication.ExecuteStepImpl(IExecutionStep step)
   at System.Web.HttpApplication.ExecuteStep(IExecutionStep step, Boolean& completedSynchronously)

********** 12/10/2017 10:50:33 PM **********
Inner Exception Type: System.Data.StrongTypingException
Inner Exception: The value for column 'OpenDate' in table 'Surveys' is DBNull.
Inner Source: SurveyProject.BusinessEntities
Inner Stack Trace: 
   at Votations.NSurvey.Data.SurveyData.SurveysRow.get_OpenDate() in D:\04_Development\GitHub\surveyproject_main_public\Reflector\Nsurvey_BE\Votations.NSurvey.Data\SurveyData1.Designer.cs:line 1127
   at Votations.NSurvey.WebAdmin.GlobalStats.FillFields() in D:\04_Development\GitHub\surveyproject_main_public\SurveyWAP\NSurveyAdmin\GlobalStats.aspx.cs:line 209
   at Votations.NSurvey.WebAdmin.GlobalStats.Page_Load(Object sender, EventArgs e) in D:\04_Development\GitHub\surveyproject_main_public\SurveyWAP\NSurveyAdmin\GlobalStats.aspx.cs:line 78
   at System.Web.UI.Control.OnLoad(EventArgs e)
   at System.Web.UI.Control.LoadRecursive()
   at System.Web.UI.Page.ProcessRequestMain(Boolean includeStagesBeforeAsyncPoint, Boolean includeStagesAfterAsyncPoint)
Exception Type: System.Web.HttpUnhandledException
Exception: Exception of type 'System.Web.HttpUnhandledException' was thrown.
Source: Application_Error UNKNOWN Global.asax
Stack Trace: 
   at System.Web.UI.Page.HandleError(Exception e)
   at System.Web.UI.Page.ProcessRequestMain(Boolean includeStagesBeforeAsyncPoint, Boolean includeStagesAfterAsyncPoint)
   at System.Web.UI.Page.ProcessRequest(Boolean includeStagesBeforeAsyncPoint, Boolean includeStagesAfterAsyncPoint)
   at System.Web.UI.Page.ProcessRequest()
   at System.Web.UI.Page.ProcessRequest(HttpContext context)
   at ASP.nsurveyadmin_globalstats_aspx.ProcessRequest(HttpContext context) in c:\Windows\Microsoft.NET\Framework64\v4.0.30319\Temporary ASP.NET Files\sp25dev\ae53a15b\4d163bda\App_Web_p5runtku.1.cs:line 0
   at System.Web.HttpApplication.CallHandlerExecutionStep.System.Web.HttpApplication.IExecutionStep.Execute()
   at System.Web.HttpApplication.ExecuteStepImpl(IExecutionStep step)
   at System.Web.HttpApplication.ExecuteStep(IExecutionStep step, Boolean& completedSynchronously)

********** 12/10/2017 10:50:38 PM **********
Inner Exception Type: System.Data.StrongTypingException
Inner Exception: The value for column 'OpenDate' in table 'Surveys' is DBNull.
Inner Source: SurveyProject.BusinessEntities
Inner Stack Trace: 
   at Votations.NSurvey.Data.SurveyData.SurveysRow.get_OpenDate() in D:\04_Development\GitHub\surveyproject_main_public\Reflector\Nsurvey_BE\Votations.NSurvey.Data\SurveyData1.Designer.cs:line 1127
   at Votations.NSurvey.WebAdmin.GlobalStats.FillFields() in D:\04_Development\GitHub\surveyproject_main_public\SurveyWAP\NSurveyAdmin\GlobalStats.aspx.cs:line 209
   at Votations.NSurvey.WebAdmin.GlobalStats.Page_Load(Object sender, EventArgs e) in D:\04_Development\GitHub\surveyproject_main_public\SurveyWAP\NSurveyAdmin\GlobalStats.aspx.cs:line 78
   at System.Web.UI.Control.OnLoad(EventArgs e)
   at System.Web.UI.Control.LoadRecursive()
   at System.Web.UI.Page.ProcessRequestMain(Boolean includeStagesBeforeAsyncPoint, Boolean includeStagesAfterAsyncPoint)
Exception Type: System.Web.HttpUnhandledException
Exception: Exception of type 'System.Web.HttpUnhandledException' was thrown.
Source: Application_Error Generic - Global.asax
Stack Trace: 
   at System.Web.UI.Page.HandleError(Exception e)
   at System.Web.UI.Page.ProcessRequestMain(Boolean includeStagesBeforeAsyncPoint, Boolean includeStagesAfterAsyncPoint)
   at System.Web.UI.Page.ProcessRequest(Boolean includeStagesBeforeAsyncPoint, Boolean includeStagesAfterAsyncPoint)
   at System.Web.UI.Page.ProcessRequest()
   at System.Web.UI.Page.ProcessRequest(HttpContext context)
   at ASP.nsurveyadmin_globalstats_aspx.ProcessRequest(HttpContext context) in c:\Windows\Microsoft.NET\Framework64\v4.0.30319\Temporary ASP.NET Files\sp25dev\ae53a15b\4d163bda\App_Web_p5runtku.1.cs:line 0
   at System.Web.HttpApplication.CallHandlerExecutionStep.System.Web.HttpApplication.IExecutionStep.Execute()
   at System.Web.HttpApplication.ExecuteStepImpl(IExecutionStep step)
   at System.Web.HttpApplication.ExecuteStep(IExecutionStep step, Boolean& completedSynchronously)

********** 12/10/2017 10:50:38 PM **********
Inner Exception Type: System.Data.StrongTypingException
Inner Exception: The value for column 'OpenDate' in table 'Surveys' is DBNull.
Inner Source: SurveyProject.BusinessEntities
Inner Stack Trace: 
   at Votations.NSurvey.Data.SurveyData.SurveysRow.get_OpenDate() in D:\04_Development\GitHub\surveyproject_main_public\Reflector\Nsurvey_BE\Votations.NSurvey.Data\SurveyData1.Designer.cs:line 1127
   at Votations.NSurvey.WebAdmin.GlobalStats.FillFields() in D:\04_Development\GitHub\surveyproject_main_public\SurveyWAP\NSurveyAdmin\GlobalStats.aspx.cs:line 209
   at Votations.NSurvey.WebAdmin.GlobalStats.Page_Load(Object sender, EventArgs e) in D:\04_Development\GitHub\surveyproject_main_public\SurveyWAP\NSurveyAdmin\GlobalStats.aspx.cs:line 78
   at System.Web.UI.Control.OnLoad(EventArgs e)
   at System.Web.UI.Control.LoadRecursive()
   at System.Web.UI.Page.ProcessRequestMain(Boolean includeStagesBeforeAsyncPoint, Boolean includeStagesAfterAsyncPoint)
Exception Type: System.Web.HttpUnhandledException
Exception: Exception of type 'System.Web.HttpUnhandledException' was thrown.
Source: Application_Error UNKNOWN Global.asax
Stack Trace: 
   at System.Web.UI.Page.HandleError(Exception e)
   at System.Web.UI.Page.ProcessRequestMain(Boolean includeStagesBeforeAsyncPoint, Boolean includeStagesAfterAsyncPoint)
   at System.Web.UI.Page.ProcessRequest(Boolean includeStagesBeforeAsyncPoint, Boolean includeStagesAfterAsyncPoint)
   at System.Web.UI.Page.ProcessRequest()
   at System.Web.UI.Page.ProcessRequest(HttpContext context)
   at ASP.nsurveyadmin_globalstats_aspx.ProcessRequest(HttpContext context) in c:\Windows\Microsoft.NET\Framework64\v4.0.30319\Temporary ASP.NET Files\sp25dev\ae53a15b\4d163bda\App_Web_p5runtku.1.cs:line 0
   at System.Web.HttpApplication.CallHandlerExecutionStep.System.Web.HttpApplication.IExecutionStep.Execute()
   at System.Web.HttpApplication.ExecuteStepImpl(IExecutionStep step)
   at System.Web.HttpApplication.ExecuteStep(IExecutionStep step, Boolean& completedSynchronously)

********** 12/10/2017 10:52:40 PM **********
Inner Exception Type: System.Data.StrongTypingException
Inner Exception: The value for column 'CloseDate' in table 'Surveys' is DBNull.
Inner Source: SurveyProject.BusinessEntities
Inner Stack Trace: 
   at Votations.NSurvey.Data.SurveyData.SurveysRow.get_CloseDate() in D:\04_Development\GitHub\surveyproject_main_public\Reflector\Nsurvey_BE\Votations.NSurvey.Data\SurveyData1.Designer.cs:line 1143
   at Votations.NSurvey.WebAdmin.GlobalStats.FillFields() in D:\04_Development\GitHub\surveyproject_main_public\SurveyWAP\NSurveyAdmin\GlobalStats.aspx.cs:line 214
   at Votations.NSurvey.WebAdmin.GlobalStats.Page_Load(Object sender, EventArgs e) in D:\04_Development\GitHub\surveyproject_main_public\SurveyWAP\NSurveyAdmin\GlobalStats.aspx.cs:line 78
   at System.Web.UI.Control.OnLoad(EventArgs e)
   at System.Web.UI.Control.LoadRecursive()
   at System.Web.UI.Page.ProcessRequestMain(Boolean includeStagesBeforeAsyncPoint, Boolean includeStagesAfterAsyncPoint)
Exception Type: System.Web.HttpUnhandledException
Exception: Exception of type 'System.Web.HttpUnhandledException' was thrown.
Source: Application_Error Generic - Global.asax
Stack Trace: 
   at System.Web.UI.Page.HandleError(Exception e)
   at System.Web.UI.Page.ProcessRequestMain(Boolean includeStagesBeforeAsyncPoint, Boolean includeStagesAfterAsyncPoint)
   at System.Web.UI.Page.ProcessRequest(Boolean includeStagesBeforeAsyncPoint, Boolean includeStagesAfterAsyncPoint)
   at System.Web.UI.Page.ProcessRequest()
   at System.Web.UI.Page.ProcessRequest(HttpContext context)
   at ASP.nsurveyadmin_globalstats_aspx.ProcessRequest(HttpContext context) in c:\Windows\Microsoft.NET\Framework64\v4.0.30319\Temporary ASP.NET Files\sp25dev\ae53a15b\4d163bda\App_Web_i0x3hazy.10.cs:line 0
   at System.Web.HttpApplication.CallHandlerExecutionStep.System.Web.HttpApplication.IExecutionStep.Execute()
   at System.Web.HttpApplication.ExecuteStepImpl(IExecutionStep step)
   at System.Web.HttpApplication.ExecuteStep(IExecutionStep step, Boolean& completedSynchronously)

********** 12/10/2017 10:52:40 PM **********
Inner Exception Type: System.Data.StrongTypingException
Inner Exception: The value for column 'CloseDate' in table 'Surveys' is DBNull.
Inner Source: SurveyProject.BusinessEntities
Inner Stack Trace: 
   at Votations.NSurvey.Data.SurveyData.SurveysRow.get_CloseDate() in D:\04_Development\GitHub\surveyproject_main_public\Reflector\Nsurvey_BE\Votations.NSurvey.Data\SurveyData1.Designer.cs:line 1143
   at Votations.NSurvey.WebAdmin.GlobalStats.FillFields() in D:\04_Development\GitHub\surveyproject_main_public\SurveyWAP\NSurveyAdmin\GlobalStats.aspx.cs:line 214
   at Votations.NSurvey.WebAdmin.GlobalStats.Page_Load(Object sender, EventArgs e) in D:\04_Development\GitHub\surveyproject_main_public\SurveyWAP\NSurveyAdmin\GlobalStats.aspx.cs:line 78
   at System.Web.UI.Control.OnLoad(EventArgs e)
   at System.Web.UI.Control.LoadRecursive()
   at System.Web.UI.Page.ProcessRequestMain(Boolean includeStagesBeforeAsyncPoint, Boolean includeStagesAfterAsyncPoint)
Exception Type: System.Web.HttpUnhandledException
Exception: Exception of type 'System.Web.HttpUnhandledException' was thrown.
Source: Application_Error UNKNOWN Global.asax
Stack Trace: 
   at System.Web.UI.Page.HandleError(Exception e)
   at System.Web.UI.Page.ProcessRequestMain(Boolean includeStagesBeforeAsyncPoint, Boolean includeStagesAfterAsyncPoint)
   at System.Web.UI.Page.ProcessRequest(Boolean includeStagesBeforeAsyncPoint, Boolean includeStagesAfterAsyncPoint)
   at System.Web.UI.Page.ProcessRequest()
   at System.Web.UI.Page.ProcessRequest(HttpContext context)
   at ASP.nsurveyadmin_globalstats_aspx.ProcessRequest(HttpContext context) in c:\Windows\Microsoft.NET\Framework64\v4.0.30319\Temporary ASP.NET Files\sp25dev\ae53a15b\4d163bda\App_Web_i0x3hazy.10.cs:line 0
   at System.Web.HttpApplication.CallHandlerExecutionStep.System.Web.HttpApplication.IExecutionStep.Execute()
   at System.Web.HttpApplication.ExecuteStepImpl(IExecutionStep step)
   at System.Web.HttpApplication.ExecuteStep(IExecutionStep step, Boolean& completedSynchronously)

********** 12/11/2017 9:54:22 AM **********
Inner Exception Type: System.Data.StrongTypingException
Inner Exception: The value for column 'OpenDate' in table 'Surveys' is DBNull.
Inner Source: SurveyProject.BusinessEntities
Inner Stack Trace: 
   at Votations.NSurvey.Data.SurveyData.SurveysRow.get_OpenDate() in D:\04_Development\GitHub\surveyproject_main_public\Reflector\Nsurvey_BE\Votations.NSurvey.Data\SurveyData.Designer.cs:line 1127
   at Votations.NSurvey.WebAdmin.GlobalStats.ShowOpenCloseDates() in D:\04_Development\GitHub\surveyproject_main_public\SurveyWAP\NSurveyAdmin\GlobalStats.aspx.cs:line 136
   at Votations.NSurvey.WebAdmin.GlobalStats.Page_Load(Object sender, EventArgs e) in D:\04_Development\GitHub\surveyproject_main_public\SurveyWAP\NSurveyAdmin\GlobalStats.aspx.cs:line 81
   at System.Web.UI.Control.OnLoad(EventArgs e)
   at System.Web.UI.Control.LoadRecursive()
   at System.Web.UI.Page.ProcessRequestMain(Boolean includeStagesBeforeAsyncPoint, Boolean includeStagesAfterAsyncPoint)
Exception Type: System.Web.HttpUnhandledException
Exception: Exception of type 'System.Web.HttpUnhandledException' was thrown.
Source: Application_Error Generic - Global.asax
Stack Trace: 
   at System.Web.UI.Page.HandleError(Exception e)
   at System.Web.UI.Page.ProcessRequestMain(Boolean includeStagesBeforeAsyncPoint, Boolean includeStagesAfterAsyncPoint)
   at System.Web.UI.Page.ProcessRequest(Boolean includeStagesBeforeAsyncPoint, Boolean includeStagesAfterAsyncPoint)
   at System.Web.UI.Page.ProcessRequest()
   at System.Web.UI.Page.ProcessRequest(HttpContext context)
   at ASP.nsurveyadmin_globalstats_aspx.ProcessRequest(HttpContext context) in c:\Windows\Microsoft.NET\Framework64\v4.0.30319\Temporary ASP.NET Files\sp25dev\ae53a15b\4d163bda\App_Web_hoaaayh5.7.cs:line 0
   at System.Web.HttpApplication.CallHandlerExecutionStep.System.Web.HttpApplication.IExecutionStep.Execute()
   at System.Web.HttpApplication.ExecuteStepImpl(IExecutionStep step)
   at System.Web.HttpApplication.ExecuteStep(IExecutionStep step, Boolean& completedSynchronously)

********** 12/11/2017 9:54:22 AM **********
Inner Exception Type: System.Data.StrongTypingException
Inner Exception: The value for column 'OpenDate' in table 'Surveys' is DBNull.
Inner Source: SurveyProject.BusinessEntities
Inner Stack Trace: 
   at Votations.NSurvey.Data.SurveyData.SurveysRow.get_OpenDate() in D:\04_Development\GitHub\surveyproject_main_public\Reflector\Nsurvey_BE\Votations.NSurvey.Data\SurveyData.Designer.cs:line 1127
   at Votations.NSurvey.WebAdmin.GlobalStats.ShowOpenCloseDates() in D:\04_Development\GitHub\surveyproject_main_public\SurveyWAP\NSurveyAdmin\GlobalStats.aspx.cs:line 136
   at Votations.NSurvey.WebAdmin.GlobalStats.Page_Load(Object sender, EventArgs e) in D:\04_Development\GitHub\surveyproject_main_public\SurveyWAP\NSurveyAdmin\GlobalStats.aspx.cs:line 81
   at System.Web.UI.Control.OnLoad(EventArgs e)
   at System.Web.UI.Control.LoadRecursive()
   at System.Web.UI.Page.ProcessRequestMain(Boolean includeStagesBeforeAsyncPoint, Boolean includeStagesAfterAsyncPoint)
Exception Type: System.Web.HttpUnhandledException
Exception: Exception of type 'System.Web.HttpUnhandledException' was thrown.
Source: Application_Error UNKNOWN Global.asax
Stack Trace: 
   at System.Web.UI.Page.HandleError(Exception e)
   at System.Web.UI.Page.ProcessRequestMain(Boolean includeStagesBeforeAsyncPoint, Boolean includeStagesAfterAsyncPoint)
   at System.Web.UI.Page.ProcessRequest(Boolean includeStagesBeforeAsyncPoint, Boolean includeStagesAfterAsyncPoint)
   at System.Web.UI.Page.ProcessRequest()
   at System.Web.UI.Page.ProcessRequest(HttpContext context)
   at ASP.nsurveyadmin_globalstats_aspx.ProcessRequest(HttpContext context) in c:\Windows\Microsoft.NET\Framework64\v4.0.30319\Temporary ASP.NET Files\sp25dev\ae53a15b\4d163bda\App_Web_hoaaayh5.7.cs:line 0
   at System.Web.HttpApplication.CallHandlerExecutionStep.System.Web.HttpApplication.IExecutionStep.Execute()
   at System.Web.HttpApplication.ExecuteStepImpl(IExecutionStep step)
   at System.Web.HttpApplication.ExecuteStep(IExecutionStep step, Boolean& completedSynchronously)

